Using pre-set license
Built from '2022.3/release' branch; Version is '2022.3.12f1 (4fe6e059c7ef) revision 5236448'; Using compiler version '192829333'; Build Type 'Release'
OS: 'Windows 11  (10.0.22621) 64bit Professional' Language: 'ru' Physical Memory: 32680 MB
BatchMode: 1, IsHumanControllingUs: 0, StartBugReporterOnCrash: 0, Is64bit: 1, IsPro: 1

COMMAND LINE ARGUMENTS:
C:\Program Files\Unity\Hub\Editor\2022.3.12f1\Editor\Unity.exe
-adb2
-batchMode
-noUpm
-name
AssetImportWorker13
-projectPath
E:/Work/GitLab/playtime_shooter/PlayeTime_Shooter
-logFile
Logs/AssetImportWorker13.log
-srvPort
50725
Successfully changed project path to: E:/Work/GitLab/playtime_shooter/PlayeTime_Shooter
E:/Work/GitLab/playtime_shooter/PlayeTime_Shooter
[UnityMemory] Configuration Parameters - Can be set up in boot.config
    "memorysetup-bucket-allocator-granularity=16"
    "memorysetup-bucket-allocator-bucket-count=8"
    "memorysetup-bucket-allocator-block-size=33554432"
    "memorysetup-bucket-allocator-block-count=8"
    "memorysetup-main-allocator-block-size=16777216"
    "memorysetup-thread-allocator-block-size=16777216"
    "memorysetup-gfx-main-allocator-block-size=16777216"
    "memorysetup-gfx-thread-allocator-block-size=16777216"
    "memorysetup-cache-allocator-block-size=4194304"
    "memorysetup-typetree-allocator-block-size=2097152"
    "memorysetup-profiler-bucket-allocator-granularity=16"
    "memorysetup-profiler-bucket-allocator-bucket-count=8"
    "memorysetup-profiler-bucket-allocator-block-size=33554432"
    "memorysetup-profiler-bucket-allocator-block-count=8"
    "memorysetup-profiler-allocator-block-size=16777216"
    "memorysetup-profiler-editor-allocator-block-size=1048576"
    "memorysetup-temp-allocator-size-main=16777216"
    "memorysetup-job-temp-allocator-block-size=2097152"
    "memorysetup-job-temp-allocator-block-size-background=1048576"
    "memorysetup-job-temp-allocator-reduction-small-platforms=262144"
    "memorysetup-allocator-temp-initial-block-size-main=262144"
    "memorysetup-allocator-temp-initial-block-size-worker=262144"
    "memorysetup-temp-allocator-size-background-worker=32768"
    "memorysetup-temp-allocator-size-job-worker=262144"
    "memorysetup-temp-allocator-size-preload-manager=33554432"
    "memorysetup-temp-allocator-size-nav-mesh-worker=65536"
    "memorysetup-temp-allocator-size-audio-worker=65536"
    "memorysetup-temp-allocator-size-cloud-worker=32768"
    "memorysetup-temp-allocator-size-gi-baking-worker=262144"
    "memorysetup-temp-allocator-size-gfx=262144"
Player connection [28808] Host "[IP] 192.168.1.183 [Port] 0 [Flags] 2 [Guid] 481714296 [EditorId] 481714296 [Version] 1048832 [Id] WindowsEditor(7,R) [Debug] 1 [PackageName] WindowsEditor [ProjectName] Editor" joined multi-casting on [225.0.0.222:54997]...

Player connection [28808] Host "[IP] 192.168.1.183 [Port] 0 [Flags] 2 [Guid] 481714296 [EditorId] 481714296 [Version] 1048832 [Id] WindowsEditor(7,R) [Debug] 1 [PackageName] WindowsEditor [ProjectName] Editor" joined alternative multi-casting on [225.0.0.222:34997]...

[Physics::Module] Initialized MultithreadedJobDispatcher with 11 workers.
Refreshing native plugins compatible for Editor in 8.87 ms, found 7 plugins.
Preloading 0 native plugins for Editor in 0.00 ms.
Initialize engine version: 2022.3.12f1 (4fe6e059c7ef)
[Subsystems] Discovering subsystems at path C:/Program Files/Unity/Hub/Editor/2022.3.12f1/Editor/Data/Resources/UnitySubsystems
[Subsystems] Discovering subsystems at path E:/Work/GitLab/playtime_shooter/PlayeTime_Shooter/Assets
GfxDevice: creating device client; threaded=0; jobified=0
Direct3D:
    Version:  Direct3D 11.0 [level 11.1]
    Renderer: NVIDIA GeForce RTX 3060 (ID=0x2503)
    Vendor:   NVIDIA
    VRAM:     12143 MB
    Driver:   27.21.14.6172
Shader 'MoreMountains/MMRipple': fallback shader 'Particle/AlphaBlended' not found
Initialize mono
Mono path[0] = 'C:/Program Files/Unity/Hub/Editor/2022.3.12f1/Editor/Data/Managed'
Mono path[1] = 'C:/Program Files/Unity/Hub/Editor/2022.3.12f1/Editor/Data/MonoBleedingEdge/lib/mono/unityjit-win32'
Mono config path = 'C:/Program Files/Unity/Hub/Editor/2022.3.12f1/Editor/Data/MonoBleedingEdge/etc'
Using monoOptions --debugger-agent=transport=dt_socket,embedding=1,server=y,suspend=n,address=127.0.0.1:56280
Begin MonoManager ReloadAssembly
Registering precompiled unity dll's ...
Register platform support module: C:/Program Files/Unity/Hub/Editor/2022.3.12f1/Editor/Data/PlaybackEngines/AndroidPlayer/UnityEditor.Android.Extensions.dll
Register platform support module: C:/Program Files/Unity/Hub/Editor/2022.3.12f1/Editor/Data/PlaybackEngines/WindowsStandaloneSupport/UnityEditor.WindowsStandalone.Extensions.dll
Registered in 0.005373 seconds.
- Loaded All Assemblies, in  0.329 seconds
Native extension for WindowsStandalone target not found
Native extension for Android target not found
Android Extension - Scanning For ADB Devices 178 ms
Mono: successfully reloaded assembly
- Finished resetting the current domain, in  0.462 seconds
Domain Reload Profiling: 790ms
	BeginReloadAssembly (90ms)
		ExecutionOrderSort (0ms)
		DisableScriptedObjects (0ms)
		BackupInstance (0ms)
		ReleaseScriptingObjects (0ms)
		CreateAndSetChildDomain (1ms)
	RebuildCommonClasses (32ms)
	RebuildNativeTypeToScriptingClass (11ms)
	initialDomainReloadingComplete (56ms)
	LoadAllAssembliesAndSetupDomain (139ms)
		LoadAssemblies (89ms)
		RebuildTransferFunctionScriptingTraits (0ms)
		AnalyzeDomain (137ms)
			TypeCache.Refresh (136ms)
				TypeCache.ScanAssembly (124ms)
			ScanForSourceGeneratedMonoScriptInfo (0ms)
			ResolveRequiredComponents (0ms)
	FinalizeReload (462ms)
		ReleaseScriptCaches (0ms)
		RebuildScriptCaches (0ms)
		SetupLoadedEditorAssemblies (410ms)
			LogAssemblyErrors (0ms)
			InitializePlatformSupportModulesInManaged (276ms)
			SetLoadedEditorAssemblies (3ms)
			RefreshPlugins (0ms)
			BeforeProcessingInitializeOnLoad (2ms)
			ProcessInitializeOnLoadAttributes (88ms)
			ProcessInitializeOnLoadMethodAttributes (40ms)
			AfterProcessingInitializeOnLoad (0ms)
			EditorAssembliesLoaded (0ms)
		ExecutionOrderSort2 (0ms)
		AwakeInstancesAfterBackupRestoration (0ms)
========================================================================
Worker process is ready to serve import requests
Begin MonoManager ReloadAssembly
- Loaded All Assemblies, in  0.596 seconds
Refreshing native plugins compatible for Editor in 3.49 ms, found 7 plugins.
Native extension for WindowsStandalone target not found
Native extension for Android target not found
Package Manager log level set to [2]
[Package Manager] Server::EnsureServerProcessIsRunning -- launch failed, reason: Unity was launched with the -noUpm command-line argument
[Package Manager] UpmClient::Send -- Unable to send message (not connected to UPM process).
[Package Manager] Cannot connect to Unity Package Manager local server
Mono: successfully reloaded assembly
- Finished resetting the current domain, in  0.632 seconds
Domain Reload Profiling: 1226ms
	BeginReloadAssembly (124ms)
		ExecutionOrderSort (0ms)
		DisableScriptedObjects (5ms)
		BackupInstance (0ms)
		ReleaseScriptingObjects (0ms)
		CreateAndSetChildDomain (19ms)
	RebuildCommonClasses (32ms)
	RebuildNativeTypeToScriptingClass (11ms)
	initialDomainReloadingComplete (24ms)
	LoadAllAssembliesAndSetupDomain (401ms)
		LoadAssemblies (239ms)
		RebuildTransferFunctionScriptingTraits (0ms)
		AnalyzeDomain (232ms)
			TypeCache.Refresh (189ms)
				TypeCache.ScanAssembly (172ms)
			ScanForSourceGeneratedMonoScriptInfo (24ms)
			ResolveRequiredComponents (18ms)
	FinalizeReload (632ms)
		ReleaseScriptCaches (0ms)
		RebuildScriptCaches (0ms)
		SetupLoadedEditorAssemblies (451ms)
			LogAssemblyErrors (0ms)
			InitializePlatformSupportModulesInManaged (21ms)
			SetLoadedEditorAssemblies (3ms)
			RefreshPlugins (0ms)
			BeforeProcessingInitializeOnLoad (68ms)
			ProcessInitializeOnLoadAttributes (325ms)
			ProcessInitializeOnLoadMethodAttributes (29ms)
			AfterProcessingInitializeOnLoad (4ms)
			EditorAssembliesLoaded (0ms)
		ExecutionOrderSort2 (0ms)
		AwakeInstancesAfterBackupRestoration (5ms)
Shader 'MoreMountains/MMRipple': fallback shader 'Particle/AlphaBlended' not found
Launched and connected shader compiler UnityShaderCompiler.exe after 0.03 seconds
Refreshing native plugins compatible for Editor in 3.48 ms, found 7 plugins.
Preloading 0 native plugins for Editor in 0.00 ms.
Unloading 5145 Unused Serialized files (Serialized files now loaded: 0)
Unloading 82 unused Assets / (1.8 MB). Loaded Objects now: 5595.
Memory consumption went from 389.1 MB to 387.4 MB.
Total: 4.341000 ms (FindLiveObjects: 0.376400 ms CreateObjectMapping: 0.351700 ms MarkObjects: 2.741600 ms  DeleteObjects: 0.870300 ms)

AssetImportParameters requested are different than current active one (requested -> active):
  custom:scripting/monoscript/fileName/ETFXLoopScript.cs: 4392199dbfd6d3b5bd95d917e63f7b7c -> d5bc634ada6d0fb61f6dc312af0d35d8
  custom:container-demuxer-ogg: 62fdf1f143b41e24485cea50d1cbac27 -> 
  custom:video-codec-MediaFoundation-h265: 746d11721c4dcdbdad8f713fa42b33f4 -> 
  custom:video-decoder-ogg-theora: a1e56fd34408186e4bbccfd4996cb3dc -> 
  custom:framework-win-MediaFoundation: 216162199b28c13a410421893ffa2e32 -> 
  custom:scripting/monoscript/fileName/ETFXRotation.cs: 74c758b096ccc015ecc0b543e025d32f -> e343bb3cdc2d115200128a669b71dda1
  custom:scripting/monoscript/fileName/ETFXTarget.cs: ad09be64d07fe8ab15ea3df3041afe33 -> c04ff8e5450f1152d1f50a47046a7522
  custom:scripting/monoscript/fileName/ETFXMouseOrbit.cs: 2c256cdcc1004b2d89ad6216ce6f48ce -> 654fedd2040686dffcba3ab26348e73a
  custom:scripting/monoscript/fileName/PEButtonScript.cs: 1196c7824c32320b807ca3d248e82337 -> bf6c80445f44505babe53d9f3e6c71a8
  custom:scripting/monoscript/fileName/ETFXPitchRandomizer.cs: 5f93baac467b5aad804964f6f5c855d3 -> 5e0812fb099c455198fae606e4820674
  custom:CustomObjectIndexerAttribute: 756ad292c208cfabdd7b50bc23989ffe -> 
  custom:container-demuxer-webm: 4f35f7cbe854078d1ac9338744f61a02 -> 
  custom:scripting/monoscript/fileName/ETFXSceneManager.cs: fd89b14cfaa86424da64a78d3cc928bd -> 9146f3552534435a5b54b9657a6eaacd
  custom:container-muxer-webm: aa71ff27fc2769a1b78a27578f13a17b -> 
  custom:video-decoder-webm-vp8: 9c59270c3fd7afecdb556c50c9e8de78 -> 
  custom:SearchIndexIgnoredProperties: e643bd26f0fe6173181afceb89e7c659 -> 
  custom:AudioImporter_EditorPlatform: d09bf68614088b80899f8185d706f6e7 -> 
  custom:scripting/monoscript/fileName/UICanvasManager.cs: 5aab136b4eea2569aa2aed1e7de128ee -> ad5d5df5b0e004a8bd01e6144db352c4
  custom:scripting/monoscript/fileName/ETFXLightFade.cs: 8adc4a249aece59aef9b7f4a8f8629eb -> bc15e838f9d3884226cb2e9af0c78277
  custom:scripting/monoscript/fileName/ETFXProjectileScript.cs: ad4e5185dd169c5daa1ccc4c9f735f7c -> 91e6ec5b2311ff6de4abc8636a61f0dc
  custom:video-encoder-webm-vp8: eb34c28f22e8b96e1ab97ce403110664 -> 
  custom:audio-decoder-ogg-vorbis: bf7c407c2cedff20999df2af8eb42d56 -> 
  custom:scripting/monoscript/fileName/ETFXFireProjectile.cs: 4a8f4cc37966f793dd786ff73ce40e16 -> 848ec65e1ca5a78b8976353fa3b86db5
  custom:scripting/monoscript/fileName/ETFXButtonScript.cs: 72e9c0fa11c1debacc9e5b71ea9f9526 -> ed5b95a3380373270aaebfcd2475e74c
  custom:audio-encoder-webm-vorbis: bf7c407c2cedff20999df2af8eb42d56 -> 
  custom:scripting/monoscript/fileName/ParticleEffectsLibrary.cs: 412580748e6eff2b9440bcfa77c1a309 -> 3a37ad8c45f2dea0089853c8f2c9d55f
========================================================================
Received Import Request.
  Time since last request: 52626.876686 seconds.
  path: Assets/ThirdParty/Epic Toon FX/Prefabs/Environment/Smoke/StinkyCloudTrail.prefab
  artifactKey: Guid(f6d2b583bc3983c4b9b6dcac3122a734) Importer(815301076,1909f56bfc062723c751e8b465ee728b)
Start importing Assets/ThirdParty/Epic Toon FX/Prefabs/Environment/Smoke/StinkyCloudTrail.prefab using Guid(f6d2b583bc3983c4b9b6dcac3122a734) Importer(815301076,1909f56bfc062723c751e8b465ee728b)  -> (artifact id: '1d3b1f4edbd5d82a945e6337e864d5f8') in 0.083720 seconds
Number of updated asset objects reloaded before import = 0
Number of asset objects unloaded after import = 14
========================================================================
Received Import Request.
  Time since last request: 1.367757 seconds.
  path: Assets/ThirdParty/Epic Toon FX/Prefabs/Environment/Underwater/BubbleBlastUnderwater.prefab
  artifactKey: Guid(caf388c7338cc0c4b9187283f10a304a) Importer(815301076,1909f56bfc062723c751e8b465ee728b)
Start importing Assets/ThirdParty/Epic Toon FX/Prefabs/Environment/Underwater/BubbleBlastUnderwater.prefab using Guid(caf388c7338cc0c4b9187283f10a304a) Importer(815301076,1909f56bfc062723c751e8b465ee728b)  -> (artifact id: 'c6d94017797b188bce59518817495fd4') in 0.070221 seconds
Number of updated asset objects reloaded before import = 0
Number of asset objects unloaded after import = 30
========================================================================
Received Prepare
Begin MonoManager ReloadAssembly
- Loaded All Assemblies, in  0.431 seconds
Refreshing native plugins compatible for Editor in 5.17 ms, found 7 plugins.
Native extension for WindowsStandalone target not found
Native extension for Android target not found
[Package Manager] Server::EnsureServerProcessIsRunning -- launch failed, reason: Unity was launched with the -noUpm command-line argument
[Package Manager] UpmClient::Send -- Unable to send message (not connected to UPM process).
[Package Manager] Cannot connect to Unity Package Manager local server
Mono: successfully reloaded assembly
- Finished resetting the current domain, in  0.948 seconds
Domain Reload Profiling: 1376ms
	BeginReloadAssembly (158ms)
		ExecutionOrderSort (0ms)
		DisableScriptedObjects (6ms)
		BackupInstance (0ms)
		ReleaseScriptingObjects (0ms)
		CreateAndSetChildDomain (43ms)
	RebuildCommonClasses (40ms)
	RebuildNativeTypeToScriptingClass (12ms)
	initialDomainReloadingComplete (29ms)
	LoadAllAssembliesAndSetupDomain (189ms)
		LoadAssemblies (232ms)
		RebuildTransferFunctionScriptingTraits (0ms)
		AnalyzeDomain (33ms)
			TypeCache.Refresh (7ms)
				TypeCache.ScanAssembly (0ms)
			ScanForSourceGeneratedMonoScriptInfo (0ms)
			ResolveRequiredComponents (24ms)
	FinalizeReload (948ms)
		ReleaseScriptCaches (0ms)
		RebuildScriptCaches (0ms)
		SetupLoadedEditorAssemblies (474ms)
			LogAssemblyErrors (0ms)
			InitializePlatformSupportModulesInManaged (25ms)
			SetLoadedEditorAssemblies (3ms)
			RefreshPlugins (0ms)
			BeforeProcessingInitializeOnLoad (72ms)
			ProcessInitializeOnLoadAttributes (334ms)
			ProcessInitializeOnLoadMethodAttributes (34ms)
			AfterProcessingInitializeOnLoad (6ms)
			EditorAssembliesLoaded (0ms)
		ExecutionOrderSort2 (0ms)
		AwakeInstancesAfterBackupRestoration (9ms)
Shader 'MoreMountains/MMRipple': fallback shader 'Particle/AlphaBlended' not found
Refreshing native plugins compatible for Editor in 5.06 ms, found 7 plugins.
Preloading 0 native plugins for Editor in 0.00 ms.
Unloading 5001 Unused Serialized files (Serialized files now loaded: 0)
Unloading 57 unused Assets / (1.7 MB). Loaded Objects now: 5617.
Memory consumption went from 355.6 MB to 353.9 MB.
Total: 5.657700 ms (FindLiveObjects: 0.520400 ms CreateObjectMapping: 0.576900 ms MarkObjects: 3.441500 ms  DeleteObjects: 1.117200 ms)

Prepare: number of updated asset objects reloaded= 0
AssetImportParameters requested are different than current active one (requested -> active):
  custom:scripting/monoscript/fileName/ETFXLoopScript.cs: 4392199dbfd6d3b5bd95d917e63f7b7c -> d5bc634ada6d0fb61f6dc312af0d35d8
  custom:container-demuxer-ogg: 62fdf1f143b41e24485cea50d1cbac27 -> 
  custom:video-codec-MediaFoundation-h265: 746d11721c4dcdbdad8f713fa42b33f4 -> 
  custom:video-decoder-ogg-theora: a1e56fd34408186e4bbccfd4996cb3dc -> 
  custom:framework-win-MediaFoundation: 216162199b28c13a410421893ffa2e32 -> 
  custom:scripting/monoscript/fileName/ETFXRotation.cs: 74c758b096ccc015ecc0b543e025d32f -> e343bb3cdc2d115200128a669b71dda1
  custom:scripting/monoscript/fileName/ETFXTarget.cs: ad09be64d07fe8ab15ea3df3041afe33 -> c04ff8e5450f1152d1f50a47046a7522
  custom:scripting/monoscript/fileName/ETFXMouseOrbit.cs: 2c256cdcc1004b2d89ad6216ce6f48ce -> 654fedd2040686dffcba3ab26348e73a
  custom:scripting/monoscript/fileName/PEButtonScript.cs: 1196c7824c32320b807ca3d248e82337 -> bf6c80445f44505babe53d9f3e6c71a8
  custom:scripting/monoscript/fileName/ETFXPitchRandomizer.cs: 5f93baac467b5aad804964f6f5c855d3 -> 5e0812fb099c455198fae606e4820674
  custom:CustomObjectIndexerAttribute: 756ad292c208cfabdd7b50bc23989ffe -> 
  custom:container-demuxer-webm: 4f35f7cbe854078d1ac9338744f61a02 -> 
  custom:scripting/monoscript/fileName/ETFXSceneManager.cs: fd89b14cfaa86424da64a78d3cc928bd -> 9146f3552534435a5b54b9657a6eaacd
  custom:container-muxer-webm: aa71ff27fc2769a1b78a27578f13a17b -> 
  custom:video-decoder-webm-vp8: 9c59270c3fd7afecdb556c50c9e8de78 -> 
  custom:SearchIndexIgnoredProperties: e643bd26f0fe6173181afceb89e7c659 -> 
  custom:AudioImporter_EditorPlatform: d09bf68614088b80899f8185d706f6e7 -> 
  custom:scripting/monoscript/fileName/UICanvasManager.cs: 5aab136b4eea2569aa2aed1e7de128ee -> ad5d5df5b0e004a8bd01e6144db352c4
  custom:scripting/monoscript/fileName/ETFXLightFade.cs: 8adc4a249aece59aef9b7f4a8f8629eb -> bc15e838f9d3884226cb2e9af0c78277
  custom:scripting/monoscript/fileName/ETFXProjectileScript.cs: ad4e5185dd169c5daa1ccc4c9f735f7c -> 91e6ec5b2311ff6de4abc8636a61f0dc
  custom:video-encoder-webm-vp8: eb34c28f22e8b96e1ab97ce403110664 -> 
  custom:audio-decoder-ogg-vorbis: bf7c407c2cedff20999df2af8eb42d56 -> 
  custom:scripting/monoscript/fileName/ETFXFireProjectile.cs: 4a8f4cc37966f793dd786ff73ce40e16 -> 848ec65e1ca5a78b8976353fa3b86db5
  custom:scripting/monoscript/fileName/ETFXButtonScript.cs: 72e9c0fa11c1debacc9e5b71ea9f9526 -> ed5b95a3380373270aaebfcd2475e74c
  custom:audio-encoder-webm-vorbis: bf7c407c2cedff20999df2af8eb42d56 -> 
  custom:scripting/monoscript/fileName/ParticleEffectsLibrary.cs: 412580748e6eff2b9440bcfa77c1a309 -> 3a37ad8c45f2dea0089853c8f2c9d55f
========================================================================
Received Import Request.
  Time since last request: 66.647562 seconds.
  path: Assets/ThirdParty/Epic Toon FX/Prefabs/Misc/Interactive/Zone/BasicZone/BasicZoneGreen.prefab
  artifactKey: Guid(087da436576d35542825d392925d79c4) Importer(815301076,1909f56bfc062723c751e8b465ee728b)
Start importing Assets/ThirdParty/Epic Toon FX/Prefabs/Misc/Interactive/Zone/BasicZone/BasicZoneGreen.prefab using Guid(087da436576d35542825d392925d79c4) Importer(815301076,1909f56bfc062723c751e8b465ee728b)  -> (artifact id: '3874222dc541be5a52b799c3c9a11e55') in 0.082123 seconds
Number of updated asset objects reloaded before import = 0
Number of asset objects unloaded after import = 21
========================================================================
Received Import Request.
  Time since last request: 0.000016 seconds.
  path: Assets/ThirdParty/Epic Toon FX/Prefabs/Misc/Interactive/Zone/BasicZone/BasicZoneRed.prefab
  artifactKey: Guid(c82022460ac6d274cb9e2aefc6da9dc9) Importer(815301076,1909f56bfc062723c751e8b465ee728b)
Start importing Assets/ThirdParty/Epic Toon FX/Prefabs/Misc/Interactive/Zone/BasicZone/BasicZoneRed.prefab using Guid(c82022460ac6d274cb9e2aefc6da9dc9) Importer(815301076,1909f56bfc062723c751e8b465ee728b)  -> (artifact id: 'eff9c4c010d440810656405c9c87414c') in 0.027554 seconds
Number of updated asset objects reloaded before import = 0
Number of asset objects unloaded after import = 21
========================================================================
Received Import Request.
  Time since last request: 0.000019 seconds.
  path: Assets/ThirdParty/Epic Toon FX/Prefabs/Misc/Interactive/Zone/BasicZone/BasicZoneYellow.prefab
  artifactKey: Guid(3f97cdb2dde8d7f44a37ce3a93c2bf69) Importer(815301076,1909f56bfc062723c751e8b465ee728b)
Start importing Assets/ThirdParty/Epic Toon FX/Prefabs/Misc/Interactive/Zone/BasicZone/BasicZoneYellow.prefab using Guid(3f97cdb2dde8d7f44a37ce3a93c2bf69) Importer(815301076,1909f56bfc062723c751e8b465ee728b)  -> (artifact id: 'c4615c914d196205a4828092e541041c') in 0.059654 seconds
Number of updated asset objects reloaded before import = 0
Number of asset objects unloaded after import = 21
========================================================================
Received Prepare
Begin MonoManager ReloadAssembly
- Loaded All Assemblies, in  0.466 seconds
Refreshing native plugins compatible for Editor in 3.78 ms, found 7 plugins.
Native extension for WindowsStandalone target not found
Native extension for Android target not found
[Package Manager] Server::EnsureServerProcessIsRunning -- launch failed, reason: Unity was launched with the -noUpm command-line argument
[Package Manager] UpmClient::Send -- Unable to send message (not connected to UPM process).
[Package Manager] Cannot connect to Unity Package Manager local server
Mono: successfully reloaded assembly
- Finished resetting the current domain, in  1.049 seconds
Domain Reload Profiling: 1513ms
	BeginReloadAssembly (168ms)
		ExecutionOrderSort (0ms)
		DisableScriptedObjects (6ms)
		BackupInstance (0ms)
		ReleaseScriptingObjects (0ms)
		CreateAndSetChildDomain (40ms)
	RebuildCommonClasses (48ms)
	RebuildNativeTypeToScriptingClass (13ms)
	initialDomainReloadingComplete (28ms)
	LoadAllAssembliesAndSetupDomain (207ms)
		LoadAssemblies (268ms)
		RebuildTransferFunctionScriptingTraits (0ms)
		AnalyzeDomain (30ms)
			TypeCache.Refresh (7ms)
				TypeCache.ScanAssembly (0ms)
			ScanForSourceGeneratedMonoScriptInfo (0ms)
			ResolveRequiredComponents (21ms)
	FinalizeReload (1049ms)
		ReleaseScriptCaches (0ms)
		RebuildScriptCaches (0ms)
		SetupLoadedEditorAssemblies (525ms)
			LogAssemblyErrors (0ms)
			InitializePlatformSupportModulesInManaged (22ms)
			SetLoadedEditorAssemblies (3ms)
			RefreshPlugins (0ms)
			BeforeProcessingInitializeOnLoad (78ms)
			ProcessInitializeOnLoadAttributes (379ms)
			ProcessInitializeOnLoadMethodAttributes (36ms)
			AfterProcessingInitializeOnLoad (6ms)
			EditorAssembliesLoaded (0ms)
		ExecutionOrderSort2 (0ms)
		AwakeInstancesAfterBackupRestoration (8ms)
Shader 'MoreMountains/MMRipple': fallback shader 'Particle/AlphaBlended' not found
Refreshing native plugins compatible for Editor in 5.64 ms, found 7 plugins.
Preloading 0 native plugins for Editor in 0.00 ms.
Unloading 5001 Unused Serialized files (Serialized files now loaded: 0)
Unloading 57 unused Assets / (1.7 MB). Loaded Objects now: 5633.
Memory consumption went from 357.6 MB to 355.8 MB.
Total: 5.950500 ms (FindLiveObjects: 0.599900 ms CreateObjectMapping: 0.524700 ms MarkObjects: 3.515000 ms  DeleteObjects: 1.309600 ms)

Prepare: number of updated asset objects reloaded= 0
AssetImportParameters requested are different than current active one (requested -> active):
  custom:scripting/monoscript/fileName/ETFXLoopScript.cs: 4392199dbfd6d3b5bd95d917e63f7b7c -> d5bc634ada6d0fb61f6dc312af0d35d8
  custom:container-demuxer-ogg: 62fdf1f143b41e24485cea50d1cbac27 -> 
  custom:video-codec-MediaFoundation-h265: 746d11721c4dcdbdad8f713fa42b33f4 -> 
  custom:video-decoder-ogg-theora: a1e56fd34408186e4bbccfd4996cb3dc -> 
  custom:framework-win-MediaFoundation: 216162199b28c13a410421893ffa2e32 -> 
  custom:scripting/monoscript/fileName/ETFXRotation.cs: 74c758b096ccc015ecc0b543e025d32f -> e343bb3cdc2d115200128a669b71dda1
  custom:scripting/monoscript/fileName/ETFXTarget.cs: ad09be64d07fe8ab15ea3df3041afe33 -> c04ff8e5450f1152d1f50a47046a7522
  custom:scripting/monoscript/fileName/ETFXMouseOrbit.cs: 2c256cdcc1004b2d89ad6216ce6f48ce -> 654fedd2040686dffcba3ab26348e73a
  custom:scripting/monoscript/fileName/PEButtonScript.cs: 1196c7824c32320b807ca3d248e82337 -> bf6c80445f44505babe53d9f3e6c71a8
  custom:scripting/monoscript/fileName/ETFXPitchRandomizer.cs: 5f93baac467b5aad804964f6f5c855d3 -> 5e0812fb099c455198fae606e4820674
  custom:CustomObjectIndexerAttribute: 756ad292c208cfabdd7b50bc23989ffe -> 
  custom:container-demuxer-webm: 4f35f7cbe854078d1ac9338744f61a02 -> 
  custom:scripting/monoscript/fileName/ETFXSceneManager.cs: fd89b14cfaa86424da64a78d3cc928bd -> 9146f3552534435a5b54b9657a6eaacd
  custom:container-muxer-webm: aa71ff27fc2769a1b78a27578f13a17b -> 
  custom:video-decoder-webm-vp8: 9c59270c3fd7afecdb556c50c9e8de78 -> 
  custom:SearchIndexIgnoredProperties: e643bd26f0fe6173181afceb89e7c659 -> 
  custom:AudioImporter_EditorPlatform: d09bf68614088b80899f8185d706f6e7 -> 
  custom:scripting/monoscript/fileName/UICanvasManager.cs: 5aab136b4eea2569aa2aed1e7de128ee -> ad5d5df5b0e004a8bd01e6144db352c4
  custom:scripting/monoscript/fileName/ETFXLightFade.cs: 8adc4a249aece59aef9b7f4a8f8629eb -> bc15e838f9d3884226cb2e9af0c78277
  custom:scripting/monoscript/fileName/ETFXProjectileScript.cs: ad4e5185dd169c5daa1ccc4c9f735f7c -> 91e6ec5b2311ff6de4abc8636a61f0dc
  custom:video-encoder-webm-vp8: eb34c28f22e8b96e1ab97ce403110664 -> 
  custom:audio-decoder-ogg-vorbis: bf7c407c2cedff20999df2af8eb42d56 -> 
  custom:scripting/monoscript/fileName/ETFXFireProjectile.cs: 4a8f4cc37966f793dd786ff73ce40e16 -> 848ec65e1ca5a78b8976353fa3b86db5
  custom:scripting/monoscript/fileName/ETFXButtonScript.cs: 72e9c0fa11c1debacc9e5b71ea9f9526 -> ed5b95a3380373270aaebfcd2475e74c
  custom:audio-encoder-webm-vorbis: bf7c407c2cedff20999df2af8eb42d56 -> 
  custom:scripting/monoscript/fileName/ParticleEffectsLibrary.cs: 412580748e6eff2b9440bcfa77c1a309 -> 3a37ad8c45f2dea0089853c8f2c9d55f
========================================================================
Received Prepare
Begin MonoManager ReloadAssembly
- Loaded All Assemblies, in  0.427 seconds
Refreshing native plugins compatible for Editor in 3.51 ms, found 7 plugins.
Native extension for WindowsStandalone target not found
Native extension for Android target not found
[Package Manager] Server::EnsureServerProcessIsRunning -- launch failed, reason: Unity was launched with the -noUpm command-line argument
[Package Manager] UpmClient::Send -- Unable to send message (not connected to UPM process).
[Package Manager] Cannot connect to Unity Package Manager local server
Mono: successfully reloaded assembly
- Finished resetting the current domain, in  1.040 seconds
Domain Reload Profiling: 1465ms
	BeginReloadAssembly (149ms)
		ExecutionOrderSort (0ms)
		DisableScriptedObjects (6ms)
		BackupInstance (0ms)
		ReleaseScriptingObjects (0ms)
		CreateAndSetChildDomain (39ms)
	RebuildCommonClasses (38ms)
	RebuildNativeTypeToScriptingClass (13ms)
	initialDomainReloadingComplete (31ms)
	LoadAllAssembliesAndSetupDomain (195ms)
		LoadAssemblies (235ms)
		RebuildTransferFunctionScriptingTraits (0ms)
		AnalyzeDomain (31ms)
			TypeCache.Refresh (7ms)
				TypeCache.ScanAssembly (0ms)
			ScanForSourceGeneratedMonoScriptInfo (0ms)
			ResolveRequiredComponents (23ms)
	FinalizeReload (1040ms)
		ReleaseScriptCaches (0ms)
		RebuildScriptCaches (0ms)
		SetupLoadedEditorAssemblies (544ms)
			LogAssemblyErrors (0ms)
			InitializePlatformSupportModulesInManaged (21ms)
			SetLoadedEditorAssemblies (3ms)
			RefreshPlugins (0ms)
			BeforeProcessingInitializeOnLoad (74ms)
			ProcessInitializeOnLoadAttributes (400ms)
			ProcessInitializeOnLoadMethodAttributes (40ms)
			AfterProcessingInitializeOnLoad (6ms)
			EditorAssembliesLoaded (0ms)
		ExecutionOrderSort2 (0ms)
		AwakeInstancesAfterBackupRestoration (8ms)
Shader 'MoreMountains/MMRipple': fallback shader 'Particle/AlphaBlended' not found
Refreshing native plugins compatible for Editor in 5.14 ms, found 7 plugins.
Preloading 0 native plugins for Editor in 0.00 ms.
Unloading 5002 Unused Serialized files (Serialized files now loaded: 0)
Unloading 57 unused Assets / (1.7 MB). Loaded Objects now: 5648.
Memory consumption went from 359.7 MB to 358.0 MB.
Total: 4.868500 ms (FindLiveObjects: 0.436000 ms CreateObjectMapping: 0.539600 ms MarkObjects: 2.816100 ms  DeleteObjects: 1.075800 ms)

Prepare: number of updated asset objects reloaded= 0
AssetImportParameters requested are different than current active one (requested -> active):
  custom:scripting/monoscript/fileName/ETFXLoopScript.cs: 4392199dbfd6d3b5bd95d917e63f7b7c -> d5bc634ada6d0fb61f6dc312af0d35d8
  custom:container-demuxer-ogg: 62fdf1f143b41e24485cea50d1cbac27 -> 
  custom:video-codec-MediaFoundation-h265: 746d11721c4dcdbdad8f713fa42b33f4 -> 
  custom:video-decoder-ogg-theora: a1e56fd34408186e4bbccfd4996cb3dc -> 
  custom:framework-win-MediaFoundation: 216162199b28c13a410421893ffa2e32 -> 
  custom:scripting/monoscript/fileName/ETFXRotation.cs: 74c758b096ccc015ecc0b543e025d32f -> e343bb3cdc2d115200128a669b71dda1
  custom:scripting/monoscript/fileName/ETFXTarget.cs: ad09be64d07fe8ab15ea3df3041afe33 -> c04ff8e5450f1152d1f50a47046a7522
  custom:scripting/monoscript/fileName/ETFXMouseOrbit.cs: 2c256cdcc1004b2d89ad6216ce6f48ce -> 654fedd2040686dffcba3ab26348e73a
  custom:scripting/monoscript/fileName/PEButtonScript.cs: 1196c7824c32320b807ca3d248e82337 -> bf6c80445f44505babe53d9f3e6c71a8
  custom:scripting/monoscript/fileName/ETFXPitchRandomizer.cs: 5f93baac467b5aad804964f6f5c855d3 -> 5e0812fb099c455198fae606e4820674
  custom:CustomObjectIndexerAttribute: 756ad292c208cfabdd7b50bc23989ffe -> 
  custom:container-demuxer-webm: 4f35f7cbe854078d1ac9338744f61a02 -> 
  custom:scripting/monoscript/fileName/ETFXSceneManager.cs: fd89b14cfaa86424da64a78d3cc928bd -> 9146f3552534435a5b54b9657a6eaacd
  custom:container-muxer-webm: aa71ff27fc2769a1b78a27578f13a17b -> 
  custom:video-decoder-webm-vp8: 9c59270c3fd7afecdb556c50c9e8de78 -> 
  custom:SearchIndexIgnoredProperties: e643bd26f0fe6173181afceb89e7c659 -> 
  custom:AudioImporter_EditorPlatform: d09bf68614088b80899f8185d706f6e7 -> 
  custom:scripting/monoscript/fileName/UICanvasManager.cs: 5aab136b4eea2569aa2aed1e7de128ee -> ad5d5df5b0e004a8bd01e6144db352c4
  custom:scripting/monoscript/fileName/ETFXLightFade.cs: 8adc4a249aece59aef9b7f4a8f8629eb -> bc15e838f9d3884226cb2e9af0c78277
  custom:scripting/monoscript/fileName/ETFXProjectileScript.cs: ad4e5185dd169c5daa1ccc4c9f735f7c -> 91e6ec5b2311ff6de4abc8636a61f0dc
  custom:video-encoder-webm-vp8: eb34c28f22e8b96e1ab97ce403110664 -> 
  custom:audio-decoder-ogg-vorbis: bf7c407c2cedff20999df2af8eb42d56 -> 
  custom:scripting/monoscript/fileName/ETFXFireProjectile.cs: 4a8f4cc37966f793dd786ff73ce40e16 -> 848ec65e1ca5a78b8976353fa3b86db5
  custom:scripting/monoscript/fileName/ETFXButtonScript.cs: 72e9c0fa11c1debacc9e5b71ea9f9526 -> ed5b95a3380373270aaebfcd2475e74c
  custom:audio-encoder-webm-vorbis: bf7c407c2cedff20999df2af8eb42d56 -> 
  custom:scripting/monoscript/fileName/ParticleEffectsLibrary.cs: 412580748e6eff2b9440bcfa77c1a309 -> 3a37ad8c45f2dea0089853c8f2c9d55f
========================================================================
Received Prepare
Begin MonoManager ReloadAssembly
- Loaded All Assemblies, in  0.406 seconds
Refreshing native plugins compatible for Editor in 3.50 ms, found 7 plugins.
Native extension for WindowsStandalone target not found
Native extension for Android target not found
[Package Manager] Server::EnsureServerProcessIsRunning -- launch failed, reason: Unity was launched with the -noUpm command-line argument
[Package Manager] UpmClient::Send -- Unable to send message (not connected to UPM process).
[Package Manager] Cannot connect to Unity Package Manager local server
Mono: successfully reloaded assembly
- Finished resetting the current domain, in  0.934 seconds
Domain Reload Profiling: 1337ms
	BeginReloadAssembly (139ms)
		ExecutionOrderSort (0ms)
		DisableScriptedObjects (6ms)
		BackupInstance (0ms)
		ReleaseScriptingObjects (0ms)
		CreateAndSetChildDomain (35ms)
	RebuildCommonClasses (31ms)
	RebuildNativeTypeToScriptingClass (12ms)
	initialDomainReloadingComplete (24ms)
	LoadAllAssembliesAndSetupDomain (196ms)
		LoadAssemblies (236ms)
		RebuildTransferFunctionScriptingTraits (0ms)
		AnalyzeDomain (28ms)
			TypeCache.Refresh (7ms)
				TypeCache.ScanAssembly (0ms)
			ScanForSourceGeneratedMonoScriptInfo (0ms)
			ResolveRequiredComponents (20ms)
	FinalizeReload (935ms)
		ReleaseScriptCaches (0ms)
		RebuildScriptCaches (0ms)
		SetupLoadedEditorAssemblies (460ms)
			LogAssemblyErrors (0ms)
			InitializePlatformSupportModulesInManaged (24ms)
			SetLoadedEditorAssemblies (4ms)
			RefreshPlugins (0ms)
			BeforeProcessingInitializeOnLoad (72ms)
			ProcessInitializeOnLoadAttributes (323ms)
			ProcessInitializeOnLoadMethodAttributes (30ms)
			AfterProcessingInitializeOnLoad (6ms)
			EditorAssembliesLoaded (0ms)
		ExecutionOrderSort2 (0ms)
		AwakeInstancesAfterBackupRestoration (8ms)
Shader 'MoreMountains/MMRipple': fallback shader 'Particle/AlphaBlended' not found
Refreshing native plugins compatible for Editor in 4.93 ms, found 7 plugins.
Preloading 0 native plugins for Editor in 0.00 ms.
Unloading 5002 Unused Serialized files (Serialized files now loaded: 0)
Unloading 57 unused Assets / (1.7 MB). Loaded Objects now: 5663.
Memory consumption went from 361.7 MB to 360.0 MB.
Total: 5.482700 ms (FindLiveObjects: 0.546600 ms CreateObjectMapping: 0.543500 ms MarkObjects: 3.226900 ms  DeleteObjects: 1.164300 ms)

Prepare: number of updated asset objects reloaded= 0
AssetImportParameters requested are different than current active one (requested -> active):
  custom:scripting/monoscript/fileName/ETFXLoopScript.cs: 4392199dbfd6d3b5bd95d917e63f7b7c -> d5bc634ada6d0fb61f6dc312af0d35d8
  custom:container-demuxer-ogg: 62fdf1f143b41e24485cea50d1cbac27 -> 
  custom:video-codec-MediaFoundation-h265: 746d11721c4dcdbdad8f713fa42b33f4 -> 
  custom:video-decoder-ogg-theora: a1e56fd34408186e4bbccfd4996cb3dc -> 
  custom:framework-win-MediaFoundation: 216162199b28c13a410421893ffa2e32 -> 
  custom:scripting/monoscript/fileName/ETFXRotation.cs: 74c758b096ccc015ecc0b543e025d32f -> e343bb3cdc2d115200128a669b71dda1
  custom:scripting/monoscript/fileName/ETFXTarget.cs: ad09be64d07fe8ab15ea3df3041afe33 -> c04ff8e5450f1152d1f50a47046a7522
  custom:scripting/monoscript/fileName/ETFXMouseOrbit.cs: 2c256cdcc1004b2d89ad6216ce6f48ce -> 654fedd2040686dffcba3ab26348e73a
  custom:scripting/monoscript/fileName/PEButtonScript.cs: 1196c7824c32320b807ca3d248e82337 -> bf6c80445f44505babe53d9f3e6c71a8
  custom:scripting/monoscript/fileName/ETFXPitchRandomizer.cs: 5f93baac467b5aad804964f6f5c855d3 -> 5e0812fb099c455198fae606e4820674
  custom:CustomObjectIndexerAttribute: 756ad292c208cfabdd7b50bc23989ffe -> 
  custom:container-demuxer-webm: 4f35f7cbe854078d1ac9338744f61a02 -> 
  custom:scripting/monoscript/fileName/ETFXSceneManager.cs: fd89b14cfaa86424da64a78d3cc928bd -> 9146f3552534435a5b54b9657a6eaacd
  custom:container-muxer-webm: aa71ff27fc2769a1b78a27578f13a17b -> 
  custom:video-decoder-webm-vp8: 9c59270c3fd7afecdb556c50c9e8de78 -> 
  custom:SearchIndexIgnoredProperties: e643bd26f0fe6173181afceb89e7c659 -> 
  custom:AudioImporter_EditorPlatform: d09bf68614088b80899f8185d706f6e7 -> 
  custom:scripting/monoscript/fileName/UICanvasManager.cs: 5aab136b4eea2569aa2aed1e7de128ee -> ad5d5df5b0e004a8bd01e6144db352c4
  custom:scripting/monoscript/fileName/ETFXLightFade.cs: 8adc4a249aece59aef9b7f4a8f8629eb -> bc15e838f9d3884226cb2e9af0c78277
  custom:scripting/monoscript/fileName/ETFXProjectileScript.cs: ad4e5185dd169c5daa1ccc4c9f735f7c -> 91e6ec5b2311ff6de4abc8636a61f0dc
  custom:video-encoder-webm-vp8: eb34c28f22e8b96e1ab97ce403110664 -> 
  custom:audio-decoder-ogg-vorbis: bf7c407c2cedff20999df2af8eb42d56 -> 
  custom:scripting/monoscript/fileName/ETFXFireProjectile.cs: 4a8f4cc37966f793dd786ff73ce40e16 -> 848ec65e1ca5a78b8976353fa3b86db5
  custom:scripting/monoscript/fileName/ETFXButtonScript.cs: 72e9c0fa11c1debacc9e5b71ea9f9526 -> ed5b95a3380373270aaebfcd2475e74c
  custom:audio-encoder-webm-vorbis: bf7c407c2cedff20999df2af8eb42d56 -> 
  custom:scripting/monoscript/fileName/ParticleEffectsLibrary.cs: 412580748e6eff2b9440bcfa77c1a309 -> 3a37ad8c45f2dea0089853c8f2c9d55f
========================================================================
Received Import Request.
  Time since last request: 202.464430 seconds.
  path: Assets/ThirdParty/TopDownEngine/Demos/Loft3D/Prefabs/AI/LoftPatrolAndPathfinderAI.prefab
  artifactKey: Guid(ac32a8e25dd86c446826e440005f6388) Importer(815301076,1909f56bfc062723c751e8b465ee728b)
Start importing Assets/ThirdParty/TopDownEngine/Demos/Loft3D/Prefabs/AI/LoftPatrolAndPathfinderAI.prefab using Guid(ac32a8e25dd86c446826e440005f6388) Importer(815301076,1909f56bfc062723c751e8b465ee728b)  -> (artifact id: 'af0939d482579e700aecae3f84bc6d4c') in 0.682540 seconds
Number of updated asset objects reloaded before import = 0
Number of asset objects unloaded after import = 396
========================================================================
Received Import Request.
  Time since last request: 0.000022 seconds.
  path: Assets/ThirdParty/TopDownEngine/Demos/Loft3D/Prefabs/AI/LoftPatrolSeekAndDestroyReloadingAI.prefab
  artifactKey: Guid(c6057b5af429dfd4683b7c613c43bfdc) Importer(815301076,1909f56bfc062723c751e8b465ee728b)
Start importing Assets/ThirdParty/TopDownEngine/Demos/Loft3D/Prefabs/AI/LoftPatrolSeekAndDestroyReloadingAI.prefab using Guid(c6057b5af429dfd4683b7c613c43bfdc) Importer(815301076,1909f56bfc062723c751e8b465ee728b)  -> (artifact id: '96f3b29018021f8b0a932fff1516b82c') in 0.441013 seconds
Number of updated asset objects reloaded before import = 0
Number of asset objects unloaded after import = 1304
========================================================================
Received Import Request.
  Time since last request: 0.000026 seconds.
  path: Assets/ThirdParty/TopDownEngine/Demos/Loft3D/Prefabs/AI/LoftSuitRagdollAI.prefab
  artifactKey: Guid(33ed303d4bdb45946bb0a32639cb568f) Importer(815301076,1909f56bfc062723c751e8b465ee728b)
Start importing Assets/ThirdParty/TopDownEngine/Demos/Loft3D/Prefabs/AI/LoftSuitRagdollAI.prefab using Guid(33ed303d4bdb45946bb0a32639cb568f) Importer(815301076,1909f56bfc062723c751e8b465ee728b)  -> (artifact id: '260677e8aef2e3c9988df9876063081b') in 0.046074 seconds
Number of updated asset objects reloaded before import = 0
Number of asset objects unloaded after import = 229
========================================================================
Received Import Request.
  Time since last request: 0.000016 seconds.
  path: Assets/ThirdParty/TopDownEngine/Demos/Loft3D/Prefabs/AI/LoftPatrolSeekAndDestroyAI.prefab
  artifactKey: Guid(aee9d27d3bc6f8846a9812821c5dcbda) Importer(815301076,1909f56bfc062723c751e8b465ee728b)
Start importing Assets/ThirdParty/TopDownEngine/Demos/Loft3D/Prefabs/AI/LoftPatrolSeekAndDestroyAI.prefab using Guid(aee9d27d3bc6f8846a9812821c5dcbda) Importer(815301076,1909f56bfc062723c751e8b465ee728b)  -> (artifact id: 'f9ac4b8f3f17cc7666f8821befefb602') in 0.055181 seconds
Number of updated asset objects reloaded before import = 0
Number of asset objects unloaded after import = 407
========================================================================
Received Prepare
Begin MonoManager ReloadAssembly
- Loaded All Assemblies, in  0.453 seconds
Refreshing native plugins compatible for Editor in 3.52 ms, found 7 plugins.
Native extension for WindowsStandalone target not found
Native extension for Android target not found
[Package Manager] Server::EnsureServerProcessIsRunning -- launch failed, reason: Unity was launched with the -noUpm command-line argument
[Package Manager] UpmClient::Send -- Unable to send message (not connected to UPM process).
[Package Manager] Cannot connect to Unity Package Manager local server
Mono: successfully reloaded assembly
- Finished resetting the current domain, in  1.052 seconds
Domain Reload Profiling: 1503ms
	BeginReloadAssembly (164ms)
		ExecutionOrderSort (0ms)
		DisableScriptedObjects (6ms)
		BackupInstance (0ms)
		ReleaseScriptingObjects (0ms)
		CreateAndSetChildDomain (42ms)
	RebuildCommonClasses (33ms)
	RebuildNativeTypeToScriptingClass (17ms)
	initialDomainReloadingComplete (32ms)
	LoadAllAssembliesAndSetupDomain (205ms)
		LoadAssemblies (249ms)
		RebuildTransferFunctionScriptingTraits (0ms)
		AnalyzeDomain (37ms)
			TypeCache.Refresh (8ms)
				TypeCache.ScanAssembly (0ms)
			ScanForSourceGeneratedMonoScriptInfo (0ms)
			ResolveRequiredComponents (27ms)
	FinalizeReload (1052ms)
		ReleaseScriptCaches (0ms)
		RebuildScriptCaches (0ms)
		SetupLoadedEditorAssemblies (522ms)
			LogAssemblyErrors (0ms)
			InitializePlatformSupportModulesInManaged (22ms)
			SetLoadedEditorAssemblies (3ms)
			RefreshPlugins (0ms)
			BeforeProcessingInitializeOnLoad (82ms)
			ProcessInitializeOnLoadAttributes (373ms)
			ProcessInitializeOnLoadMethodAttributes (35ms)
			AfterProcessingInitializeOnLoad (6ms)
			EditorAssembliesLoaded (0ms)
		ExecutionOrderSort2 (0ms)
		AwakeInstancesAfterBackupRestoration (8ms)
Shader 'MoreMountains/MMRipple': fallback shader 'Particle/AlphaBlended' not found
Refreshing native plugins compatible for Editor in 4.69 ms, found 7 plugins.
Preloading 0 native plugins for Editor in 0.00 ms.
Unloading 5001 Unused Serialized files (Serialized files now loaded: 0)
Unloading 57 unused Assets / (1.7 MB). Loaded Objects now: 5680.
Memory consumption went from 364.0 MB to 362.2 MB.
Total: 4.804300 ms (FindLiveObjects: 0.464300 ms CreateObjectMapping: 0.507600 ms MarkObjects: 2.781800 ms  DeleteObjects: 1.049500 ms)

Prepare: number of updated asset objects reloaded= 0
AssetImportParameters requested are different than current active one (requested -> active):
  custom:scripting/monoscript/fileName/ETFXLoopScript.cs: 4392199dbfd6d3b5bd95d917e63f7b7c -> d5bc634ada6d0fb61f6dc312af0d35d8
  custom:container-demuxer-ogg: 62fdf1f143b41e24485cea50d1cbac27 -> 
  custom:video-codec-MediaFoundation-h265: 746d11721c4dcdbdad8f713fa42b33f4 -> 
  custom:video-decoder-ogg-theora: a1e56fd34408186e4bbccfd4996cb3dc -> 
  custom:framework-win-MediaFoundation: 216162199b28c13a410421893ffa2e32 -> 
  custom:scripting/monoscript/fileName/ETFXRotation.cs: 74c758b096ccc015ecc0b543e025d32f -> e343bb3cdc2d115200128a669b71dda1
  custom:scripting/monoscript/fileName/ETFXTarget.cs: ad09be64d07fe8ab15ea3df3041afe33 -> c04ff8e5450f1152d1f50a47046a7522
  custom:scripting/monoscript/fileName/ETFXMouseOrbit.cs: 2c256cdcc1004b2d89ad6216ce6f48ce -> 654fedd2040686dffcba3ab26348e73a
  custom:scripting/monoscript/fileName/PEButtonScript.cs: 1196c7824c32320b807ca3d248e82337 -> bf6c80445f44505babe53d9f3e6c71a8
  custom:scripting/monoscript/fileName/ETFXPitchRandomizer.cs: 5f93baac467b5aad804964f6f5c855d3 -> 5e0812fb099c455198fae606e4820674
  custom:CustomObjectIndexerAttribute: 756ad292c208cfabdd7b50bc23989ffe -> 
  custom:container-demuxer-webm: 4f35f7cbe854078d1ac9338744f61a02 -> 
  custom:scripting/monoscript/fileName/ETFXSceneManager.cs: fd89b14cfaa86424da64a78d3cc928bd -> 9146f3552534435a5b54b9657a6eaacd
  custom:container-muxer-webm: aa71ff27fc2769a1b78a27578f13a17b -> 
  custom:video-decoder-webm-vp8: 9c59270c3fd7afecdb556c50c9e8de78 -> 
  custom:SearchIndexIgnoredProperties: e643bd26f0fe6173181afceb89e7c659 -> 
  custom:AudioImporter_EditorPlatform: d09bf68614088b80899f8185d706f6e7 -> 
  custom:scripting/monoscript/fileName/UICanvasManager.cs: 5aab136b4eea2569aa2aed1e7de128ee -> ad5d5df5b0e004a8bd01e6144db352c4
  custom:scripting/monoscript/fileName/ETFXLightFade.cs: 8adc4a249aece59aef9b7f4a8f8629eb -> bc15e838f9d3884226cb2e9af0c78277
  custom:scripting/monoscript/fileName/ETFXProjectileScript.cs: ad4e5185dd169c5daa1ccc4c9f735f7c -> 91e6ec5b2311ff6de4abc8636a61f0dc
  custom:video-encoder-webm-vp8: eb34c28f22e8b96e1ab97ce403110664 -> 
  custom:audio-decoder-ogg-vorbis: bf7c407c2cedff20999df2af8eb42d56 -> 
  custom:scripting/monoscript/fileName/ETFXFireProjectile.cs: 4a8f4cc37966f793dd786ff73ce40e16 -> 848ec65e1ca5a78b8976353fa3b86db5
  custom:scripting/monoscript/fileName/ETFXButtonScript.cs: 72e9c0fa11c1debacc9e5b71ea9f9526 -> ed5b95a3380373270aaebfcd2475e74c
  custom:audio-encoder-webm-vorbis: bf7c407c2cedff20999df2af8eb42d56 -> 
  custom:scripting/monoscript/fileName/ParticleEffectsLibrary.cs: 412580748e6eff2b9440bcfa77c1a309 -> 3a37ad8c45f2dea0089853c8f2c9d55f
========================================================================
Received Import Request.
  Time since last request: 45.384348 seconds.
  path: Assets/ThirdParty/TopDownEngine/Demos/Loft3D/Prefabs/Cameras/LoftCameraProfile.asset
  artifactKey: Guid(feb1f9f6501aa2f4fba936867f4dd1a8) Importer(815301076,1909f56bfc062723c751e8b465ee728b)
Start importing Assets/ThirdParty/TopDownEngine/Demos/Loft3D/Prefabs/Cameras/LoftCameraProfile.asset using Guid(feb1f9f6501aa2f4fba936867f4dd1a8) Importer(815301076,1909f56bfc062723c751e8b465ee728b)  -> (artifact id: 'ed570e00f207ec6baf9baa5d13d1d7b8') in 0.040198 seconds
Number of updated asset objects reloaded before import = 0
Number of asset objects unloaded after import = 8
========================================================================
Received Import Request.
  Time since last request: 26.376418 seconds.
  path: Assets/ThirdParty/TopDownEngine/Demos/Loft3D/Sounds/LoftBump.wav
  artifactKey: Guid(b34e4aabd474c45c2945fc9c6eec8381) Importer(815301076,1909f56bfc062723c751e8b465ee728b)
Start importing Assets/ThirdParty/TopDownEngine/Demos/Loft3D/Sounds/LoftBump.wav using Guid(b34e4aabd474c45c2945fc9c6eec8381) Importer(815301076,1909f56bfc062723c751e8b465ee728b)  -> (artifact id: '69e78a47fd993b171ffaada58d476fba') in 0.069518 seconds
Number of updated asset objects reloaded before import = 0
Number of asset objects unloaded after import = 2
========================================================================
Received Import Request.
  Time since last request: 0.000015 seconds.
  path: Assets/ThirdParty/TopDownEngine/Demos/Loft3D/Sounds/LoftDeath.ogg
  artifactKey: Guid(6872e40aedb5c1246986a4cfe88a2f67) Importer(815301076,1909f56bfc062723c751e8b465ee728b)
Start importing Assets/ThirdParty/TopDownEngine/Demos/Loft3D/Sounds/LoftDeath.ogg using Guid(6872e40aedb5c1246986a4cfe88a2f67) Importer(815301076,1909f56bfc062723c751e8b465ee728b)  -> (artifact id: 'b71cfaafe8c426b3f0466537e0bbe9d3') in 0.027518 seconds
Number of updated asset objects reloaded before import = 0
Number of asset objects unloaded after import = 2
========================================================================
Received Import Request.
  Time since last request: 0.000031 seconds.
  path: Assets/ThirdParty/TopDownEngine/Demos/Loft3D/Sounds/LoftCoin.wav
  artifactKey: Guid(53d7a3adf877b4b72b7ec879fd0c0c75) Importer(815301076,1909f56bfc062723c751e8b465ee728b)
Start importing Assets/ThirdParty/TopDownEngine/Demos/Loft3D/Sounds/LoftCoin.wav using Guid(53d7a3adf877b4b72b7ec879fd0c0c75) Importer(815301076,1909f56bfc062723c751e8b465ee728b)  -> (artifact id: 'cc02c61ca85318e1cad07269ab2d25b3') in 0.005658 seconds
Number of updated asset objects reloaded before import = 0
Number of asset objects unloaded after import = 2
========================================================================
Received Import Request.
  Time since last request: 0.000010 seconds.
  path: Assets/ThirdParty/TopDownEngine/Demos/Loft3D/Sounds/LoftGlassyTap.wav
  artifactKey: Guid(2e66f0795156e42f1bb55316f73f568e) Importer(815301076,1909f56bfc062723c751e8b465ee728b)
Start importing Assets/ThirdParty/TopDownEngine/Demos/Loft3D/Sounds/LoftGlassyTap.wav using Guid(2e66f0795156e42f1bb55316f73f568e) Importer(815301076,1909f56bfc062723c751e8b465ee728b)  -> (artifact id: '79ac372d5e4ec124081456d9c6cadbd6') in 0.014282 seconds
Number of updated asset objects reloaded before import = 0
Number of asset objects unloaded after import = 2
========================================================================
Received Import Request.
  Time since last request: 0.000013 seconds.
  path: Assets/ThirdParty/TopDownEngine/Demos/Loft3D/Sounds/LoftGunMiss.wav
  artifactKey: Guid(7a2bdb4db9d4345c3b3bbf28b5009253) Importer(815301076,1909f56bfc062723c751e8b465ee728b)
Start importing Assets/ThirdParty/TopDownEngine/Demos/Loft3D/Sounds/LoftGunMiss.wav using Guid(7a2bdb4db9d4345c3b3bbf28b5009253) Importer(815301076,1909f56bfc062723c751e8b465ee728b)  -> (artifact id: '8f2da81ac0d6e22a05656c6756f48247') in 0.046911 seconds
Number of updated asset objects reloaded before import = 0
Number of asset objects unloaded after import = 2
========================================================================
Received Import Request.
  Time since last request: 0.000015 seconds.
  path: Assets/ThirdParty/TopDownEngine/Demos/Loft3D/Sounds/LoftDrop.wav
  artifactKey: Guid(6b788158cece248e4bb7a9237ece9605) Importer(815301076,1909f56bfc062723c751e8b465ee728b)
Start importing Assets/ThirdParty/TopDownEngine/Demos/Loft3D/Sounds/LoftDrop.wav using Guid(6b788158cece248e4bb7a9237ece9605) Importer(815301076,1909f56bfc062723c751e8b465ee728b)  -> (artifact id: 'da45665f5ebebef4d9e4e66e6a7d1191') in 0.004398 seconds
Number of updated asset objects reloaded before import = 0
Number of asset objects unloaded after import = 2
========================================================================
Received Import Request.
  Time since last request: 0.290841 seconds.
  path: Assets/ThirdParty/TopDownEngine/Demos/Loft3D/Sprites/LoftReticle.png
  artifactKey: Guid(689af5c536e301143843dfe9a62c133d) Importer(815301076,1909f56bfc062723c751e8b465ee728b)
Start importing Assets/ThirdParty/TopDownEngine/Demos/Loft3D/Sprites/LoftReticle.png using Guid(689af5c536e301143843dfe9a62c133d) Importer(815301076,1909f56bfc062723c751e8b465ee728b)  -> (artifact id: 'e3e14c8074ec1d82c358db61482625af') in 0.031462 seconds
Number of updated asset objects reloaded before import = 0
Number of asset objects unloaded after import = 3
========================================================================
Received Import Request.
  Time since last request: 0.000012 seconds.
  path: Assets/ThirdParty/TopDownEngine/Demos/Loft3D/Sprites/LoftWeaponIcons.png
  artifactKey: Guid(febaf98c9e2e16b4693de2178a533b43) Importer(815301076,1909f56bfc062723c751e8b465ee728b)
Start importing Assets/ThirdParty/TopDownEngine/Demos/Loft3D/Sprites/LoftWeaponIcons.png using Guid(febaf98c9e2e16b4693de2178a533b43) Importer(815301076,1909f56bfc062723c751e8b465ee728b)  -> (artifact id: 'bde02e1d88c3df61ebd06abaa5e5743d') in 0.036224 seconds
Number of updated asset objects reloaded before import = 0
Number of asset objects unloaded after import = 11
