Using pre-set license
Built from '2022.3/release' branch; Version is '2022.3.12f1 (4fe6e059c7ef) revision 5236448'; Using compiler version '192829333'; Build Type 'Release'
OS: 'Windows 11  (10.0.22621) 64bit Professional' Language: 'ru' Physical Memory: 32680 MB
BatchMode: 1, IsHumanControllingUs: 0, StartBugReporterOnCrash: 0, Is64bit: 1, IsPro: 1

COMMAND LINE ARGUMENTS:
C:\Program Files\Unity\Hub\Editor\2022.3.12f1\Editor\Unity.exe
-adb2
-batchMode
-noUpm
-name
AssetImportWorker0
-projectPath
E:/Work/GitLab/playtime_shooter/PlayeTime_Shooter
-logFile
Logs/AssetImportWorker0.log
-srvPort
50725
Successfully changed project path to: E:/Work/GitLab/playtime_shooter/PlayeTime_Shooter
E:/Work/GitLab/playtime_shooter/PlayeTime_Shooter
[UnityMemory] Configuration Parameters - Can be set up in boot.config
    "memorysetup-bucket-allocator-granularity=16"
    "memorysetup-bucket-allocator-bucket-count=8"
    "memorysetup-bucket-allocator-block-size=33554432"
    "memorysetup-bucket-allocator-block-count=8"
    "memorysetup-main-allocator-block-size=16777216"
    "memorysetup-thread-allocator-block-size=16777216"
    "memorysetup-gfx-main-allocator-block-size=16777216"
    "memorysetup-gfx-thread-allocator-block-size=16777216"
    "memorysetup-cache-allocator-block-size=4194304"
    "memorysetup-typetree-allocator-block-size=2097152"
    "memorysetup-profiler-bucket-allocator-granularity=16"
    "memorysetup-profiler-bucket-allocator-bucket-count=8"
    "memorysetup-profiler-bucket-allocator-block-size=33554432"
    "memorysetup-profiler-bucket-allocator-block-count=8"
    "memorysetup-profiler-allocator-block-size=16777216"
    "memorysetup-profiler-editor-allocator-block-size=1048576"
    "memorysetup-temp-allocator-size-main=16777216"
    "memorysetup-job-temp-allocator-block-size=2097152"
    "memorysetup-job-temp-allocator-block-size-background=1048576"
    "memorysetup-job-temp-allocator-reduction-small-platforms=262144"
    "memorysetup-allocator-temp-initial-block-size-main=262144"
    "memorysetup-allocator-temp-initial-block-size-worker=262144"
    "memorysetup-temp-allocator-size-background-worker=32768"
    "memorysetup-temp-allocator-size-job-worker=262144"
    "memorysetup-temp-allocator-size-preload-manager=33554432"
    "memorysetup-temp-allocator-size-nav-mesh-worker=65536"
    "memorysetup-temp-allocator-size-audio-worker=65536"
    "memorysetup-temp-allocator-size-cloud-worker=32768"
    "memorysetup-temp-allocator-size-gi-baking-worker=262144"
    "memorysetup-temp-allocator-size-gfx=262144"
Player connection [4608] Host "[IP] 192.168.1.183 [Port] 0 [Flags] 2 [Guid] 1952261444 [EditorId] 1952261444 [Version] 1048832 [Id] WindowsEditor(7,R) [Debug] 1 [PackageName] WindowsEditor [ProjectName] Editor" joined multi-casting on [225.0.0.222:54997]...

Player connection [4608] Host "[IP] 192.168.1.183 [Port] 0 [Flags] 2 [Guid] 1952261444 [EditorId] 1952261444 [Version] 1048832 [Id] WindowsEditor(7,R) [Debug] 1 [PackageName] WindowsEditor [ProjectName] Editor" joined alternative multi-casting on [225.0.0.222:34997]...

[Physics::Module] Initialized MultithreadedJobDispatcher with 11 workers.
Refreshing native plugins compatible for Editor in 8.85 ms, found 6 plugins.
Preloading 0 native plugins for Editor in 0.00 ms.
Initialize engine version: 2022.3.12f1 (4fe6e059c7ef)
[Subsystems] Discovering subsystems at path C:/Program Files/Unity/Hub/Editor/2022.3.12f1/Editor/Data/Resources/UnitySubsystems
[Subsystems] Discovering subsystems at path E:/Work/GitLab/playtime_shooter/PlayeTime_Shooter/Assets
GfxDevice: creating device client; threaded=0; jobified=0
Direct3D:
    Version:  Direct3D 11.0 [level 11.1]
    Renderer: NVIDIA GeForce RTX 3060 (ID=0x2503)
    Vendor:   NVIDIA
    VRAM:     12143 MB
    Driver:   27.21.14.6172
Shader 'MoreMountains/MMRipple': fallback shader 'Particle/AlphaBlended' not found
Initialize mono
Mono path[0] = 'C:/Program Files/Unity/Hub/Editor/2022.3.12f1/Editor/Data/Managed'
Mono path[1] = 'C:/Program Files/Unity/Hub/Editor/2022.3.12f1/Editor/Data/MonoBleedingEdge/lib/mono/unityjit-win32'
Mono config path = 'C:/Program Files/Unity/Hub/Editor/2022.3.12f1/Editor/Data/MonoBleedingEdge/etc'
Using monoOptions --debugger-agent=transport=dt_socket,embedding=1,server=y,suspend=n,address=127.0.0.1:56752
Begin MonoManager ReloadAssembly
Registering precompiled unity dll's ...
Register platform support module: C:/Program Files/Unity/Hub/Editor/2022.3.12f1/Editor/Data/PlaybackEngines/AndroidPlayer/UnityEditor.Android.Extensions.dll
Register platform support module: C:/Program Files/Unity/Hub/Editor/2022.3.12f1/Editor/Data/PlaybackEngines/WindowsStandaloneSupport/UnityEditor.WindowsStandalone.Extensions.dll
Registered in 0.005670 seconds.
- Loaded All Assemblies, in  0.419 seconds
Native extension for WindowsStandalone target not found
Native extension for Android target not found
Android Extension - Scanning For ADB Devices 177 ms
Mono: successfully reloaded assembly
- Finished resetting the current domain, in  0.510 seconds
Domain Reload Profiling: 927ms
	BeginReloadAssembly (105ms)
		ExecutionOrderSort (0ms)
		DisableScriptedObjects (0ms)
		BackupInstance (0ms)
		ReleaseScriptingObjects (0ms)
		CreateAndSetChildDomain (1ms)
	RebuildCommonClasses (42ms)
	RebuildNativeTypeToScriptingClass (12ms)
	initialDomainReloadingComplete (57ms)
	LoadAllAssembliesAndSetupDomain (201ms)
		LoadAssemblies (105ms)
		RebuildTransferFunctionScriptingTraits (0ms)
		AnalyzeDomain (198ms)
			TypeCache.Refresh (196ms)
				TypeCache.ScanAssembly (176ms)
			ScanForSourceGeneratedMonoScriptInfo (1ms)
			ResolveRequiredComponents (1ms)
	FinalizeReload (511ms)
		ReleaseScriptCaches (0ms)
		RebuildScriptCaches (0ms)
		SetupLoadedEditorAssemblies (438ms)
			LogAssemblyErrors (0ms)
			InitializePlatformSupportModulesInManaged (285ms)
			SetLoadedEditorAssemblies (4ms)
			RefreshPlugins (0ms)
			BeforeProcessingInitializeOnLoad (2ms)
			ProcessInitializeOnLoadAttributes (103ms)
			ProcessInitializeOnLoadMethodAttributes (43ms)
			AfterProcessingInitializeOnLoad (0ms)
			EditorAssembliesLoaded (0ms)
		ExecutionOrderSort2 (0ms)
		AwakeInstancesAfterBackupRestoration (0ms)
========================================================================
Worker process is ready to serve import requests
Begin MonoManager ReloadAssembly
- Loaded All Assemblies, in  0.753 seconds
Refreshing native plugins compatible for Editor in 3.29 ms, found 6 plugins.
Native extension for WindowsStandalone target not found
Native extension for Android target not found
Package Manager log level set to [2]
[Package Manager] Server::EnsureServerProcessIsRunning -- launch failed, reason: Unity was launched with the -noUpm command-line argument
[Package Manager] UpmClient::Send -- Unable to send message (not connected to UPM process).
[Package Manager] Cannot connect to Unity Package Manager local server
Mono: successfully reloaded assembly
- Finished resetting the current domain, in  0.767 seconds
Domain Reload Profiling: 1518ms
	BeginReloadAssembly (150ms)
		ExecutionOrderSort (0ms)
		DisableScriptedObjects (7ms)
		BackupInstance (0ms)
		ReleaseScriptingObjects (0ms)
		CreateAndSetChildDomain (21ms)
	RebuildCommonClasses (41ms)
	RebuildNativeTypeToScriptingClass (15ms)
	initialDomainReloadingComplete (33ms)
	LoadAllAssembliesAndSetupDomain (512ms)
		LoadAssemblies (311ms)
		RebuildTransferFunctionScriptingTraits (0ms)
		AnalyzeDomain (283ms)
			TypeCache.Refresh (234ms)
				TypeCache.ScanAssembly (211ms)
			ScanForSourceGeneratedMonoScriptInfo (26ms)
			ResolveRequiredComponents (21ms)
	FinalizeReload (767ms)
		ReleaseScriptCaches (0ms)
		RebuildScriptCaches (0ms)
		SetupLoadedEditorAssemblies (534ms)
			LogAssemblyErrors (0ms)
			InitializePlatformSupportModulesInManaged (25ms)
			SetLoadedEditorAssemblies (4ms)
			RefreshPlugins (0ms)
			BeforeProcessingInitializeOnLoad (72ms)
			ProcessInitializeOnLoadAttributes (392ms)
			ProcessInitializeOnLoadMethodAttributes (37ms)
			AfterProcessingInitializeOnLoad (4ms)
			EditorAssembliesLoaded (0ms)
		ExecutionOrderSort2 (0ms)
		AwakeInstancesAfterBackupRestoration (5ms)
Shader 'MoreMountains/MMRipple': fallback shader 'Particle/AlphaBlended' not found
Launched and connected shader compiler UnityShaderCompiler.exe after 0.03 seconds
Refreshing native plugins compatible for Editor in 3.72 ms, found 6 plugins.
Preloading 0 native plugins for Editor in 0.00 ms.
Unloading 4906 Unused Serialized files (Serialized files now loaded: 0)
Unloading 79 unused Assets / (1.8 MB). Loaded Objects now: 5357.
Memory consumption went from 378.6 MB to 376.9 MB.
Total: 4.834300 ms (FindLiveObjects: 0.373900 ms CreateObjectMapping: 0.366600 ms MarkObjects: 3.168000 ms  DeleteObjects: 0.924100 ms)

AssetImportParameters requested are different than current active one (requested -> active):
  custom:container-demuxer-ogg: 62fdf1f143b41e24485cea50d1cbac27 -> 
  custom:video-codec-MediaFoundation-h265: 746d11721c4dcdbdad8f713fa42b33f4 -> 
  custom:video-decoder-ogg-theora: a1e56fd34408186e4bbccfd4996cb3dc -> 
  custom:framework-win-MediaFoundation: 216162199b28c13a410421893ffa2e32 -> 
  custom:CustomObjectIndexerAttribute: 756ad292c208cfabdd7b50bc23989ffe -> 
  custom:container-demuxer-webm: 4f35f7cbe854078d1ac9338744f61a02 -> 
  custom:container-muxer-webm: aa71ff27fc2769a1b78a27578f13a17b -> 
  custom:video-decoder-webm-vp8: 9c59270c3fd7afecdb556c50c9e8de78 -> 
  custom:SearchIndexIgnoredProperties: e643bd26f0fe6173181afceb89e7c659 -> 
  custom:AudioImporter_EditorPlatform: d09bf68614088b80899f8185d706f6e7 -> 
  custom:video-encoder-webm-vp8: eb34c28f22e8b96e1ab97ce403110664 -> 
  custom:audio-decoder-ogg-vorbis: bf7c407c2cedff20999df2af8eb42d56 -> 
  custom:audio-encoder-webm-vorbis: bf7c407c2cedff20999df2af8eb42d56 -> 
========================================================================
Received Import Request.
  Time since last request: 1100.567169 seconds.
  path: Assets/ThirdParty/ToysPack/Models/Sheep_01.fbx
  artifactKey: Guid(8d61902f9d9b00d48bd788cbc265a961) Importer(815301076,1909f56bfc062723c751e8b465ee728b)
Start importing Assets/ThirdParty/ToysPack/Models/Sheep_01.fbx using Guid(8d61902f9d9b00d48bd788cbc265a961) Importer(815301076,1909f56bfc062723c751e8b465ee728b)  -> (artifact id: '35ccde823df11a89e275453820f145b6') in 0.106684 seconds
Number of updated asset objects reloaded before import = 0
Number of asset objects unloaded after import = 9
========================================================================
Received Import Request.
  Time since last request: 0.000027 seconds.
  path: Assets/ThirdParty/ToysPack/Models/Skateboard_01.fbx
  artifactKey: Guid(5f84801bc0b09704e82b4d7bd5cf7f53) Importer(815301076,1909f56bfc062723c751e8b465ee728b)
Start importing Assets/ThirdParty/ToysPack/Models/Skateboard_01.fbx using Guid(5f84801bc0b09704e82b4d7bd5cf7f53) Importer(815301076,1909f56bfc062723c751e8b465ee728b)  -> (artifact id: '2825614b9e6061d65febf77cd3390536') in 0.069022 seconds
Number of updated asset objects reloaded before import = 0
Number of asset objects unloaded after import = 29
========================================================================
Received Import Request.
  Time since last request: 0.000047 seconds.
  path: Assets/ThirdParty/ToysPack/Models/Ball_01.fbx
  artifactKey: Guid(371e9db7876995147bceca5c0aa742ef) Importer(815301076,1909f56bfc062723c751e8b465ee728b)
Start importing Assets/ThirdParty/ToysPack/Models/Ball_01.fbx using Guid(371e9db7876995147bceca5c0aa742ef) Importer(815301076,1909f56bfc062723c751e8b465ee728b)  -> (artifact id: '3909afca0a83473aa0798ecab8f3477f') in 0.014408 seconds
Number of updated asset objects reloaded before import = 0
Number of asset objects unloaded after import = 9
========================================================================
Received Import Request.
  Time since last request: 0.000021 seconds.
  path: Assets/ThirdParty/ToysPack/Models/Basketball_01.fbx
  artifactKey: Guid(af7ee3dde2d6aab4184f28fac36eafb2) Importer(815301076,1909f56bfc062723c751e8b465ee728b)
Start importing Assets/ThirdParty/ToysPack/Models/Basketball_01.fbx using Guid(af7ee3dde2d6aab4184f28fac36eafb2) Importer(815301076,1909f56bfc062723c751e8b465ee728b)  -> (artifact id: 'e460c331ff07b2f5bfab65bd9b2b45a1') in 0.020623 seconds
Number of updated asset objects reloaded before import = 0
Number of asset objects unloaded after import = 9
========================================================================
Received Import Request.
  Time since last request: 0.000018 seconds.
  path: Assets/ThirdParty/ToysPack/Models/Plane_01.fbx
  artifactKey: Guid(de9b46797317e4e4281c40672c6b094d) Importer(815301076,1909f56bfc062723c751e8b465ee728b)
Start importing Assets/ThirdParty/ToysPack/Models/Plane_01.fbx using Guid(de9b46797317e4e4281c40672c6b094d) Importer(815301076,1909f56bfc062723c751e8b465ee728b)  -> (artifact id: '4592496d57155ea6355cf6c9db5e7af1') in 0.020693 seconds
Number of updated asset objects reloaded before import = 0
Number of asset objects unloaded after import = 14
========================================================================
Received Import Request.
  Time since last request: 0.000022 seconds.
  path: Assets/ThirdParty/ToysPack/Models/Doll_02.fbx
  artifactKey: Guid(7006c80f28486e7489516fad7a3d5daa) Importer(815301076,1909f56bfc062723c751e8b465ee728b)
Start importing Assets/ThirdParty/ToysPack/Models/Doll_02.fbx using Guid(7006c80f28486e7489516fad7a3d5daa) Importer(815301076,1909f56bfc062723c751e8b465ee728b)  -> (artifact id: '53eaa004c789b7ed504485bdf1a3d820') in 0.012986 seconds
Number of updated asset objects reloaded before import = 0
Number of asset objects unloaded after import = 9
========================================================================
Received Import Request.
  Time since last request: 0.000012 seconds.
  path: Assets/ThirdParty/ToysPack/Models/RollerSkate_01.fbx
  artifactKey: Guid(74d149a51b4adca4f926a4be587be8b5) Importer(815301076,1909f56bfc062723c751e8b465ee728b)
Start importing Assets/ThirdParty/ToysPack/Models/RollerSkate_01.fbx using Guid(74d149a51b4adca4f926a4be587be8b5) Importer(815301076,1909f56bfc062723c751e8b465ee728b)  -> (artifact id: '909135966462bda813dfdc7103a3ed51') in 0.174782 seconds
Number of updated asset objects reloaded before import = 0
Number of asset objects unloaded after import = 29
========================================================================
Received Import Request.
  Time since last request: 0.000019 seconds.
  path: Assets/ThirdParty/ToysPack/Models/Doll_01.fbx
  artifactKey: Guid(bc062b81cd3fbf746bd0f1e618d8451d) Importer(815301076,1909f56bfc062723c751e8b465ee728b)
Start importing Assets/ThirdParty/ToysPack/Models/Doll_01.fbx using Guid(bc062b81cd3fbf746bd0f1e618d8451d) Importer(815301076,1909f56bfc062723c751e8b465ee728b)  -> (artifact id: '34e75597b05db30e8ce960e6a0039e00') in 0.011436 seconds
Number of updated asset objects reloaded before import = 0
Number of asset objects unloaded after import = 9
========================================================================
Received Import Request.
  Time since last request: 0.000029 seconds.
  path: Assets/ThirdParty/ToysPack/Models/RockingHorse_01.fbx
  artifactKey: Guid(0b1be9e0364a83f49a2b682bbc815b58) Importer(815301076,1909f56bfc062723c751e8b465ee728b)
Start importing Assets/ThirdParty/ToysPack/Models/RockingHorse_01.fbx using Guid(0b1be9e0364a83f49a2b682bbc815b58) Importer(815301076,1909f56bfc062723c751e8b465ee728b)  -> (artifact id: '080c92850272c795c36ed836f8f12ddd') in 0.012065 seconds
Number of updated asset objects reloaded before import = 0
Number of asset objects unloaded after import = 9
========================================================================
Received Import Request.
  Time since last request: 0.000015 seconds.
  path: Assets/ThirdParty/ToysPack/Models/Boomerang_01.fbx
  artifactKey: Guid(32a326d67eb195c45a31594b2f527b94) Importer(815301076,1909f56bfc062723c751e8b465ee728b)
Start importing Assets/ThirdParty/ToysPack/Models/Boomerang_01.fbx using Guid(32a326d67eb195c45a31594b2f527b94) Importer(815301076,1909f56bfc062723c751e8b465ee728b)  -> (artifact id: 'ecdb1dec06d3eb44f3af7f004d113aca') in 0.012601 seconds
Number of updated asset objects reloaded before import = 0
Number of asset objects unloaded after import = 9
========================================================================
Received Import Request.
  Time since last request: 0.000015 seconds.
  path: Assets/ThirdParty/ToysPack/Models/Piano_01.fbx
  artifactKey: Guid(48f94fd94561f33418f183d80658d0ba) Importer(815301076,1909f56bfc062723c751e8b465ee728b)
Start importing Assets/ThirdParty/ToysPack/Models/Piano_01.fbx using Guid(48f94fd94561f33418f183d80658d0ba) Importer(815301076,1909f56bfc062723c751e8b465ee728b)  -> (artifact id: 'e063881a06d90017ac97b288dc4ebf68') in 0.012362 seconds
Number of updated asset objects reloaded before import = 0
Number of asset objects unloaded after import = 9
========================================================================
Received Import Request.
  Time since last request: 0.000022 seconds.
  path: Assets/ThirdParty/ToysPack/Models/Bee_01.fbx
  artifactKey: Guid(1fee88f06248c8b4eb3e5aef4a14fc2c) Importer(815301076,1909f56bfc062723c751e8b465ee728b)
Start importing Assets/ThirdParty/ToysPack/Models/Bee_01.fbx using Guid(1fee88f06248c8b4eb3e5aef4a14fc2c) Importer(815301076,1909f56bfc062723c751e8b465ee728b)  -> (artifact id: '4ceaf06f84f4d1db27789251fe698fd6') in 0.014264 seconds
Number of updated asset objects reloaded before import = 0
Number of asset objects unloaded after import = 9
========================================================================
Received Import Request.
  Time since last request: 0.000018 seconds.
  path: Assets/ThirdParty/ToysPack/Models/Pogostick_01.fbx
  artifactKey: Guid(b50ace2ff3e8f6f43a50dc5541ec0338) Importer(815301076,1909f56bfc062723c751e8b465ee728b)
Start importing Assets/ThirdParty/ToysPack/Models/Pogostick_01.fbx using Guid(b50ace2ff3e8f6f43a50dc5541ec0338) Importer(815301076,1909f56bfc062723c751e8b465ee728b)  -> (artifact id: 'a3c8de6c0e5bacd5df3f367ed6862a8d') in 0.014716 seconds
Number of updated asset objects reloaded before import = 0
Number of asset objects unloaded after import = 14
========================================================================
Received Import Request.
  Time since last request: 0.000014 seconds.
  path: Assets/ThirdParty/ToysPack/Models/Car_02.fbx
  artifactKey: Guid(6a2bafb17b54ec84685a430b1fd2d302) Importer(815301076,1909f56bfc062723c751e8b465ee728b)
Start importing Assets/ThirdParty/ToysPack/Models/Car_02.fbx using Guid(6a2bafb17b54ec84685a430b1fd2d302) Importer(815301076,1909f56bfc062723c751e8b465ee728b)  -> (artifact id: '3137d12d96b080a28b1c08a72daa5866') in 0.042510 seconds
Number of updated asset objects reloaded before import = 0
Number of asset objects unloaded after import = 29
========================================================================
Received Import Request.
  Time since last request: 0.000021 seconds.
  path: Assets/ThirdParty/ToysPack/Models/LaserSword_01.fbx
  artifactKey: Guid(f7952bcfaa1f47e44b5d6850fb0887b5) Importer(815301076,1909f56bfc062723c751e8b465ee728b)
Start importing Assets/ThirdParty/ToysPack/Models/LaserSword_01.fbx using Guid(f7952bcfaa1f47e44b5d6850fb0887b5) Importer(815301076,1909f56bfc062723c751e8b465ee728b)  -> (artifact id: 'c91b54390dc0bd64ec06e879667fd17b') in 0.014272 seconds
Number of updated asset objects reloaded before import = 0
Number of asset objects unloaded after import = 10
========================================================================
Received Import Request.
  Time since last request: 0.000014 seconds.
  path: Assets/ThirdParty/ToysPack/Models/Helicopter_01.fbx
  artifactKey: Guid(31c2c641f21c4bb48b07ee7e98914f76) Importer(815301076,1909f56bfc062723c751e8b465ee728b)
Start importing Assets/ThirdParty/ToysPack/Models/Helicopter_01.fbx using Guid(31c2c641f21c4bb48b07ee7e98914f76) Importer(815301076,1909f56bfc062723c751e8b465ee728b)  -> (artifact id: '62996539b666d6e331a827332827c939') in 0.024321 seconds
Number of updated asset objects reloaded before import = 0
Number of asset objects unloaded after import = 19
========================================================================
Received Import Request.
  Time since last request: 0.000022 seconds.
  path: Assets/ThirdParty/ToysPack/Models/Rocket_01.fbx
  artifactKey: Guid(afa1249c2a6a12048992fe5d0f6677fb) Importer(815301076,1909f56bfc062723c751e8b465ee728b)
Start importing Assets/ThirdParty/ToysPack/Models/Rocket_01.fbx using Guid(afa1249c2a6a12048992fe5d0f6677fb) Importer(815301076,1909f56bfc062723c751e8b465ee728b)  -> (artifact id: '5b9416cdb2a5206603b72477ec039a16') in 0.010702 seconds
Number of updated asset objects reloaded before import = 0
Number of asset objects unloaded after import = 9
========================================================================
Received Import Request.
  Time since last request: 0.000019 seconds.
  path: Assets/ThirdParty/ToysPack/Models/Bucket_01.fbx
  artifactKey: Guid(0466a1805dd6e9f49946d0d890cec545) Importer(815301076,1909f56bfc062723c751e8b465ee728b)
Start importing Assets/ThirdParty/ToysPack/Models/Bucket_01.fbx using Guid(0466a1805dd6e9f49946d0d890cec545) Importer(815301076,1909f56bfc062723c751e8b465ee728b)  -> (artifact id: 'b2d9abfcc0c783c67c45c232b4fe7c75') in 0.018742 seconds
Number of updated asset objects reloaded before import = 0
Number of asset objects unloaded after import = 14
========================================================================
Received Import Request.
  Time since last request: 0.000013 seconds.
  path: Assets/ThirdParty/ToysPack/Models/Horse_01.fbx
  artifactKey: Guid(743fc88b89c33a3449e1cabe4027f93d) Importer(815301076,1909f56bfc062723c751e8b465ee728b)
Start importing Assets/ThirdParty/ToysPack/Models/Horse_01.fbx using Guid(743fc88b89c33a3449e1cabe4027f93d) Importer(815301076,1909f56bfc062723c751e8b465ee728b)  -> (artifact id: '7b80044f57c14e552cd67c4554f42c2d') in 0.011848 seconds
Number of updated asset objects reloaded before import = 0
Number of asset objects unloaded after import = 9
========================================================================
Received Import Request.
  Time since last request: 394.283790 seconds.
  path: Assets/ThirdParty/TopDownEngine/Demos/Loft3D/Loft3D.unity
  artifactKey: Guid(d1174410a185495439298917edf07eea) Importer(815301076,1909f56bfc062723c751e8b465ee728b)
Start importing Assets/ThirdParty/TopDownEngine/Demos/Loft3D/Loft3D.unity using Guid(d1174410a185495439298917edf07eea) Importer(815301076,1909f56bfc062723c751e8b465ee728b)  -> (artifact id: '7669027ebf6f98f5b30667be19092d9c') in 0.010053 seconds
Number of updated asset objects reloaded before import = 0
Number of asset objects unloaded after import = 0
========================================================================
Received Prepare
Begin MonoManager ReloadAssembly
- Loaded All Assemblies, in  0.478 seconds
Refreshing native plugins compatible for Editor in 5.52 ms, found 7 plugins.
Native extension for WindowsStandalone target not found
Native extension for Android target not found
[Package Manager] Server::EnsureServerProcessIsRunning -- launch failed, reason: Unity was launched with the -noUpm command-line argument
[Package Manager] UpmClient::Send -- Unable to send message (not connected to UPM process).
[Package Manager] Cannot connect to Unity Package Manager local server
Mono: successfully reloaded assembly
- Finished resetting the current domain, in  0.910 seconds
Domain Reload Profiling: 1386ms
	BeginReloadAssembly (176ms)
		ExecutionOrderSort (0ms)
		DisableScriptedObjects (9ms)
		BackupInstance (0ms)
		ReleaseScriptingObjects (0ms)
		CreateAndSetChildDomain (45ms)
	RebuildCommonClasses (33ms)
	RebuildNativeTypeToScriptingClass (12ms)
	initialDomainReloadingComplete (25ms)
	LoadAllAssembliesAndSetupDomain (230ms)
		LoadAssemblies (259ms)
		RebuildTransferFunctionScriptingTraits (0ms)
		AnalyzeDomain (54ms)
			TypeCache.Refresh (13ms)
				TypeCache.ScanAssembly (2ms)
			ScanForSourceGeneratedMonoScriptInfo (8ms)
			ResolveRequiredComponents (32ms)
	FinalizeReload (911ms)
		ReleaseScriptCaches (0ms)
		RebuildScriptCaches (0ms)
		SetupLoadedEditorAssemblies (453ms)
			LogAssemblyErrors (0ms)
			InitializePlatformSupportModulesInManaged (20ms)
			SetLoadedEditorAssemblies (3ms)
			RefreshPlugins (0ms)
			BeforeProcessingInitializeOnLoad (73ms)
			ProcessInitializeOnLoadAttributes (319ms)
			ProcessInitializeOnLoadMethodAttributes (33ms)
			AfterProcessingInitializeOnLoad (4ms)
			EditorAssembliesLoaded (0ms)
		ExecutionOrderSort2 (0ms)
		AwakeInstancesAfterBackupRestoration (7ms)
Shader 'MoreMountains/MMRipple': fallback shader 'Particle/AlphaBlended' not found
Refreshing native plugins compatible for Editor in 3.85 ms, found 7 plugins.
Preloading 0 native plugins for Editor in 0.00 ms.
Unloading 4988 Unused Serialized files (Serialized files now loaded: 0)
Unloading 57 unused Assets / (1.7 MB). Loaded Objects now: 5605.
Memory consumption went from 350.8 MB to 349.0 MB.
Total: 4.478200 ms (FindLiveObjects: 0.393200 ms CreateObjectMapping: 0.375400 ms MarkObjects: 2.818800 ms  DeleteObjects: 0.889900 ms)

Prepare: number of updated asset objects reloaded= 0
AssetImportParameters requested are different than current active one (requested -> active):
  custom:container-demuxer-ogg: 62fdf1f143b41e24485cea50d1cbac27 -> 
  custom:video-codec-MediaFoundation-h265: 746d11721c4dcdbdad8f713fa42b33f4 -> 
  custom:video-decoder-ogg-theora: a1e56fd34408186e4bbccfd4996cb3dc -> 
  custom:framework-win-MediaFoundation: 216162199b28c13a410421893ffa2e32 -> 
  custom:CustomObjectIndexerAttribute: 756ad292c208cfabdd7b50bc23989ffe -> 
  custom:container-demuxer-webm: 4f35f7cbe854078d1ac9338744f61a02 -> 
  custom:container-muxer-webm: aa71ff27fc2769a1b78a27578f13a17b -> 
  custom:video-decoder-webm-vp8: 9c59270c3fd7afecdb556c50c9e8de78 -> 
  custom:SearchIndexIgnoredProperties: e643bd26f0fe6173181afceb89e7c659 -> 
  custom:AudioImporter_EditorPlatform: d09bf68614088b80899f8185d706f6e7 -> 
  custom:video-encoder-webm-vp8: eb34c28f22e8b96e1ab97ce403110664 -> 
  custom:audio-decoder-ogg-vorbis: bf7c407c2cedff20999df2af8eb42d56 -> 
  custom:audio-encoder-webm-vorbis: bf7c407c2cedff20999df2af8eb42d56 -> 
========================================================================
Received Import Request.
  Time since last request: 768.165879 seconds.
  path: Assets/ThirdParty/TopDownEngine/ThirdParty/MoreMountains/MMTools/Tools/MMAchievements/Sprites/AchievementBackground.png
  artifactKey: Guid(cecdbf60b0c9d47c9a26b99a41425de0) Importer(815301076,1909f56bfc062723c751e8b465ee728b)
Start importing Assets/ThirdParty/TopDownEngine/ThirdParty/MoreMountains/MMTools/Tools/MMAchievements/Sprites/AchievementBackground.png using Guid(cecdbf60b0c9d47c9a26b99a41425de0) Importer(815301076,1909f56bfc062723c751e8b465ee728b)  -> (artifact id: '84609ac976e51f991c889d49c8b57ef5') in 0.118545 seconds
Number of updated asset objects reloaded before import = 0
Number of asset objects unloaded after import = 3
========================================================================
Received Import Request.
  Time since last request: 0.000018 seconds.
  path: Assets/ThirdParty/TopDownEngine/ThirdParty/MoreMountains/MMTools/Tools/MMAchievements/Sprites/AchievementIcon.png
  artifactKey: Guid(16a86a7f581fc4dfb953e0df8ad3ecac) Importer(815301076,1909f56bfc062723c751e8b465ee728b)
Start importing Assets/ThirdParty/TopDownEngine/ThirdParty/MoreMountains/MMTools/Tools/MMAchievements/Sprites/AchievementIcon.png using Guid(16a86a7f581fc4dfb953e0df8ad3ecac) Importer(815301076,1909f56bfc062723c751e8b465ee728b)  -> (artifact id: '59878ac66de9c89e277f8c14a5b460c9') in 0.013075 seconds
Number of updated asset objects reloaded before import = 0
Number of asset objects unloaded after import = 3
========================================================================
Received Import Request.
  Time since last request: 0.000023 seconds.
  path: Assets/ThirdParty/TopDownEngine/ThirdParty/MoreMountains/InventoryEngine/Demos/PixelRogue/Sprites/AdventurerItems.png
  artifactKey: Guid(678058abcbfe36f42902c11d9e5f64fc) Importer(815301076,1909f56bfc062723c751e8b465ee728b)
Start importing Assets/ThirdParty/TopDownEngine/ThirdParty/MoreMountains/InventoryEngine/Demos/PixelRogue/Sprites/AdventurerItems.png using Guid(678058abcbfe36f42902c11d9e5f64fc) Importer(815301076,1909f56bfc062723c751e8b465ee728b)  -> (artifact id: '7036ace22e3bf58cd3e7acc78c9c3d7d') in 0.139450 seconds
Number of updated asset objects reloaded before import = 0
Number of asset objects unloaded after import = 18
========================================================================
Received Import Request.
  Time since last request: 0.000012 seconds.
  path: Assets/ThirdParty/TopDownEngine/ThirdParty/MoreMountains/MMInterface/Styles/Mini/Sprites/Avatars.png
  artifactKey: Guid(079f5a8d00f74c84181be0a872b4c39d) Importer(815301076,1909f56bfc062723c751e8b465ee728b)
Start importing Assets/ThirdParty/TopDownEngine/ThirdParty/MoreMountains/MMInterface/Styles/Mini/Sprites/Avatars.png using Guid(079f5a8d00f74c84181be0a872b4c39d) Importer(815301076,1909f56bfc062723c751e8b465ee728b)  -> (artifact id: '3df747f9396314c974c16049ace3af20') in 0.041266 seconds
Number of updated asset objects reloaded before import = 0
Number of asset objects unloaded after import = 6
========================================================================
Received Import Request.
  Time since last request: 3.053607 seconds.
  path: Assets/ThirdParty/TopDownEngine/Common/Sprites/ButtonPromptBackground.png
  artifactKey: Guid(705f3a69250bd8649beb8737c75ebb6d) Importer(815301076,1909f56bfc062723c751e8b465ee728b)
Start importing Assets/ThirdParty/TopDownEngine/Common/Sprites/ButtonPromptBackground.png using Guid(705f3a69250bd8649beb8737c75ebb6d) Importer(815301076,1909f56bfc062723c751e8b465ee728b)  -> (artifact id: '73387a9fe9043b01b7512b883d2e191a') in 0.021856 seconds
Number of updated asset objects reloaded before import = 0
Number of asset objects unloaded after import = 3
========================================================================
Received Import Request.
  Time since last request: 0.463074 seconds.
  path: Assets/ThirdParty/TopDownEngine/ThirdParty/MoreMountains/MMFeedbacks/Demos/SequencingDemo/Textures/Carpet05_col.png
  artifactKey: Guid(2e3ff3919f6749446b2aed1782b493ce) Importer(815301076,1909f56bfc062723c751e8b465ee728b)
Start importing Assets/ThirdParty/TopDownEngine/ThirdParty/MoreMountains/MMFeedbacks/Demos/SequencingDemo/Textures/Carpet05_col.png using Guid(2e3ff3919f6749446b2aed1782b493ce) Importer(815301076,1909f56bfc062723c751e8b465ee728b)  -> (artifact id: 'fc2d30493e79385f9f135a7600502ec2') in 0.018436 seconds
Number of updated asset objects reloaded before import = 0
Number of asset objects unloaded after import = 2
========================================================================
Received Import Request.
  Time since last request: 0.028814 seconds.
  path: Assets/ThirdParty/TopDownEngine/ThirdParty/MoreMountains/MMFeedbacks/Demos/SequencingDemo/Textures/Carpet05_rgh.png
  artifactKey: Guid(83247f4004c68e648b3143b05c601da4) Importer(815301076,1909f56bfc062723c751e8b465ee728b)
Start importing Assets/ThirdParty/TopDownEngine/ThirdParty/MoreMountains/MMFeedbacks/Demos/SequencingDemo/Textures/Carpet05_rgh.png using Guid(83247f4004c68e648b3143b05c601da4) Importer(815301076,1909f56bfc062723c751e8b465ee728b)  -> (artifact id: 'b78ab89ffeaecdf92ee0f458c25083e6') in 0.014247 seconds
Number of updated asset objects reloaded before import = 0
Number of asset objects unloaded after import = 2
========================================================================
Received Import Request.
  Time since last request: 0.003223 seconds.
  path: Assets/ThirdParty/TopDownEngine/ThirdParty/MoreMountains/MMFeedbacks/Demos/SequencingDemo/Textures/Carpet06_AO.png
  artifactKey: Guid(1ee7859e9ba2b4d4488e305a8553cdeb) Importer(815301076,1909f56bfc062723c751e8b465ee728b)
Start importing Assets/ThirdParty/TopDownEngine/ThirdParty/MoreMountains/MMFeedbacks/Demos/SequencingDemo/Textures/Carpet06_AO.png using Guid(1ee7859e9ba2b4d4488e305a8553cdeb) Importer(815301076,1909f56bfc062723c751e8b465ee728b)  -> (artifact id: '5d6fc0b92cd669cc43320699f9a0a6d5') in 0.021717 seconds
Number of updated asset objects reloaded before import = 0
Number of asset objects unloaded after import = 2
========================================================================
Received Import Request.
  Time since last request: 0.011520 seconds.
  path: Assets/ThirdParty/TopDownEngine/ThirdParty/MoreMountains/MMFeedbacks/Demos/SequencingDemo/Textures/Carpet06_col.png
  artifactKey: Guid(0a5a24e49e8b5814ebe400a0f609cf27) Importer(815301076,1909f56bfc062723c751e8b465ee728b)
Start importing Assets/ThirdParty/TopDownEngine/ThirdParty/MoreMountains/MMFeedbacks/Demos/SequencingDemo/Textures/Carpet06_col.png using Guid(0a5a24e49e8b5814ebe400a0f609cf27) Importer(815301076,1909f56bfc062723c751e8b465ee728b)  -> (artifact id: '006169172467f12fb9dc676377a5206a') in 0.013175 seconds
Number of updated asset objects reloaded before import = 0
Number of asset objects unloaded after import = 2
========================================================================
Received Import Request.
  Time since last request: 0.026929 seconds.
  path: Assets/ThirdParty/TopDownEngine/ThirdParty/MoreMountains/MMFeedbacks/Demos/SequencingDemo/Textures/Carpet06_rgh.png
  artifactKey: Guid(f9313ad493a07844cb370af0ece869e9) Importer(815301076,1909f56bfc062723c751e8b465ee728b)
Start importing Assets/ThirdParty/TopDownEngine/ThirdParty/MoreMountains/MMFeedbacks/Demos/SequencingDemo/Textures/Carpet06_rgh.png using Guid(f9313ad493a07844cb370af0ece869e9) Importer(815301076,1909f56bfc062723c751e8b465ee728b)  -> (artifact id: 'e3017a84bfad23d4572286328b4e007e') in 0.090584 seconds
Number of updated asset objects reloaded before import = 0
Number of asset objects unloaded after import = 2
========================================================================
Received Import Request.
  Time since last request: 13.497684 seconds.
  path: Assets/ThirdParty/TopDownEngine/ThirdParty/MoreMountains/MMFeedbacks/Demos/SequencingDemo/Textures/Carpet10_col.png
  artifactKey: Guid(266fdb673ee304446a348171d871e1c5) Importer(815301076,1909f56bfc062723c751e8b465ee728b)
Start importing Assets/ThirdParty/TopDownEngine/ThirdParty/MoreMountains/MMFeedbacks/Demos/SequencingDemo/Textures/Carpet10_col.png using Guid(266fdb673ee304446a348171d871e1c5) Importer(815301076,1909f56bfc062723c751e8b465ee728b)  -> (artifact id: 'a9a7d514e9b55918e73e2010173361ba') in 0.027755 seconds
Number of updated asset objects reloaded before import = 0
Number of asset objects unloaded after import = 2
========================================================================
Received Import Request.
  Time since last request: 0.080110 seconds.
  path: Assets/ThirdParty/TopDownEngine/ThirdParty/MoreMountains/MMFeedbacks/Demos/SequencingDemo/Textures/Carpet10_nrm.png
  artifactKey: Guid(022000643ebc349459ef7b825a034aaa) Importer(815301076,1909f56bfc062723c751e8b465ee728b)
Start importing Assets/ThirdParty/TopDownEngine/ThirdParty/MoreMountains/MMFeedbacks/Demos/SequencingDemo/Textures/Carpet10_nrm.png using Guid(022000643ebc349459ef7b825a034aaa) Importer(815301076,1909f56bfc062723c751e8b465ee728b)  -> (artifact id: '2715362d2770b28908afd93686bb78d1') in 0.017604 seconds
Number of updated asset objects reloaded before import = 0
Number of asset objects unloaded after import = 2
========================================================================
Received Import Request.
  Time since last request: 0.006338 seconds.
  path: Assets/ThirdParty/TopDownEngine/ThirdParty/MoreMountains/MMFeedbacks/Demos/SequencingDemo/Textures/Carpet10_rgh.png
  artifactKey: Guid(1d7e87b93dabcd74fae662c411444686) Importer(815301076,1909f56bfc062723c751e8b465ee728b)
Start importing Assets/ThirdParty/TopDownEngine/ThirdParty/MoreMountains/MMFeedbacks/Demos/SequencingDemo/Textures/Carpet10_rgh.png using Guid(1d7e87b93dabcd74fae662c411444686) Importer(815301076,1909f56bfc062723c751e8b465ee728b)  -> (artifact id: 'f3de8e3910a443c6bebdb4c4c74d0dfc') in 0.025623 seconds
Number of updated asset objects reloaded before import = 0
Number of asset objects unloaded after import = 2
========================================================================
Received Import Request.
  Time since last request: 0.018921 seconds.
  path: Assets/ThirdParty/TopDownEngine/ThirdParty/MoreMountains/MMFeedbacks/Demos/MMFeedbacksDemo/Models/Background/Background.fbm/checker.tga
  artifactKey: Guid(845a9b477a80e454093db315f33a2672) Importer(815301076,1909f56bfc062723c751e8b465ee728b)
Start importing Assets/ThirdParty/TopDownEngine/ThirdParty/MoreMountains/MMFeedbacks/Demos/MMFeedbacksDemo/Models/Background/Background.fbm/checker.tga using Guid(845a9b477a80e454093db315f33a2672) Importer(815301076,1909f56bfc062723c751e8b465ee728b)  -> (artifact id: 'a6074bf43b4297eb9ad15368fb0cb403') in 0.019616 seconds
Number of updated asset objects reloaded before import = 0
Number of asset objects unloaded after import = 2
========================================================================
Received Import Request.
  Time since last request: 0.008268 seconds.
  path: Assets/ThirdParty/TopDownEngine/ThirdParty/MoreMountains/MMFeedbacks/Demos/SequencingDemo/Textures/Chip03_met.png
  artifactKey: Guid(a6279a0665b96ba44957b1db2909ad8c) Importer(815301076,1909f56bfc062723c751e8b465ee728b)
Start importing Assets/ThirdParty/TopDownEngine/ThirdParty/MoreMountains/MMFeedbacks/Demos/SequencingDemo/Textures/Chip03_met.png using Guid(a6279a0665b96ba44957b1db2909ad8c) Importer(815301076,1909f56bfc062723c751e8b465ee728b)  -> (artifact id: '62b726f7680399207b5eaa18e7101b22') in 0.033723 seconds
Number of updated asset objects reloaded before import = 0
Number of asset objects unloaded after import = 2
========================================================================
Received Import Request.
  Time since last request: 0.001406 seconds.
  path: Assets/ThirdParty/TopDownEngine/ThirdParty/MoreMountains/MMFeedbacks/Demos/SequencingDemo/Textures/Chip03_nrm.png
  artifactKey: Guid(bf448ff228ce0954da475e30e2a79e6e) Importer(815301076,1909f56bfc062723c751e8b465ee728b)
Start importing Assets/ThirdParty/TopDownEngine/ThirdParty/MoreMountains/MMFeedbacks/Demos/SequencingDemo/Textures/Chip03_nrm.png using Guid(bf448ff228ce0954da475e30e2a79e6e) Importer(815301076,1909f56bfc062723c751e8b465ee728b)  -> (artifact id: 'd6825e01164b7eb557380dbc35fef169') in 0.033387 seconds
Number of updated asset objects reloaded before import = 0
Number of asset objects unloaded after import = 2
========================================================================
Received Import Request.
  Time since last request: 0.000929 seconds.
  path: Assets/ThirdParty/TopDownEngine/ThirdParty/MoreMountains/MMFeedbacks/Demos/SequencingDemo/Textures/Chip03_rgh.png
  artifactKey: Guid(443dae64c4778df43a16718c7c7a88ca) Importer(815301076,1909f56bfc062723c751e8b465ee728b)
Start importing Assets/ThirdParty/TopDownEngine/ThirdParty/MoreMountains/MMFeedbacks/Demos/SequencingDemo/Textures/Chip03_rgh.png using Guid(443dae64c4778df43a16718c7c7a88ca) Importer(815301076,1909f56bfc062723c751e8b465ee728b)  -> (artifact id: 'bab63584dce915455cc8c76450d7e1d4') in 0.014002 seconds
Number of updated asset objects reloaded before import = 0
Number of asset objects unloaded after import = 2
========================================================================
Received Import Request.
  Time since last request: 0.116711 seconds.
  path: Assets/ThirdParty/TopDownEngine/ThirdParty/MoreMountains/MMFeedbacks/Demos/SequencingDemo/Textures/ChristmasTreeOrnament01_col.png
  artifactKey: Guid(5c8f179e332547d4f8b75a7f84edb510) Importer(815301076,1909f56bfc062723c751e8b465ee728b)
Start importing Assets/ThirdParty/TopDownEngine/ThirdParty/MoreMountains/MMFeedbacks/Demos/SequencingDemo/Textures/ChristmasTreeOrnament01_col.png using Guid(5c8f179e332547d4f8b75a7f84edb510) Importer(815301076,1909f56bfc062723c751e8b465ee728b)  -> (artifact id: '5e3aa4ee6412a41ac270f2433051575e') in 0.011143 seconds
Number of updated asset objects reloaded before import = 0
Number of asset objects unloaded after import = 2
========================================================================
Received Import Request.
  Time since last request: 0.018166 seconds.
  path: Assets/ThirdParty/TopDownEngine/ThirdParty/MoreMountains/MMFeedbacks/Demos/SequencingDemo/Textures/ChristmasTreeOrnament01_met.png
  artifactKey: Guid(df3bc9f5c2528c64b8492d7e3dce227e) Importer(815301076,1909f56bfc062723c751e8b465ee728b)
Start importing Assets/ThirdParty/TopDownEngine/ThirdParty/MoreMountains/MMFeedbacks/Demos/SequencingDemo/Textures/ChristmasTreeOrnament01_met.png using Guid(df3bc9f5c2528c64b8492d7e3dce227e) Importer(815301076,1909f56bfc062723c751e8b465ee728b)  -> (artifact id: '712ae9b0bae0d17654bd59dfac62fdd3') in 0.011142 seconds
Number of updated asset objects reloaded before import = 0
Number of asset objects unloaded after import = 2
========================================================================
Received Import Request.
  Time since last request: 0.011270 seconds.
  path: Assets/ThirdParty/TopDownEngine/ThirdParty/MoreMountains/MMFeedbacks/Demos/SequencingDemo/Textures/ChristmasTreeOrnament01_nrm.png
  artifactKey: Guid(7a41eb3cf9c96bb4fa0ca4a5834ca754) Importer(815301076,1909f56bfc062723c751e8b465ee728b)
Start importing Assets/ThirdParty/TopDownEngine/ThirdParty/MoreMountains/MMFeedbacks/Demos/SequencingDemo/Textures/ChristmasTreeOrnament01_nrm.png using Guid(7a41eb3cf9c96bb4fa0ca4a5834ca754) Importer(815301076,1909f56bfc062723c751e8b465ee728b)  -> (artifact id: 'cb461788c768e9c5bcb98e4bc2a28a0d') in 0.022606 seconds
Number of updated asset objects reloaded before import = 0
Number of asset objects unloaded after import = 2
========================================================================
Received Import Request.
  Time since last request: 0.011796 seconds.
  path: Assets/ThirdParty/TopDownEngine/ThirdParty/MoreMountains/MMFeedbacks/Demos/SequencingDemo/Textures/ChristmasTreeOrnament01_rgh.png
  artifactKey: Guid(85c1b8e457f4f5f4aa5ca06347392250) Importer(815301076,1909f56bfc062723c751e8b465ee728b)
Start importing Assets/ThirdParty/TopDownEngine/ThirdParty/MoreMountains/MMFeedbacks/Demos/SequencingDemo/Textures/ChristmasTreeOrnament01_rgh.png using Guid(85c1b8e457f4f5f4aa5ca06347392250) Importer(815301076,1909f56bfc062723c751e8b465ee728b)  -> (artifact id: '287494beaa31829f2c932315909831a7') in 0.010251 seconds
Number of updated asset objects reloaded before import = 0
Number of asset objects unloaded after import = 2
========================================================================
Received Import Request.
  Time since last request: 4.248914 seconds.
  path: Assets/ThirdParty/TopDownEngine/ThirdParty/MoreMountains/MMFeedbacks/Demos/MMFeedbacksDemo/Camera/Gizmos/Cinemachine/cm_logo_lg.png
  artifactKey: Guid(8d1ffe9067c85124ab7be70b32a01c50) Importer(815301076,1909f56bfc062723c751e8b465ee728b)
Start importing Assets/ThirdParty/TopDownEngine/ThirdParty/MoreMountains/MMFeedbacks/Demos/MMFeedbacksDemo/Camera/Gizmos/Cinemachine/cm_logo_lg.png using Guid(8d1ffe9067c85124ab7be70b32a01c50) Importer(815301076,1909f56bfc062723c751e8b465ee728b)  -> (artifact id: '700c2d7986492172eaef275c6c8c5669') in 0.019283 seconds
Number of updated asset objects reloaded before import = 0
Number of asset objects unloaded after import = 2
========================================================================
Received Import Request.
  Time since last request: 0.007205 seconds.
  path: Assets/ThirdParty/TopDownEngine/Demos/Colonel/Sprites/ColonelAimDirectionMarker.png
  artifactKey: Guid(19a7ad9f4fa0643419e858797963867b) Importer(815301076,1909f56bfc062723c751e8b465ee728b)
Start importing Assets/ThirdParty/TopDownEngine/Demos/Colonel/Sprites/ColonelAimDirectionMarker.png using Guid(19a7ad9f4fa0643419e858797963867b) Importer(815301076,1909f56bfc062723c751e8b465ee728b)  -> (artifact id: '6ae051f7e3b025ca7e74d4bc0766c398') in 0.063034 seconds
Number of updated asset objects reloaded before import = 0
Number of asset objects unloaded after import = 3
========================================================================
Received Import Request.
  Time since last request: 1.989849 seconds.
  path: Assets/ThirdParty/TopDownEngine/Demos/Colonel/Sprites/ColonelAimMarker.png
  artifactKey: Guid(c1499a9e3d984a6418e08f4a83861911) Importer(815301076,1909f56bfc062723c751e8b465ee728b)
Start importing Assets/ThirdParty/TopDownEngine/Demos/Colonel/Sprites/ColonelAimMarker.png using Guid(c1499a9e3d984a6418e08f4a83861911) Importer(815301076,1909f56bfc062723c751e8b465ee728b)  -> (artifact id: 'd74cb3a531ce85639488f6d4da84ecf2') in 0.011140 seconds
Number of updated asset objects reloaded before import = 0
Number of asset objects unloaded after import = 3
========================================================================
Received Import Request.
  Time since last request: 0.007843 seconds.
  path: Assets/ThirdParty/TopDownEngine/ThirdParty/TextMesh Pro/Sprites/EmojiOne.png
  artifactKey: Guid(dffef66376be4fa480fb02b19edbe903) Importer(815301076,1909f56bfc062723c751e8b465ee728b)
Start importing Assets/ThirdParty/TopDownEngine/ThirdParty/TextMesh Pro/Sprites/EmojiOne.png using Guid(dffef66376be4fa480fb02b19edbe903) Importer(815301076,1909f56bfc062723c751e8b465ee728b)  -> (artifact id: 'a0eefd4e6d80bcac87a0c100c1dcd77b') in 0.065765 seconds
Number of updated asset objects reloaded before import = 0
Number of asset objects unloaded after import = 2
========================================================================
Received Import Request.
  Time since last request: 0.019409 seconds.
  path: Assets/ThirdParty/TopDownEngine/Demos/Explodudes/Textures/ExplodudesBlue.png
  artifactKey: Guid(3ac76a678b5e113498f627901e992b74) Importer(815301076,1909f56bfc062723c751e8b465ee728b)
Start importing Assets/ThirdParty/TopDownEngine/Demos/Explodudes/Textures/ExplodudesBlue.png using Guid(3ac76a678b5e113498f627901e992b74) Importer(815301076,1909f56bfc062723c751e8b465ee728b)  -> (artifact id: 'e126cfd47130ad2e89a67934b0d209cd') in 0.008531 seconds
Number of updated asset objects reloaded before import = 0
Number of asset objects unloaded after import = 2
========================================================================
Received Import Request.
  Time since last request: 1.741094 seconds.
  path: Assets/ThirdParty/TopDownEngine/Demos/Explodudes/Textures/ExplodudesCrate.png
  artifactKey: Guid(21cee19149eef6e4d95ac06b7b6711f0) Importer(815301076,1909f56bfc062723c751e8b465ee728b)
Start importing Assets/ThirdParty/TopDownEngine/Demos/Explodudes/Textures/ExplodudesCrate.png using Guid(21cee19149eef6e4d95ac06b7b6711f0) Importer(815301076,1909f56bfc062723c751e8b465ee728b)  -> (artifact id: '5fde7f1092b359529665900375d0f254') in 0.007476 seconds
Number of updated asset objects reloaded before import = 0
Number of asset objects unloaded after import = 2
========================================================================
Received Import Request.
  Time since last request: 0.066869 seconds.
  path: Assets/ThirdParty/TopDownEngine/Demos/Explodudes/Textures/ExplodudesGround.png
  artifactKey: Guid(fdea82ab493d8b3408090f46bbd77e10) Importer(815301076,1909f56bfc062723c751e8b465ee728b)
Start importing Assets/ThirdParty/TopDownEngine/Demos/Explodudes/Textures/ExplodudesGround.png using Guid(fdea82ab493d8b3408090f46bbd77e10) Importer(815301076,1909f56bfc062723c751e8b465ee728b)  -> (artifact id: 'b6392633f01517d44537baa982e4533b') in 0.053929 seconds
Number of updated asset objects reloaded before import = 0
Number of asset objects unloaded after import = 2
========================================================================
Received Import Request.
  Time since last request: 0.048852 seconds.
  path: Assets/ThirdParty/TopDownEngine/Demos/Explodudes/Textures/ExplodudesHeadRed.png
  artifactKey: Guid(2d7f6cf7644c03b46a8b4d85f6ad484d) Importer(815301076,1909f56bfc062723c751e8b465ee728b)
Start importing Assets/ThirdParty/TopDownEngine/Demos/Explodudes/Textures/ExplodudesHeadRed.png using Guid(2d7f6cf7644c03b46a8b4d85f6ad484d) Importer(815301076,1909f56bfc062723c751e8b465ee728b)  -> (artifact id: 'a478810005259f0489b227f2b3670a9d') in 0.229553 seconds
Number of updated asset objects reloaded before import = 0
Number of asset objects unloaded after import = 2
========================================================================
Received Import Request.
  Time since last request: 1.767753 seconds.
  path: Assets/ThirdParty/TopDownEngine/Demos/Explodudes/Textures/ExplodudesHeadRed.psd
  artifactKey: Guid(bdfaf5839230fd54fa9a8d44b556be6f) Importer(815301076,1909f56bfc062723c751e8b465ee728b)
Start importing Assets/ThirdParty/TopDownEngine/Demos/Explodudes/Textures/ExplodudesHeadRed.psd using Guid(bdfaf5839230fd54fa9a8d44b556be6f) Importer(815301076,1909f56bfc062723c751e8b465ee728b)  -> (artifact id: '1c896edca8341847d109a6c97a14abba') in 0.051973 seconds
Number of updated asset objects reloaded before import = 0
Number of asset objects unloaded after import = 2
========================================================================
Received Import Request.
  Time since last request: 0.072121 seconds.
  path: Assets/ThirdParty/TopDownEngine/Demos/Explodudes/Textures/ExploDudesLogo.png
  artifactKey: Guid(a02198c4249fa8c4d8ff5fef0247bca6) Importer(815301076,1909f56bfc062723c751e8b465ee728b)
Start importing Assets/ThirdParty/TopDownEngine/Demos/Explodudes/Textures/ExploDudesLogo.png using Guid(a02198c4249fa8c4d8ff5fef0247bca6) Importer(815301076,1909f56bfc062723c751e8b465ee728b)  -> (artifact id: '373ef85f35ed700c03e28cbe4d970214') in 0.077424 seconds
Number of updated asset objects reloaded before import = 0
Number of asset objects unloaded after import = 4
========================================================================
Received Import Request.
  Time since last request: 0.046692 seconds.
  path: Assets/ThirdParty/TopDownEngine/Demos/Explodudes/Textures/ExplodudesRed.png
  artifactKey: Guid(7d10dd06b1fe2f74fb4b39d2699129bf) Importer(815301076,1909f56bfc062723c751e8b465ee728b)
Start importing Assets/ThirdParty/TopDownEngine/Demos/Explodudes/Textures/ExplodudesRed.png using Guid(7d10dd06b1fe2f74fb4b39d2699129bf) Importer(815301076,1909f56bfc062723c751e8b465ee728b)  -> (artifact id: '1e97136bb42986be262f720936f837be') in 0.007517 seconds
Number of updated asset objects reloaded before import = 0
Number of asset objects unloaded after import = 2
========================================================================
Received Import Request.
  Time since last request: 0.007543 seconds.
  path: Assets/ThirdParty/TopDownEngine/Demos/Explodudes/Textures/ExplodudesRock.png
  artifactKey: Guid(86b3e4408abefab4cbf7c528cc2bddc3) Importer(815301076,1909f56bfc062723c751e8b465ee728b)
Start importing Assets/ThirdParty/TopDownEngine/Demos/Explodudes/Textures/ExplodudesRock.png using Guid(86b3e4408abefab4cbf7c528cc2bddc3) Importer(815301076,1909f56bfc062723c751e8b465ee728b)  -> (artifact id: 'e60fc05bcc832568eba4f9cd0e4436d7') in 0.011675 seconds
Number of updated asset objects reloaded before import = 0
Number of asset objects unloaded after import = 2
========================================================================
Received Import Request.
  Time since last request: 4.076340 seconds.
  path: Assets/ThirdParty/TopDownEngine/Demos/Explodudes/Textures/ExplodudesSecondary.png
  artifactKey: Guid(d290324b3e4d2544bacbb1d28576da6e) Importer(815301076,1909f56bfc062723c751e8b465ee728b)
Start importing Assets/ThirdParty/TopDownEngine/Demos/Explodudes/Textures/ExplodudesSecondary.png using Guid(d290324b3e4d2544bacbb1d28576da6e) Importer(815301076,1909f56bfc062723c751e8b465ee728b)  -> (artifact id: 'be6bc1833be70b1aceeb311b42b5f015') in 0.021216 seconds
Number of updated asset objects reloaded before import = 0
Number of asset objects unloaded after import = 2
========================================================================
Received Import Request.
  Time since last request: 0.259753 seconds.
  path: Assets/ThirdParty/TopDownEngine/Demos/Explodudes/Textures/ExplodudesWhite.png
  artifactKey: Guid(7c9bc7f8a9a40ee478c05acd31474a21) Importer(815301076,1909f56bfc062723c751e8b465ee728b)
Start importing Assets/ThirdParty/TopDownEngine/Demos/Explodudes/Textures/ExplodudesWhite.png using Guid(7c9bc7f8a9a40ee478c05acd31474a21) Importer(815301076,1909f56bfc062723c751e8b465ee728b)  -> (artifact id: 'e536094111550fec200f53fda758987c') in 0.006973 seconds
Number of updated asset objects reloaded before import = 0
Number of asset objects unloaded after import = 2
========================================================================
Received Import Request.
  Time since last request: 0.018790 seconds.
  path: Assets/ThirdParty/TopDownEngine/Demos/Explodudes/Textures/ExplodudesYellow.png
  artifactKey: Guid(d7d38b4c1595b9846a5846d8fee22ebf) Importer(815301076,1909f56bfc062723c751e8b465ee728b)
Start importing Assets/ThirdParty/TopDownEngine/Demos/Explodudes/Textures/ExplodudesYellow.png using Guid(d7d38b4c1595b9846a5846d8fee22ebf) Importer(815301076,1909f56bfc062723c751e8b465ee728b)  -> (artifact id: 'e71a964d71559937efb6384de71ed1a9') in 0.007899 seconds
Number of updated asset objects reloaded before import = 0
Number of asset objects unloaded after import = 2
========================================================================
Received Import Request.
  Time since last request: 0.032823 seconds.
  path: Assets/ThirdParty/TopDownEngine/ThirdParty/MoreMountains/MMFeedbacks/Demos/SequencingDemo/Textures/Fabric06_col.png
  artifactKey: Guid(e560f3ce64204ea42b2e54147a44a115) Importer(815301076,1909f56bfc062723c751e8b465ee728b)
Start importing Assets/ThirdParty/TopDownEngine/ThirdParty/MoreMountains/MMFeedbacks/Demos/SequencingDemo/Textures/Fabric06_col.png using Guid(e560f3ce64204ea42b2e54147a44a115) Importer(815301076,1909f56bfc062723c751e8b465ee728b)  -> (artifact id: '186e3252c42eb2c008ff3fae8e13bb50') in 0.054851 seconds
Number of updated asset objects reloaded before import = 0
Number of asset objects unloaded after import = 2
========================================================================
Received Import Request.
  Time since last request: 0.052439 seconds.
  path: Assets/ThirdParty/TopDownEngine/ThirdParty/MoreMountains/MMFeedbacks/Demos/SequencingDemo/Textures/Fabric06_mask.png
  artifactKey: Guid(8f409f40d21e18e4e8e184336d19cbeb) Importer(815301076,1909f56bfc062723c751e8b465ee728b)
Start importing Assets/ThirdParty/TopDownEngine/ThirdParty/MoreMountains/MMFeedbacks/Demos/SequencingDemo/Textures/Fabric06_mask.png using Guid(8f409f40d21e18e4e8e184336d19cbeb) Importer(815301076,1909f56bfc062723c751e8b465ee728b)  -> (artifact id: '141ac060fa8b523d2d783f56bbf8a1be') in 0.125126 seconds
Number of updated asset objects reloaded before import = 0
Number of asset objects unloaded after import = 2
========================================================================
Received Import Request.
  Time since last request: 0.004776 seconds.
  path: Assets/ThirdParty/TopDownEngine/ThirdParty/MoreMountains/MMFeedbacks/Demos/SequencingDemo/Textures/Fabric06_nrm.png
  artifactKey: Guid(5563bc4dd4fc42c498a2d87fe7f74008) Importer(815301076,1909f56bfc062723c751e8b465ee728b)
Start importing Assets/ThirdParty/TopDownEngine/ThirdParty/MoreMountains/MMFeedbacks/Demos/SequencingDemo/Textures/Fabric06_nrm.png using Guid(5563bc4dd4fc42c498a2d87fe7f74008) Importer(815301076,1909f56bfc062723c751e8b465ee728b)  -> (artifact id: '1cca2d3981b0c828aba3a97d9af7fb29') in 0.027318 seconds
Number of updated asset objects reloaded before import = 0
Number of asset objects unloaded after import = 2
========================================================================
Received Import Request.
  Time since last request: 0.003807 seconds.
  path: Assets/ThirdParty/TopDownEngine/ThirdParty/MoreMountains/MMFeedbacks/Demos/SequencingDemo/Textures/Fabric09_AO.png
  artifactKey: Guid(d09b7123f481ae449b957b670044b425) Importer(815301076,1909f56bfc062723c751e8b465ee728b)
Start importing Assets/ThirdParty/TopDownEngine/ThirdParty/MoreMountains/MMFeedbacks/Demos/SequencingDemo/Textures/Fabric09_AO.png using Guid(d09b7123f481ae449b957b670044b425) Importer(815301076,1909f56bfc062723c751e8b465ee728b)  -> (artifact id: 'ff33cb3c0ed2b717b5d422a0cc2c2033') in 0.014781 seconds
Number of updated asset objects reloaded before import = 0
Number of asset objects unloaded after import = 2
========================================================================
Received Import Request.
  Time since last request: 2.068462 seconds.
  path: Assets/ThirdParty/TopDownEngine/ThirdParty/MoreMountains/MMFeedbacks/Demos/SequencingDemo/Textures/Fabric09_col.png
  artifactKey: Guid(e1f4bc00167c7604eb9c09d119ade645) Importer(815301076,1909f56bfc062723c751e8b465ee728b)
Start importing Assets/ThirdParty/TopDownEngine/ThirdParty/MoreMountains/MMFeedbacks/Demos/SequencingDemo/Textures/Fabric09_col.png using Guid(e1f4bc00167c7604eb9c09d119ade645) Importer(815301076,1909f56bfc062723c751e8b465ee728b)  -> (artifact id: 'a5ab5bb61bb029790ffa7f6e6adf6aa3') in 0.019057 seconds
Number of updated asset objects reloaded before import = 0
Number of asset objects unloaded after import = 2
========================================================================
Received Import Request.
  Time since last request: 0.009737 seconds.
  path: Assets/ThirdParty/TopDownEngine/ThirdParty/MoreMountains/MMFeedbacks/Demos/SequencingDemo/Textures/Fabric09_mask1.png
  artifactKey: Guid(1901da16b3cb84c4ca3e82cf4b9debad) Importer(815301076,1909f56bfc062723c751e8b465ee728b)
Start importing Assets/ThirdParty/TopDownEngine/ThirdParty/MoreMountains/MMFeedbacks/Demos/SequencingDemo/Textures/Fabric09_mask1.png using Guid(1901da16b3cb84c4ca3e82cf4b9debad) Importer(815301076,1909f56bfc062723c751e8b465ee728b)  -> (artifact id: '18407a1cf1656f6a3d1d83a7bc015553') in 0.011980 seconds
Number of updated asset objects reloaded before import = 0
Number of asset objects unloaded after import = 2
========================================================================
Received Import Request.
  Time since last request: 1.541109 seconds.
  path: Assets/ThirdParty/TopDownEngine/ThirdParty/MoreMountains/MMFeedbacks/Demos/SequencingDemo/Textures/Fabric09_nrm.png
  artifactKey: Guid(9396d0fe95f11db4c99c3403ea2912be) Importer(815301076,1909f56bfc062723c751e8b465ee728b)
Start importing Assets/ThirdParty/TopDownEngine/ThirdParty/MoreMountains/MMFeedbacks/Demos/SequencingDemo/Textures/Fabric09_nrm.png using Guid(9396d0fe95f11db4c99c3403ea2912be) Importer(815301076,1909f56bfc062723c751e8b465ee728b)  -> (artifact id: '187e8dc11fd275831d4cced6b41f2142') in 0.013138 seconds
Number of updated asset objects reloaded before import = 0
Number of asset objects unloaded after import = 2
========================================================================
Received Import Request.
  Time since last request: 0.002071 seconds.
  path: Assets/ThirdParty/TopDownEngine/ThirdParty/MoreMountains/MMFeedbacks/Demos/SequencingDemo/Textures/Fabric09_rgh.png
  artifactKey: Guid(fbb908c6b3b2e42468f2e036760651cf) Importer(815301076,1909f56bfc062723c751e8b465ee728b)
Start importing Assets/ThirdParty/TopDownEngine/ThirdParty/MoreMountains/MMFeedbacks/Demos/SequencingDemo/Textures/Fabric09_rgh.png using Guid(fbb908c6b3b2e42468f2e036760651cf) Importer(815301076,1909f56bfc062723c751e8b465ee728b)  -> (artifact id: 'af00c20bd114ae4174524ab0619f4d02') in 0.048035 seconds
Number of updated asset objects reloaded before import = 0
Number of asset objects unloaded after import = 2
========================================================================
Received Import Request.
  Time since last request: 0.799484 seconds.
  path: Assets/ThirdParty/TopDownEngine/ThirdParty/MoreMountains/MMFeedbacks/Demos/SequencingDemo/Textures/Facade02_col.png
  artifactKey: Guid(8082b586364e1004bb6374a5c9110eb3) Importer(815301076,1909f56bfc062723c751e8b465ee728b)
Start importing Assets/ThirdParty/TopDownEngine/ThirdParty/MoreMountains/MMFeedbacks/Demos/SequencingDemo/Textures/Facade02_col.png using Guid(8082b586364e1004bb6374a5c9110eb3) Importer(815301076,1909f56bfc062723c751e8b465ee728b)  -> (artifact id: '71f1f4a43a73ced618508846f3da34a6') in 0.023673 seconds
Number of updated asset objects reloaded before import = 0
Number of asset objects unloaded after import = 2
========================================================================
Received Import Request.
  Time since last request: 0.604182 seconds.
  path: Assets/ThirdParty/TopDownEngine/ThirdParty/MoreMountains/MMFeedbacks/Demos/SequencingDemo/Textures/Facade02_mask.png
  artifactKey: Guid(925913603f5ff4247b0eb934ea908dc0) Importer(815301076,1909f56bfc062723c751e8b465ee728b)
Start importing Assets/ThirdParty/TopDownEngine/ThirdParty/MoreMountains/MMFeedbacks/Demos/SequencingDemo/Textures/Facade02_mask.png using Guid(925913603f5ff4247b0eb934ea908dc0) Importer(815301076,1909f56bfc062723c751e8b465ee728b)  -> (artifact id: '3d699ba2111162f05d820d114f1cdb81') in 0.024544 seconds
Number of updated asset objects reloaded before import = 0
Number of asset objects unloaded after import = 2
========================================================================
Received Import Request.
  Time since last request: 0.472475 seconds.
  path: Assets/ThirdParty/TopDownEngine/ThirdParty/MoreMountains/MMFeedbacks/Demos/SequencingDemo/Textures/Facade02_nrm.png
  artifactKey: Guid(7265ff7f2929b8f4b95685c795b5dfd0) Importer(815301076,1909f56bfc062723c751e8b465ee728b)
Start importing Assets/ThirdParty/TopDownEngine/ThirdParty/MoreMountains/MMFeedbacks/Demos/SequencingDemo/Textures/Facade02_nrm.png using Guid(7265ff7f2929b8f4b95685c795b5dfd0) Importer(815301076,1909f56bfc062723c751e8b465ee728b)  -> (artifact id: '76f9c459fcfd7acf0e7700caab235fd5') in 0.033705 seconds
Number of updated asset objects reloaded before import = 0
Number of asset objects unloaded after import = 2
========================================================================
Received Import Request.
  Time since last request: 0.023713 seconds.
  path: Assets/ThirdParty/TopDownEngine/ThirdParty/MoreMountains/MMFeedbacks/Demos/MMFeedbacksDemo/Textures/FeedbacksDemoFaderMask.png
  artifactKey: Guid(bdd6c77f3b6358b4797992581e75bd64) Importer(815301076,1909f56bfc062723c751e8b465ee728b)
Start importing Assets/ThirdParty/TopDownEngine/ThirdParty/MoreMountains/MMFeedbacks/Demos/MMFeedbacksDemo/Textures/FeedbacksDemoFaderMask.png using Guid(bdd6c77f3b6358b4797992581e75bd64) Importer(815301076,1909f56bfc062723c751e8b465ee728b)  -> (artifact id: 'e08d459efb6eed15b7ef98f6b6c8ee43') in 0.045440 seconds
Number of updated asset objects reloaded before import = 0
Number of asset objects unloaded after import = 3
========================================================================
Received Import Request.
  Time since last request: 1.694490 seconds.
  path: Assets/ThirdParty/TopDownEngine/ThirdParty/MoreMountains/MMFeedbacks/Editor/Resources/FeelArrowDown.png
  artifactKey: Guid(a29898adbcfeacb438ad390d9e925afe) Importer(815301076,1909f56bfc062723c751e8b465ee728b)
Start importing Assets/ThirdParty/TopDownEngine/ThirdParty/MoreMountains/MMFeedbacks/Editor/Resources/FeelArrowDown.png using Guid(a29898adbcfeacb438ad390d9e925afe) Importer(815301076,1909f56bfc062723c751e8b465ee728b)  -> (artifact id: 'b4da5bfab2656f8af51f4f11b484faac') in 0.018562 seconds
Number of updated asset objects reloaded before import = 0
Number of asset objects unloaded after import = 3
========================================================================
Received Import Request.
  Time since last request: 0.040185 seconds.
  path: Assets/ThirdParty/TopDownEngine/ThirdParty/MoreMountains/MMFeedbacks/Editor/Resources/FeelSetupRequired.png
  artifactKey: Guid(1d575a145584c7549994d8a51c689ef8) Importer(815301076,1909f56bfc062723c751e8b465ee728b)
Start importing Assets/ThirdParty/TopDownEngine/ThirdParty/MoreMountains/MMFeedbacks/Editor/Resources/FeelSetupRequired.png using Guid(1d575a145584c7549994d8a51c689ef8) Importer(815301076,1909f56bfc062723c751e8b465ee728b)  -> (artifact id: 'cecc13a4cfd17fc844485d3762f7834e') in 0.007325 seconds
Number of updated asset objects reloaded before import = 0
Number of asset objects unloaded after import = 2
========================================================================
Received Import Request.
  Time since last request: 0.000111 seconds.
  path: Assets/ThirdParty/TopDownEngine/Common/Fonts/Gotham-Light.ttf
  artifactKey: Guid(abcfe02ca2847804caf9be73c7b8a997) Importer(815301076,1909f56bfc062723c751e8b465ee728b)
Start importing Assets/ThirdParty/TopDownEngine/Common/Fonts/Gotham-Light.ttf using Guid(abcfe02ca2847804caf9be73c7b8a997) Importer(815301076,1909f56bfc062723c751e8b465ee728b)  -> (artifact id: 'c3292c2a3e6bf1873832b84920106298') in 0.038168 seconds
Number of updated asset objects reloaded before import = 0
Number of asset objects unloaded after import = 4
========================================================================
Received Import Request.
  Time since last request: 2.860623 seconds.
  path: Assets/ThirdParty/TopDownEngine/Common/Fonts/Bizon.otf
  artifactKey: Guid(8148e9febcd71694a8a18085f2ed966d) Importer(815301076,1909f56bfc062723c751e8b465ee728b)
Start importing Assets/ThirdParty/TopDownEngine/Common/Fonts/Bizon.otf using Guid(8148e9febcd71694a8a18085f2ed966d) Importer(815301076,1909f56bfc062723c751e8b465ee728b)  -> (artifact id: '16cae0bd8bb0051fa704b115a178bcd8') in 0.011050 seconds
Number of updated asset objects reloaded before import = 0
Number of asset objects unloaded after import = 4
========================================================================
Received Import Request.
  Time since last request: 0.044455 seconds.
  path: Assets/ThirdParty/TopDownEngine/Common/Fonts/8-BIT WONDER.TTF
  artifactKey: Guid(61165c170c0b97c48a9bf5be5ee0f5b6) Importer(815301076,1909f56bfc062723c751e8b465ee728b)
Start importing Assets/ThirdParty/TopDownEngine/Common/Fonts/8-BIT WONDER.TTF using Guid(61165c170c0b97c48a9bf5be5ee0f5b6) Importer(815301076,1909f56bfc062723c751e8b465ee728b)  -> (artifact id: '2241463858ad2e2aa9af175f60191869') in 0.019119 seconds
Number of updated asset objects reloaded before import = 0
Number of asset objects unloaded after import = 4
========================================================================
Received Import Request.
  Time since last request: 0.000022 seconds.
  path: Assets/ThirdParty/TopDownEngine/ThirdParty/MoreMountains/MMTools/Demos/MMTween/Fonts/Lato/TTF/Lato-HairlineItalic.ttf
  artifactKey: Guid(747a175745b7f704e8f9c65f1aca44b3) Importer(815301076,1909f56bfc062723c751e8b465ee728b)
Start importing Assets/ThirdParty/TopDownEngine/ThirdParty/MoreMountains/MMTools/Demos/MMTween/Fonts/Lato/TTF/Lato-HairlineItalic.ttf using Guid(747a175745b7f704e8f9c65f1aca44b3) Importer(815301076,1909f56bfc062723c751e8b465ee728b)  -> (artifact id: '15d18847ef7e9e0b3314335ff07e2761') in 0.094821 seconds
Number of updated asset objects reloaded before import = 0
Number of asset objects unloaded after import = 4
========================================================================
Received Import Request.
  Time since last request: 1.349479 seconds.
  path: Assets/ThirdParty/TopDownEngine/ThirdParty/MoreMountains/MMTools/Demos/MMTween/Fonts/Lato/TTF/Lato-Heavy.ttf
  artifactKey: Guid(010b82bc895978049b69aaf4b855d7ab) Importer(815301076,1909f56bfc062723c751e8b465ee728b)
Start importing Assets/ThirdParty/TopDownEngine/ThirdParty/MoreMountains/MMTools/Demos/MMTween/Fonts/Lato/TTF/Lato-Heavy.ttf using Guid(010b82bc895978049b69aaf4b855d7ab) Importer(815301076,1909f56bfc062723c751e8b465ee728b)  -> (artifact id: '45ade035ff9ef748786549c66b74ffc6') in 0.044253 seconds
Number of updated asset objects reloaded before import = 0
Number of asset objects unloaded after import = 4
========================================================================
Received Import Request.
  Time since last request: 0.000018 seconds.
  path: Assets/ThirdParty/TopDownEngine/ThirdParty/MoreMountains/MMTools/Demos/MMTween/Fonts/Lato/TTF/Lato-LightItalic.ttf
  artifactKey: Guid(4e4fd698e0090124ea15a7ae5a30b84a) Importer(815301076,1909f56bfc062723c751e8b465ee728b)
Start importing Assets/ThirdParty/TopDownEngine/ThirdParty/MoreMountains/MMTools/Demos/MMTween/Fonts/Lato/TTF/Lato-LightItalic.ttf using Guid(4e4fd698e0090124ea15a7ae5a30b84a) Importer(815301076,1909f56bfc062723c751e8b465ee728b)  -> (artifact id: '9f59dcc3060f029d26cdb636ad07ede7') in 0.027630 seconds
Number of updated asset objects reloaded before import = 0
Number of asset objects unloaded after import = 4
========================================================================
Received Import Request.
  Time since last request: 1.715174 seconds.
  path: Assets/ThirdParty/TopDownEngine/ThirdParty/MoreMountains/MMTools/Demos/MMTween/Fonts/Lato/TTF/Lato-Medium.ttf
  artifactKey: Guid(53aebb2602873ed4a9807e8a254a7d2f) Importer(815301076,1909f56bfc062723c751e8b465ee728b)
Start importing Assets/ThirdParty/TopDownEngine/ThirdParty/MoreMountains/MMTools/Demos/MMTween/Fonts/Lato/TTF/Lato-Medium.ttf using Guid(53aebb2602873ed4a9807e8a254a7d2f) Importer(815301076,1909f56bfc062723c751e8b465ee728b)  -> (artifact id: '482fe4b81b9b8c0061d3490840972b26') in 0.056367 seconds
Number of updated asset objects reloaded before import = 0
Number of asset objects unloaded after import = 4
========================================================================
Received Import Request.
  Time since last request: 0.000017 seconds.
  path: Assets/ThirdParty/TopDownEngine/ThirdParty/MoreMountains/MMTools/Demos/MMTween/Fonts/Lato/TTF/Lato-Semibold.ttf
  artifactKey: Guid(99dec03033cf89c4b936367ceee96b05) Importer(815301076,1909f56bfc062723c751e8b465ee728b)
Start importing Assets/ThirdParty/TopDownEngine/ThirdParty/MoreMountains/MMTools/Demos/MMTween/Fonts/Lato/TTF/Lato-Semibold.ttf using Guid(99dec03033cf89c4b936367ceee96b05) Importer(815301076,1909f56bfc062723c751e8b465ee728b)  -> (artifact id: '432835369ce621ad8efaff999e633aee') in 0.059660 seconds
Number of updated asset objects reloaded before import = 0
Number of asset objects unloaded after import = 4
========================================================================
Received Import Request.
  Time since last request: 0.025334 seconds.
  path: Assets/ThirdParty/TopDownEngine/ThirdParty/MoreMountains/MMTools/Demos/MMTween/Fonts/Lato/TTF/Lato-SemiboldItalic.ttf
  artifactKey: Guid(8bb3a26eeba4ea9419ea6d5b9a4805f4) Importer(815301076,1909f56bfc062723c751e8b465ee728b)
Start importing Assets/ThirdParty/TopDownEngine/ThirdParty/MoreMountains/MMTools/Demos/MMTween/Fonts/Lato/TTF/Lato-SemiboldItalic.ttf using Guid(8bb3a26eeba4ea9419ea6d5b9a4805f4) Importer(815301076,1909f56bfc062723c751e8b465ee728b)  -> (artifact id: 'ce77690346d43bb139d573f47f3f3c3f') in 0.036843 seconds
Number of updated asset objects reloaded before import = 0
Number of asset objects unloaded after import = 4
========================================================================
Received Import Request.
  Time since last request: 6353.589548 seconds.
  path: Assets/Game
  artifactKey: Guid(e210f3106d1061248925ced24c78747f) Importer(815301076,1909f56bfc062723c751e8b465ee728b)
Start importing Assets/Game using Guid(e210f3106d1061248925ced24c78747f) Importer(815301076,1909f56bfc062723c751e8b465ee728b)  -> (artifact id: '542be7e04fbaf1cffc7c157f93f648f8') in 0.009345 seconds
Number of updated asset objects reloaded before import = 0
Number of asset objects unloaded after import = 0
========================================================================
Received Import Request.
  Time since last request: 5.511037 seconds.
  path: Assets/Game/Models
  artifactKey: Guid(c3358af7431072747a9d0a6f44b836de) Importer(815301076,1909f56bfc062723c751e8b465ee728b)
Start importing Assets/Game/Models using Guid(c3358af7431072747a9d0a6f44b836de) Importer(815301076,1909f56bfc062723c751e8b465ee728b)  -> (artifact id: '4a9f361c4ff9bdf66dca73ee871af220') in 0.000782 seconds
Number of updated asset objects reloaded before import = 0
Number of asset objects unloaded after import = 0
========================================================================
Received Import Request.
  Time since last request: 6.078656 seconds.
  path: Assets/Game/Textures
  artifactKey: Guid(d93f58b754309b748a28ec6fe82bff04) Importer(815301076,1909f56bfc062723c751e8b465ee728b)
Start importing Assets/Game/Textures using Guid(d93f58b754309b748a28ec6fe82bff04) Importer(815301076,1909f56bfc062723c751e8b465ee728b)  -> (artifact id: 'd349309e2b79fce83810fb75395dce94') in 0.000925 seconds
Number of updated asset objects reloaded before import = 0
Number of asset objects unloaded after import = 0
========================================================================
Received Import Request.
  Time since last request: 7.139124 seconds.
  path: Assets/Game/Materials
  artifactKey: Guid(96fc1485cd0e6d14684719a0ef83c166) Importer(815301076,1909f56bfc062723c751e8b465ee728b)
Start importing Assets/Game/Materials using Guid(96fc1485cd0e6d14684719a0ef83c166) Importer(815301076,1909f56bfc062723c751e8b465ee728b)  -> (artifact id: '5648cc70ba9a4a3a492b23d386867271') in 0.000535 seconds
Number of updated asset objects reloaded before import = 0
Number of asset objects unloaded after import = 0
========================================================================
Received Import Request.
  Time since last request: 32.623336 seconds.
  path: Assets/Game/Prefabs
  artifactKey: Guid(84b5d18c1f5963a4891b5bae82b08880) Importer(815301076,1909f56bfc062723c751e8b465ee728b)
Start importing Assets/Game/Prefabs using Guid(84b5d18c1f5963a4891b5bae82b08880) Importer(815301076,1909f56bfc062723c751e8b465ee728b)  -> (artifact id: '05285ddbdfd5d1ae26e97a91d3994da7') in 0.000433 seconds
Number of updated asset objects reloaded before import = 0
Number of asset objects unloaded after import = 0
========================================================================
Received Import Request.
  Time since last request: 7173.716729 seconds.
  path: Assets/ThirdParty/TopDownEngine/Demos/LevelSelection/Sprites/level-map-loft.png
  artifactKey: Guid(a173cc37ae7bb09448f80b53b7f4cc94) Importer(815301076,1909f56bfc062723c751e8b465ee728b)
Start importing Assets/ThirdParty/TopDownEngine/Demos/LevelSelection/Sprites/level-map-loft.png using Guid(a173cc37ae7bb09448f80b53b7f4cc94) Importer(815301076,1909f56bfc062723c751e8b465ee728b)  -> (artifact id: '58e2b68f329adfb707c6141b95583d97') in 0.117818 seconds
Number of updated asset objects reloaded before import = 0
Number of asset objects unloaded after import = 3
========================================================================
Received Import Request.
  Time since last request: 0.000085 seconds.
  path: Assets/ThirdParty/TopDownEngine/Demos/Loft3D/Materials/LoftAssaultRifleAmmoMaterial.mat
  artifactKey: Guid(f4954b63f6f6a774ebcab7ad39d97058) Importer(815301076,1909f56bfc062723c751e8b465ee728b)
Start importing Assets/ThirdParty/TopDownEngine/Demos/Loft3D/Materials/LoftAssaultRifleAmmoMaterial.mat using Guid(f4954b63f6f6a774ebcab7ad39d97058) Importer(815301076,1909f56bfc062723c751e8b465ee728b)  -> (artifact id: 'b196e02a23badd211060365849916851') in 0.147671 seconds
Number of updated asset objects reloaded before import = 0
Number of asset objects unloaded after import = 1
========================================================================
Received Import Request.
  Time since last request: 0.000020 seconds.
  path: Assets/ThirdParty/TopDownEngine/Demos/Loft3D/Prefabs/Weapons/Weapons/LoftAIAssaultRifle.prefab
  artifactKey: Guid(7d9788e82d6befd44bbf3adef8ced523) Importer(815301076,1909f56bfc062723c751e8b465ee728b)
Start importing Assets/ThirdParty/TopDownEngine/Demos/Loft3D/Prefabs/Weapons/Weapons/LoftAIAssaultRifle.prefab using Guid(7d9788e82d6befd44bbf3adef8ced523) Importer(815301076,1909f56bfc062723c751e8b465ee728b)  -> (artifact id: '96dbca026a9fdc165f992a369af9e4bb') in 0.128871 seconds
Number of updated asset objects reloaded before import = 0
Number of asset objects unloaded after import = 201
========================================================================
Received Import Request.
  Time since last request: 0.000015 seconds.
  path: Assets/ThirdParty/TopDownEngine/Demos/Loft3D/Models/Weapons/Models/LoftAssaultRifle.fbx
  artifactKey: Guid(5cdfcad79b1d7fc4e8457d2ff9757baa) Importer(815301076,1909f56bfc062723c751e8b465ee728b)
Start importing Assets/ThirdParty/TopDownEngine/Demos/Loft3D/Models/Weapons/Models/LoftAssaultRifle.fbx using Guid(5cdfcad79b1d7fc4e8457d2ff9757baa) Importer(815301076,1909f56bfc062723c751e8b465ee728b)  -> (artifact id: '6a5622f024d2b01ff48453a6d70a8a12') in 0.084045 seconds
Number of updated asset objects reloaded before import = 0
Number of asset objects unloaded after import = 39
========================================================================
Received Import Request.
  Time since last request: 0.000016 seconds.
  path: Assets/ThirdParty/TopDownEngine/Demos/Loft3D/Models/Weapons/Textures/LoftBulletImpact.png
  artifactKey: Guid(40edcc6a284b9d043a948035df846b99) Importer(815301076,1909f56bfc062723c751e8b465ee728b)
Start importing Assets/ThirdParty/TopDownEngine/Demos/Loft3D/Models/Weapons/Textures/LoftBulletImpact.png using Guid(40edcc6a284b9d043a948035df846b99) Importer(815301076,1909f56bfc062723c751e8b465ee728b)  -> (artifact id: '91fdd75c0b757de1dfe4201ae3c06c99') in 0.013820 seconds
Number of updated asset objects reloaded before import = 0
Number of asset objects unloaded after import = 3
========================================================================
Received Import Request.
  Time since last request: 0.000019 seconds.
  path: Assets/ThirdParty/TopDownEngine/Demos/Loft3D/Models/Weapons/Materials/LoftBulletImpactParticle.mat
  artifactKey: Guid(6585f21f352bd2d428e39c0353cdc7ae) Importer(815301076,1909f56bfc062723c751e8b465ee728b)
Start importing Assets/ThirdParty/TopDownEngine/Demos/Loft3D/Models/Weapons/Materials/LoftBulletImpactParticle.mat using Guid(6585f21f352bd2d428e39c0353cdc7ae) Importer(815301076,1909f56bfc062723c751e8b465ee728b)  -> (artifact id: '7390e4207576881e0d67e25e208a08c2') in 0.005293 seconds
Number of updated asset objects reloaded before import = 0
Number of asset objects unloaded after import = 1
========================================================================
Received Import Request.
  Time since last request: 0.000016 seconds.
  path: Assets/ThirdParty/TopDownEngine/Demos/Loft3D/Prefabs/Props/LoftFurniture/LoftBarChair.prefab
  artifactKey: Guid(42f906c1e0c29094caeca157b30437c2) Importer(815301076,1909f56bfc062723c751e8b465ee728b)
Start importing Assets/ThirdParty/TopDownEngine/Demos/Loft3D/Prefabs/Props/LoftFurniture/LoftBarChair.prefab using Guid(42f906c1e0c29094caeca157b30437c2) Importer(815301076,1909f56bfc062723c751e8b465ee728b)  -> (artifact id: 'ad71efb3cbaee7115ce53bce4d3af064') in 0.050928 seconds
Number of updated asset objects reloaded before import = 0
Number of asset objects unloaded after import = 84
========================================================================
Received Import Request.
  Time since last request: 0.000015 seconds.
  path: Assets/ThirdParty/TopDownEngine/Demos/Loft3D/Models/Furniture/LoftBookCase.fbx
  artifactKey: Guid(429be28032dfe5f4788a0a7ac88eb89f) Importer(815301076,1909f56bfc062723c751e8b465ee728b)
Start importing Assets/ThirdParty/TopDownEngine/Demos/Loft3D/Models/Furniture/LoftBookCase.fbx using Guid(429be28032dfe5f4788a0a7ac88eb89f) Importer(815301076,1909f56bfc062723c751e8b465ee728b)  -> (artifact id: '03f2d442dc712659448ecb19689c9d4d') in 0.019454 seconds
Number of updated asset objects reloaded before import = 0
Number of asset objects unloaded after import = 8
========================================================================
Received Import Request.
  Time since last request: 0.000013 seconds.
  path: Assets/ThirdParty/TopDownEngine/Demos/Loft3D/Models/Furniture/LoftBarChair.fbx
  artifactKey: Guid(0b7c54ddb9f746d49932fcc485305168) Importer(815301076,1909f56bfc062723c751e8b465ee728b)
Start importing Assets/ThirdParty/TopDownEngine/Demos/Loft3D/Models/Furniture/LoftBarChair.fbx using Guid(0b7c54ddb9f746d49932fcc485305168) Importer(815301076,1909f56bfc062723c751e8b465ee728b)  -> (artifact id: 'eda3d1cca557699e4dff0879f9eba0bd') in 0.018372 seconds
Number of updated asset objects reloaded before import = 0
Number of asset objects unloaded after import = 9
========================================================================
Received Import Request.
  Time since last request: 0.000012 seconds.
  path: Assets/ThirdParty/TopDownEngine/Demos/Loft3D/Prefabs/Props/LoftFurniture/LoftBlender.prefab
  artifactKey: Guid(9d038600bffa29a4481e405531fdf74a) Importer(815301076,1909f56bfc062723c751e8b465ee728b)
Start importing Assets/ThirdParty/TopDownEngine/Demos/Loft3D/Prefabs/Props/LoftFurniture/LoftBlender.prefab using Guid(9d038600bffa29a4481e405531fdf74a) Importer(815301076,1909f56bfc062723c751e8b465ee728b)  -> (artifact id: '4c2a048f0fbbf16bdbe29bb27a72effa') in 0.036016 seconds
Number of updated asset objects reloaded before import = 0
Number of asset objects unloaded after import = 92
========================================================================
Received Import Request.
  Time since last request: 0.000023 seconds.
  path: Assets/ThirdParty/TopDownEngine/Demos/Loft3D/Models/Furniture/LoftBed.fbx
  artifactKey: Guid(2c4f38101b0b06a4c81eb0534949cfbb) Importer(815301076,1909f56bfc062723c751e8b465ee728b)
Start importing Assets/ThirdParty/TopDownEngine/Demos/Loft3D/Models/Furniture/LoftBed.fbx using Guid(2c4f38101b0b06a4c81eb0534949cfbb) Importer(815301076,1909f56bfc062723c751e8b465ee728b)  -> (artifact id: 'b1c079ccb427b44c0a97b50563b92a78') in 0.055568 seconds
Number of updated asset objects reloaded before import = 0
Number of asset objects unloaded after import = 26
========================================================================
Received Import Request.
  Time since last request: 0.000016 seconds.
  path: Assets/ThirdParty/TopDownEngine/Demos/Loft3D/Models/Weapons/Materials/LoftBulletMaterial.mat
  artifactKey: Guid(cbfb1e20c75cc4047b9fc298c9feea34) Importer(815301076,1909f56bfc062723c751e8b465ee728b)
Start importing Assets/ThirdParty/TopDownEngine/Demos/Loft3D/Models/Weapons/Materials/LoftBulletMaterial.mat using Guid(cbfb1e20c75cc4047b9fc298c9feea34) Importer(815301076,1909f56bfc062723c751e8b465ee728b)  -> (artifact id: '017774284d0da79f6da3b9dc24f165da') in 0.007269 seconds
Number of updated asset objects reloaded before import = 0
Number of asset objects unloaded after import = 1
========================================================================
Received Import Request.
  Time since last request: 0.000026 seconds.
  path: Assets/ThirdParty/TopDownEngine/Demos/Loft3D/Models/Weapons/Materials/LoftBulletImpactSpriteMaterial.mat
  artifactKey: Guid(6f457bd5ebe5865489660de31b57faf2) Importer(815301076,1909f56bfc062723c751e8b465ee728b)
Start importing Assets/ThirdParty/TopDownEngine/Demos/Loft3D/Models/Weapons/Materials/LoftBulletImpactSpriteMaterial.mat using Guid(6f457bd5ebe5865489660de31b57faf2) Importer(815301076,1909f56bfc062723c751e8b465ee728b)  -> (artifact id: '001369b7d9939eea8e1ba5b122dbbf24') in 0.007077 seconds
Number of updated asset objects reloaded before import = 0
Number of asset objects unloaded after import = 2
========================================================================
Received Import Request.
  Time since last request: 0.000017 seconds.
  path: Assets/ThirdParty/TopDownEngine/Demos/Loft3D/Prefabs/Weapons/Projectiles/LoftAssaultRifleBullet.prefab
  artifactKey: Guid(93c48a9475ea9f847a7445e33157d906) Importer(815301076,1909f56bfc062723c751e8b465ee728b)
Start importing Assets/ThirdParty/TopDownEngine/Demos/Loft3D/Prefabs/Weapons/Projectiles/LoftAssaultRifleBullet.prefab using Guid(93c48a9475ea9f847a7445e33157d906) Importer(815301076,1909f56bfc062723c751e8b465ee728b)  -> (artifact id: '5c3fee1b8dbb720a5ef9c503f3793c6f') in 0.022389 seconds
Number of updated asset objects reloaded before import = 0
Number of asset objects unloaded after import = 93
========================================================================
Received Import Request.
  Time since last request: 0.000023 seconds.
  path: Assets/ThirdParty/TopDownEngine/Demos/Loft3D/Sounds/LoftAssaultRifle.ogg
  artifactKey: Guid(efeea8a63ea57f64183ae9ff6767f678) Importer(815301076,1909f56bfc062723c751e8b465ee728b)
Start importing Assets/ThirdParty/TopDownEngine/Demos/Loft3D/Sounds/LoftAssaultRifle.ogg using Guid(efeea8a63ea57f64183ae9ff6767f678) Importer(815301076,1909f56bfc062723c751e8b465ee728b)  -> (artifact id: '739c554d7b4ab214c15c3643fb1dee03') in 0.080168 seconds
Number of updated asset objects reloaded before import = 0
Number of asset objects unloaded after import = 2
========================================================================
Received Import Request.
  Time since last request: 0.000017 seconds.
  path: Assets/ThirdParty/TopDownEngine/Demos/Loft3D/Prefabs/Weapons/Projectiles/LoftAssaultRifleBulletAI.prefab
  artifactKey: Guid(a2b53980a4b988642b17482ecde04dac) Importer(815301076,1909f56bfc062723c751e8b465ee728b)
Start importing Assets/ThirdParty/TopDownEngine/Demos/Loft3D/Prefabs/Weapons/Projectiles/LoftAssaultRifleBulletAI.prefab using Guid(a2b53980a4b988642b17482ecde04dac) Importer(815301076,1909f56bfc062723c751e8b465ee728b)  -> (artifact id: '06a037f72203849ccdf67f5b2170d538') in 0.022640 seconds
Number of updated asset objects reloaded before import = 0
Number of asset objects unloaded after import = 93
Editor requested this worker to shutdown with reason: Scaling down because of idle timeout
TcpMessagingSession - receive error: operation aborted. errorcode: 995, details:  /   -       .
AssetImportWorker is now disconnected from the server
Process exiting
Exiting without the bug reporter. Application will terminate with return code 0