Using pre-set license
Built from '2022.3/release' branch; Version is '2022.3.12f1 (4fe6e059c7ef) revision 5236448'; Using compiler version '192829333'; Build Type 'Release'
OS: 'Windows 11  (10.0.22621) 64bit Professional' Language: 'ru' Physical Memory: 32680 MB
BatchMode: 1, IsHumanControllingUs: 0, StartBugReporterOnCrash: 0, Is64bit: 1, IsPro: 1

COMMAND LINE ARGUMENTS:
C:\Program Files\Unity\Hub\Editor\2022.3.12f1\Editor\Unity.exe
-adb2
-batchMode
-noUpm
-name
AssetImportWorker2
-projectPath
E:/Work/GitLab/playtime_shooter/PlayeTime_Shooter
-logFile
Logs/AssetImportWorker2.log
-srvPort
50725
Successfully changed project path to: E:/Work/GitLab/playtime_shooter/PlayeTime_Shooter
E:/Work/GitLab/playtime_shooter/PlayeTime_Shooter
[UnityMemory] Configuration Parameters - Can be set up in boot.config
    "memorysetup-bucket-allocator-granularity=16"
    "memorysetup-bucket-allocator-bucket-count=8"
    "memorysetup-bucket-allocator-block-size=33554432"
    "memorysetup-bucket-allocator-block-count=8"
    "memorysetup-main-allocator-block-size=16777216"
    "memorysetup-thread-allocator-block-size=16777216"
    "memorysetup-gfx-main-allocator-block-size=16777216"
    "memorysetup-gfx-thread-allocator-block-size=16777216"
    "memorysetup-cache-allocator-block-size=4194304"
    "memorysetup-typetree-allocator-block-size=2097152"
    "memorysetup-profiler-bucket-allocator-granularity=16"
    "memorysetup-profiler-bucket-allocator-bucket-count=8"
    "memorysetup-profiler-bucket-allocator-block-size=33554432"
    "memorysetup-profiler-bucket-allocator-block-count=8"
    "memorysetup-profiler-allocator-block-size=16777216"
    "memorysetup-profiler-editor-allocator-block-size=1048576"
    "memorysetup-temp-allocator-size-main=16777216"
    "memorysetup-job-temp-allocator-block-size=2097152"
    "memorysetup-job-temp-allocator-block-size-background=1048576"
    "memorysetup-job-temp-allocator-reduction-small-platforms=262144"
    "memorysetup-allocator-temp-initial-block-size-main=262144"
    "memorysetup-allocator-temp-initial-block-size-worker=262144"
    "memorysetup-temp-allocator-size-background-worker=32768"
    "memorysetup-temp-allocator-size-job-worker=262144"
    "memorysetup-temp-allocator-size-preload-manager=33554432"
    "memorysetup-temp-allocator-size-nav-mesh-worker=65536"
    "memorysetup-temp-allocator-size-audio-worker=65536"
    "memorysetup-temp-allocator-size-cloud-worker=32768"
    "memorysetup-temp-allocator-size-gi-baking-worker=262144"
    "memorysetup-temp-allocator-size-gfx=262144"
Player connection [16660] Host "[IP] 192.168.1.183 [Port] 0 [Flags] 2 [Guid] 96878422 [EditorId] 96878422 [Version] 1048832 [Id] WindowsEditor(7,R) [Debug] 1 [PackageName] WindowsEditor [ProjectName] Editor" joined multi-casting on [225.0.0.222:54997]...

Player connection [16660] Host "[IP] 192.168.1.183 [Port] 0 [Flags] 2 [Guid] 96878422 [EditorId] 96878422 [Version] 1048832 [Id] WindowsEditor(7,R) [Debug] 1 [PackageName] WindowsEditor [ProjectName] Editor" joined alternative multi-casting on [225.0.0.222:34997]...

[Physics::Module] Initialized MultithreadedJobDispatcher with 11 workers.
Refreshing native plugins compatible for Editor in 7.99 ms, found 6 plugins.
Preloading 0 native plugins for Editor in 0.00 ms.
Initialize engine version: 2022.3.12f1 (4fe6e059c7ef)
[Subsystems] Discovering subsystems at path C:/Program Files/Unity/Hub/Editor/2022.3.12f1/Editor/Data/Resources/UnitySubsystems
[Subsystems] Discovering subsystems at path E:/Work/GitLab/playtime_shooter/PlayeTime_Shooter/Assets
GfxDevice: creating device client; threaded=0; jobified=0
Direct3D:
    Version:  Direct3D 11.0 [level 11.1]
    Renderer: NVIDIA GeForce RTX 3060 (ID=0x2503)
    Vendor:   NVIDIA
    VRAM:     12143 MB
    Driver:   27.21.14.6172
Shader 'MoreMountains/MMRipple': fallback shader 'Particle/AlphaBlended' not found
Initialize mono
Mono path[0] = 'C:/Program Files/Unity/Hub/Editor/2022.3.12f1/Editor/Data/Managed'
Mono path[1] = 'C:/Program Files/Unity/Hub/Editor/2022.3.12f1/Editor/Data/MonoBleedingEdge/lib/mono/unityjit-win32'
Mono config path = 'C:/Program Files/Unity/Hub/Editor/2022.3.12f1/Editor/Data/MonoBleedingEdge/etc'
Using monoOptions --debugger-agent=transport=dt_socket,embedding=1,server=y,suspend=n,address=127.0.0.1:56724
Begin MonoManager ReloadAssembly
Registering precompiled unity dll's ...
Register platform support module: C:/Program Files/Unity/Hub/Editor/2022.3.12f1/Editor/Data/PlaybackEngines/AndroidPlayer/UnityEditor.Android.Extensions.dll
Register platform support module: C:/Program Files/Unity/Hub/Editor/2022.3.12f1/Editor/Data/PlaybackEngines/WindowsStandaloneSupport/UnityEditor.WindowsStandalone.Extensions.dll
Registered in 0.005501 seconds.
- Loaded All Assemblies, in  0.424 seconds
Native extension for WindowsStandalone target not found
Native extension for Android target not found
Android Extension - Scanning For ADB Devices 187 ms
Mono: successfully reloaded assembly
- Finished resetting the current domain, in  0.513 seconds
Domain Reload Profiling: 935ms
	BeginReloadAssembly (99ms)
		ExecutionOrderSort (0ms)
		DisableScriptedObjects (0ms)
		BackupInstance (0ms)
		ReleaseScriptingObjects (0ms)
		CreateAndSetChildDomain (1ms)
	RebuildCommonClasses (42ms)
	RebuildNativeTypeToScriptingClass (12ms)
	initialDomainReloadingComplete (58ms)
	LoadAllAssembliesAndSetupDomain (211ms)
		LoadAssemblies (99ms)
		RebuildTransferFunctionScriptingTraits (0ms)
		AnalyzeDomain (207ms)
			TypeCache.Refresh (206ms)
				TypeCache.ScanAssembly (183ms)
			ScanForSourceGeneratedMonoScriptInfo (1ms)
			ResolveRequiredComponents (1ms)
	FinalizeReload (514ms)
		ReleaseScriptCaches (0ms)
		RebuildScriptCaches (0ms)
		SetupLoadedEditorAssemblies (444ms)
			LogAssemblyErrors (0ms)
			InitializePlatformSupportModulesInManaged (301ms)
			SetLoadedEditorAssemblies (3ms)
			RefreshPlugins (0ms)
			BeforeProcessingInitializeOnLoad (2ms)
			ProcessInitializeOnLoadAttributes (96ms)
			ProcessInitializeOnLoadMethodAttributes (41ms)
			AfterProcessingInitializeOnLoad (0ms)
			EditorAssembliesLoaded (0ms)
		ExecutionOrderSort2 (0ms)
		AwakeInstancesAfterBackupRestoration (0ms)
========================================================================
Worker process is ready to serve import requests
Begin MonoManager ReloadAssembly
- Loaded All Assemblies, in  0.771 seconds
Refreshing native plugins compatible for Editor in 3.37 ms, found 6 plugins.
Native extension for WindowsStandalone target not found
Native extension for Android target not found
Package Manager log level set to [2]
[Package Manager] Server::EnsureServerProcessIsRunning -- launch failed, reason: Unity was launched with the -noUpm command-line argument
[Package Manager] UpmClient::Send -- Unable to send message (not connected to UPM process).
[Package Manager] Cannot connect to Unity Package Manager local server
Mono: successfully reloaded assembly
- Finished resetting the current domain, in  0.774 seconds
Domain Reload Profiling: 1542ms
	BeginReloadAssembly (150ms)
		ExecutionOrderSort (0ms)
		DisableScriptedObjects (5ms)
		BackupInstance (0ms)
		ReleaseScriptingObjects (0ms)
		CreateAndSetChildDomain (21ms)
	RebuildCommonClasses (34ms)
	RebuildNativeTypeToScriptingClass (14ms)
	initialDomainReloadingComplete (31ms)
	LoadAllAssembliesAndSetupDomain (538ms)
		LoadAssemblies (313ms)
		RebuildTransferFunctionScriptingTraits (0ms)
		AnalyzeDomain (306ms)
			TypeCache.Refresh (251ms)
				TypeCache.ScanAssembly (225ms)
			ScanForSourceGeneratedMonoScriptInfo (30ms)
			ResolveRequiredComponents (24ms)
	FinalizeReload (774ms)
		ReleaseScriptCaches (0ms)
		RebuildScriptCaches (0ms)
		SetupLoadedEditorAssemblies (540ms)
			LogAssemblyErrors (0ms)
			InitializePlatformSupportModulesInManaged (25ms)
			SetLoadedEditorAssemblies (4ms)
			RefreshPlugins (0ms)
			BeforeProcessingInitializeOnLoad (77ms)
			ProcessInitializeOnLoadAttributes (395ms)
			ProcessInitializeOnLoadMethodAttributes (35ms)
			AfterProcessingInitializeOnLoad (4ms)
			EditorAssembliesLoaded (0ms)
		ExecutionOrderSort2 (0ms)
		AwakeInstancesAfterBackupRestoration (5ms)
Shader 'MoreMountains/MMRipple': fallback shader 'Particle/AlphaBlended' not found
Launched and connected shader compiler UnityShaderCompiler.exe after 0.04 seconds
Refreshing native plugins compatible for Editor in 3.87 ms, found 6 plugins.
Preloading 0 native plugins for Editor in 0.00 ms.
Unloading 4906 Unused Serialized files (Serialized files now loaded: 0)
Unloading 79 unused Assets / (1.8 MB). Loaded Objects now: 5357.
Memory consumption went from 378.7 MB to 376.9 MB.
Total: 5.507300 ms (FindLiveObjects: 0.422200 ms CreateObjectMapping: 0.368400 ms MarkObjects: 3.644200 ms  DeleteObjects: 1.071200 ms)

AssetImportParameters requested are different than current active one (requested -> active):
  custom:container-demuxer-ogg: 62fdf1f143b41e24485cea50d1cbac27 -> 
  custom:video-codec-MediaFoundation-h265: 746d11721c4dcdbdad8f713fa42b33f4 -> 
  custom:video-decoder-ogg-theora: a1e56fd34408186e4bbccfd4996cb3dc -> 
  custom:framework-win-MediaFoundation: 216162199b28c13a410421893ffa2e32 -> 
  custom:CustomObjectIndexerAttribute: 756ad292c208cfabdd7b50bc23989ffe -> 
  custom:container-demuxer-webm: 4f35f7cbe854078d1ac9338744f61a02 -> 
  custom:container-muxer-webm: aa71ff27fc2769a1b78a27578f13a17b -> 
  custom:video-decoder-webm-vp8: 9c59270c3fd7afecdb556c50c9e8de78 -> 
  custom:SearchIndexIgnoredProperties: e643bd26f0fe6173181afceb89e7c659 -> 
  custom:AudioImporter_EditorPlatform: d09bf68614088b80899f8185d706f6e7 -> 
  custom:video-encoder-webm-vp8: eb34c28f22e8b96e1ab97ce403110664 -> 
  custom:audio-decoder-ogg-vorbis: bf7c407c2cedff20999df2af8eb42d56 -> 
  custom:audio-encoder-webm-vorbis: bf7c407c2cedff20999df2af8eb42d56 -> 
========================================================================
Received Import Request.
  Time since last request: 1100.600936 seconds.
  path: Assets/ThirdParty/ToysPack/Models/Car_03.fbx
  artifactKey: Guid(04f6a41fda4a1bd4bb83e658e29ff57b) Importer(815301076,1909f56bfc062723c751e8b465ee728b)
Start importing Assets/ThirdParty/ToysPack/Models/Car_03.fbx using Guid(04f6a41fda4a1bd4bb83e658e29ff57b) Importer(815301076,1909f56bfc062723c751e8b465ee728b)  -> (artifact id: '933216407efc165637d1e978e577e2e5') in 0.152746 seconds
Number of updated asset objects reloaded before import = 0
Number of asset objects unloaded after import = 29
========================================================================
Received Import Request.
  Time since last request: 0.000042 seconds.
  path: Assets/ThirdParty/ToysPack/Models/Shovel_01.fbx
  artifactKey: Guid(78083257c4b755f4e991c279375b4d0a) Importer(815301076,1909f56bfc062723c751e8b465ee728b)
Start importing Assets/ThirdParty/ToysPack/Models/Shovel_01.fbx using Guid(78083257c4b755f4e991c279375b4d0a) Importer(815301076,1909f56bfc062723c751e8b465ee728b)  -> (artifact id: '4aac1ab462996cfec6da8d8a16b02437') in 0.014780 seconds
Number of updated asset objects reloaded before import = 0
Number of asset objects unloaded after import = 9
========================================================================
Received Import Request.
  Time since last request: 0.000014 seconds.
  path: Assets/ThirdParty/ToysPack/Models/Fish_01.fbx
  artifactKey: Guid(732ede9455a7780438afab98b228a94d) Importer(815301076,1909f56bfc062723c751e8b465ee728b)
Start importing Assets/ThirdParty/ToysPack/Models/Fish_01.fbx using Guid(732ede9455a7780438afab98b228a94d) Importer(815301076,1909f56bfc062723c751e8b465ee728b)  -> (artifact id: '309553f204f1d58928634ab9e6a951e6') in 0.020457 seconds
Number of updated asset objects reloaded before import = 0
Number of asset objects unloaded after import = 9
========================================================================
Received Import Request.
  Time since last request: 0.000016 seconds.
  path: Assets/ThirdParty/ToysPack/Models/Boat_01.fbx
  artifactKey: Guid(f87d06c3b1b0e9148b74e9d00ee58d90) Importer(815301076,1909f56bfc062723c751e8b465ee728b)
Start importing Assets/ThirdParty/ToysPack/Models/Boat_01.fbx using Guid(f87d06c3b1b0e9148b74e9d00ee58d90) Importer(815301076,1909f56bfc062723c751e8b465ee728b)  -> (artifact id: 'e929085d7aeac14e17f885a64d11fb54') in 0.012840 seconds
Number of updated asset objects reloaded before import = 0
Number of asset objects unloaded after import = 9
========================================================================
Received Import Request.
  Time since last request: 0.000020 seconds.
  path: Assets/ThirdParty/ToysPack/Models/Ball_02.fbx
  artifactKey: Guid(67bf4061010c4854e949257c8139740a) Importer(815301076,1909f56bfc062723c751e8b465ee728b)
Start importing Assets/ThirdParty/ToysPack/Models/Ball_02.fbx using Guid(67bf4061010c4854e949257c8139740a) Importer(815301076,1909f56bfc062723c751e8b465ee728b)  -> (artifact id: 'ecca4f751fb9fd1e9bb747750b912cd0') in 0.011405 seconds
Number of updated asset objects reloaded before import = 0
Number of asset objects unloaded after import = 9
========================================================================
Received Import Request.
  Time since last request: 0.000022 seconds.
  path: Assets/ThirdParty/ToysPack/Models/RugbyBall_01.fbx
  artifactKey: Guid(d9a12745db7335245831d2e142c05f56) Importer(815301076,1909f56bfc062723c751e8b465ee728b)
Start importing Assets/ThirdParty/ToysPack/Models/RugbyBall_01.fbx using Guid(d9a12745db7335245831d2e142c05f56) Importer(815301076,1909f56bfc062723c751e8b465ee728b)  -> (artifact id: '1ff53583aab6b97a7edc56305331dd1b') in 0.014471 seconds
Number of updated asset objects reloaded before import = 0
Number of asset objects unloaded after import = 9
========================================================================
Received Import Request.
  Time since last request: 0.000016 seconds.
  path: Assets/ThirdParty/ToysPack/Models/Boat_02.fbx
  artifactKey: Guid(d4637ea2b81e094469f3c7f95ba0108c) Importer(815301076,1909f56bfc062723c751e8b465ee728b)
Start importing Assets/ThirdParty/ToysPack/Models/Boat_02.fbx using Guid(d4637ea2b81e094469f3c7f95ba0108c) Importer(815301076,1909f56bfc062723c751e8b465ee728b)  -> (artifact id: '2a5769dc4a415b04225f55eeb7bd8d79') in 0.144690 seconds
Number of updated asset objects reloaded before import = 0
Number of asset objects unloaded after import = 9
========================================================================
Received Import Request.
  Time since last request: 0.000016 seconds.
  path: Assets/ThirdParty/ToysPack/Models/Bunny_01.fbx
  artifactKey: Guid(2ac6829403a2bd341a75894c00db1769) Importer(815301076,1909f56bfc062723c751e8b465ee728b)
Start importing Assets/ThirdParty/ToysPack/Models/Bunny_01.fbx using Guid(2ac6829403a2bd341a75894c00db1769) Importer(815301076,1909f56bfc062723c751e8b465ee728b)  -> (artifact id: '537148955d63b085c157e242a10f9fb0') in 0.012795 seconds
Number of updated asset objects reloaded before import = 0
Number of asset objects unloaded after import = 9
========================================================================
Received Import Request.
  Time since last request: 0.000022 seconds.
  path: Assets/ThirdParty/ToysPack/Models/Kite_01.fbx
  artifactKey: Guid(823b24c22413e334fae765948ad49fcf) Importer(815301076,1909f56bfc062723c751e8b465ee728b)
Start importing Assets/ThirdParty/ToysPack/Models/Kite_01.fbx using Guid(823b24c22413e334fae765948ad49fcf) Importer(815301076,1909f56bfc062723c751e8b465ee728b)  -> (artifact id: '9d51b7cc0968f7d5be762ef16f97a7ca') in 0.011991 seconds
Number of updated asset objects reloaded before import = 0
Number of asset objects unloaded after import = 9
========================================================================
Received Import Request.
  Time since last request: 0.000021 seconds.
  path: Assets/ThirdParty/ToysPack/Models/Sandcastle_01.fbx
  artifactKey: Guid(d2cb58ae4ef86ec4c89e65860615e471) Importer(815301076,1909f56bfc062723c751e8b465ee728b)
Start importing Assets/ThirdParty/ToysPack/Models/Sandcastle_01.fbx using Guid(d2cb58ae4ef86ec4c89e65860615e471) Importer(815301076,1909f56bfc062723c751e8b465ee728b)  -> (artifact id: '01932fa6380d14366acf1eba6893a859') in 0.027160 seconds
Number of updated asset objects reloaded before import = 0
Number of asset objects unloaded after import = 21
========================================================================
Received Import Request.
  Time since last request: 0.000013 seconds.
  path: Assets/ThirdParty/ToysPack/Models/RubberDuck_01.fbx
  artifactKey: Guid(c64847829113b3f42975917b8f6a9a80) Importer(815301076,1909f56bfc062723c751e8b465ee728b)
Start importing Assets/ThirdParty/ToysPack/Models/RubberDuck_01.fbx using Guid(c64847829113b3f42975917b8f6a9a80) Importer(815301076,1909f56bfc062723c751e8b465ee728b)  -> (artifact id: '0284c0672ec8576d9fe58016fd191bc1') in 0.012666 seconds
Number of updated asset objects reloaded before import = 0
Number of asset objects unloaded after import = 9
========================================================================
Received Import Request.
  Time since last request: 0.000016 seconds.
  path: Assets/ThirdParty/ToysPack/Models/Basketballhoop_01.fbx
  artifactKey: Guid(c1d3782c7fdc9184daffd83f30a74e1a) Importer(815301076,1909f56bfc062723c751e8b465ee728b)
Start importing Assets/ThirdParty/ToysPack/Models/Basketballhoop_01.fbx using Guid(c1d3782c7fdc9184daffd83f30a74e1a) Importer(815301076,1909f56bfc062723c751e8b465ee728b)  -> (artifact id: '79c3f7c8bfb2bb529af41baeafd2ba2c') in 0.011899 seconds
Number of updated asset objects reloaded before import = 0
Number of asset objects unloaded after import = 9
========================================================================
Received Import Request.
  Time since last request: 0.000014 seconds.
  path: Assets/ThirdParty/ToysPack/Models/Car_04.fbx
  artifactKey: Guid(ca5405edf02a7b4499abc74164e4cbbb) Importer(815301076,1909f56bfc062723c751e8b465ee728b)
Start importing Assets/ThirdParty/ToysPack/Models/Car_04.fbx using Guid(ca5405edf02a7b4499abc74164e4cbbb) Importer(815301076,1909f56bfc062723c751e8b465ee728b)  -> (artifact id: 'cd4f221b92cd37f2a4bba78d0e9e6170') in 0.042109 seconds
Number of updated asset objects reloaded before import = 0
Number of asset objects unloaded after import = 29
========================================================================
Received Import Request.
  Time since last request: 0.000014 seconds.
  path: Assets/ThirdParty/ToysPack/Models/Chess_01.fbx
  artifactKey: Guid(e7d92236e865ef041980d0f6a1c3d961) Importer(815301076,1909f56bfc062723c751e8b465ee728b)
Start importing Assets/ThirdParty/ToysPack/Models/Chess_01.fbx using Guid(e7d92236e865ef041980d0f6a1c3d961) Importer(815301076,1909f56bfc062723c751e8b465ee728b)  -> (artifact id: '33527e945147a3b16e2a0375c8edbf9d') in 0.106201 seconds
Number of updated asset objects reloaded before import = 0
Number of asset objects unloaded after import = 71
========================================================================
Received Import Request.
  Time since last request: 0.000022 seconds.
  path: Assets/ThirdParty/ToysPack/Models/Shield_02.fbx
  artifactKey: Guid(f47ee7558e2ea7c4d9749c97c102c107) Importer(815301076,1909f56bfc062723c751e8b465ee728b)
Start importing Assets/ThirdParty/ToysPack/Models/Shield_02.fbx using Guid(f47ee7558e2ea7c4d9749c97c102c107) Importer(815301076,1909f56bfc062723c751e8b465ee728b)  -> (artifact id: 'c77e5088e7ac15f150bec40d5938729a') in 0.011295 seconds
Number of updated asset objects reloaded before import = 0
Number of asset objects unloaded after import = 9
Editor requested this worker to shutdown with reason: Scaling down because of idle timeout
TcpMessagingSession - receive error: operation aborted. errorcode: 995, details: ќпераци€ ввода/вывода была прервана из-за завершени€ потока команд или по запросу приложени€.
AssetImportWorker is now disconnected from the server
Process exiting
Exiting without the bug reporter. Application will terminate with return code 0