Using pre-set license
Built from '2022.3/release' branch; Version is '2022.3.12f1 (4fe6e059c7ef) revision 5236448'; Using compiler version '192829333'; Build Type 'Release'
OS: 'Windows 11  (10.0.22621) 64bit Professional' Language: 'ru' Physical Memory: 32680 MB
BatchMode: 1, IsHumanControllingUs: 0, StartBugReporterOnCrash: 0, Is64bit: 1, IsPro: 1

COMMAND LINE ARGUMENTS:
C:\Program Files\Unity\Hub\Editor\2022.3.12f1\Editor\Unity.exe
-adb2
-batchMode
-noUpm
-name
AssetImportWorker15
-projectPath
E:/Work/GitLab/playtime_shooter/PlayeTime_Shooter
-logFile
Logs/AssetImportWorker15.log
-srvPort
50725
Successfully changed project path to: E:/Work/GitLab/playtime_shooter/PlayeTime_Shooter
E:/Work/GitLab/playtime_shooter/PlayeTime_Shooter
[UnityMemory] Configuration Parameters - Can be set up in boot.config
    "memorysetup-bucket-allocator-granularity=16"
    "memorysetup-bucket-allocator-bucket-count=8"
    "memorysetup-bucket-allocator-block-size=33554432"
    "memorysetup-bucket-allocator-block-count=8"
    "memorysetup-main-allocator-block-size=16777216"
    "memorysetup-thread-allocator-block-size=16777216"
    "memorysetup-gfx-main-allocator-block-size=16777216"
    "memorysetup-gfx-thread-allocator-block-size=16777216"
    "memorysetup-cache-allocator-block-size=4194304"
    "memorysetup-typetree-allocator-block-size=2097152"
    "memorysetup-profiler-bucket-allocator-granularity=16"
    "memorysetup-profiler-bucket-allocator-bucket-count=8"
    "memorysetup-profiler-bucket-allocator-block-size=33554432"
    "memorysetup-profiler-bucket-allocator-block-count=8"
    "memorysetup-profiler-allocator-block-size=16777216"
    "memorysetup-profiler-editor-allocator-block-size=1048576"
    "memorysetup-temp-allocator-size-main=16777216"
    "memorysetup-job-temp-allocator-block-size=2097152"
    "memorysetup-job-temp-allocator-block-size-background=1048576"
    "memorysetup-job-temp-allocator-reduction-small-platforms=262144"
    "memorysetup-allocator-temp-initial-block-size-main=262144"
    "memorysetup-allocator-temp-initial-block-size-worker=262144"
    "memorysetup-temp-allocator-size-background-worker=32768"
    "memorysetup-temp-allocator-size-job-worker=262144"
    "memorysetup-temp-allocator-size-preload-manager=33554432"
    "memorysetup-temp-allocator-size-nav-mesh-worker=65536"
    "memorysetup-temp-allocator-size-audio-worker=65536"
    "memorysetup-temp-allocator-size-cloud-worker=32768"
    "memorysetup-temp-allocator-size-gi-baking-worker=262144"
    "memorysetup-temp-allocator-size-gfx=262144"
Player connection [19900] Host "[IP] 192.168.1.183 [Port] 0 [Flags] 2 [Guid] 1449117518 [EditorId] 1449117518 [Version] 1048832 [Id] WindowsEditor(7,R) [Debug] 1 [PackageName] WindowsEditor [ProjectName] Editor" joined multi-casting on [225.0.0.222:54997]...

Player connection [19900] Host "[IP] 192.168.1.183 [Port] 0 [Flags] 2 [Guid] 1449117518 [EditorId] 1449117518 [Version] 1048832 [Id] WindowsEditor(7,R) [Debug] 1 [PackageName] WindowsEditor [ProjectName] Editor" joined alternative multi-casting on [225.0.0.222:34997]...

[Physics::Module] Initialized MultithreadedJobDispatcher with 11 workers.
Refreshing native plugins compatible for Editor in 7.43 ms, found 7 plugins.
Preloading 0 native plugins for Editor in 0.00 ms.
Initialize engine version: 2022.3.12f1 (4fe6e059c7ef)
[Subsystems] Discovering subsystems at path C:/Program Files/Unity/Hub/Editor/2022.3.12f1/Editor/Data/Resources/UnitySubsystems
[Subsystems] Discovering subsystems at path E:/Work/GitLab/playtime_shooter/PlayeTime_Shooter/Assets
GfxDevice: creating device client; threaded=0; jobified=0
Direct3D:
    Version:  Direct3D 11.0 [level 11.1]
    Renderer: NVIDIA GeForce RTX 3060 (ID=0x2503)
    Vendor:   NVIDIA
    VRAM:     12143 MB
    Driver:   27.21.14.6172
Shader 'MoreMountains/MMRipple': fallback shader 'Particle/AlphaBlended' not found
Initialize mono
Mono path[0] = 'C:/Program Files/Unity/Hub/Editor/2022.3.12f1/Editor/Data/Managed'
Mono path[1] = 'C:/Program Files/Unity/Hub/Editor/2022.3.12f1/Editor/Data/MonoBleedingEdge/lib/mono/unityjit-win32'
Mono config path = 'C:/Program Files/Unity/Hub/Editor/2022.3.12f1/Editor/Data/MonoBleedingEdge/etc'
Using monoOptions --debugger-agent=transport=dt_socket,embedding=1,server=y,suspend=n,address=127.0.0.1:56472
Begin MonoManager ReloadAssembly
Registering precompiled unity dll's ...
Register platform support module: C:/Program Files/Unity/Hub/Editor/2022.3.12f1/Editor/Data/PlaybackEngines/AndroidPlayer/UnityEditor.Android.Extensions.dll
Register platform support module: C:/Program Files/Unity/Hub/Editor/2022.3.12f1/Editor/Data/PlaybackEngines/WindowsStandaloneSupport/UnityEditor.WindowsStandalone.Extensions.dll
Registered in 0.005417 seconds.
- Loaded All Assemblies, in  0.366 seconds
Native extension for WindowsStandalone target not found
Native extension for Android target not found
Android Extension - Scanning For ADB Devices 167 ms
Mono: successfully reloaded assembly
- Finished resetting the current domain, in  0.481 seconds
Domain Reload Profiling: 845ms
	BeginReloadAssembly (95ms)
		ExecutionOrderSort (0ms)
		DisableScriptedObjects (0ms)
		BackupInstance (0ms)
		ReleaseScriptingObjects (0ms)
		CreateAndSetChildDomain (1ms)
	RebuildCommonClasses (33ms)
	RebuildNativeTypeToScriptingClass (11ms)
	initialDomainReloadingComplete (50ms)
	LoadAllAssembliesAndSetupDomain (175ms)
		LoadAssemblies (94ms)
		RebuildTransferFunctionScriptingTraits (0ms)
		AnalyzeDomain (173ms)
			TypeCache.Refresh (171ms)
				TypeCache.ScanAssembly (154ms)
			ScanForSourceGeneratedMonoScriptInfo (1ms)
			ResolveRequiredComponents (1ms)
	FinalizeReload (481ms)
		ReleaseScriptCaches (0ms)
		RebuildScriptCaches (0ms)
		SetupLoadedEditorAssemblies (417ms)
			LogAssemblyErrors (0ms)
			InitializePlatformSupportModulesInManaged (278ms)
			SetLoadedEditorAssemblies (3ms)
			RefreshPlugins (0ms)
			BeforeProcessingInitializeOnLoad (2ms)
			ProcessInitializeOnLoadAttributes (91ms)
			ProcessInitializeOnLoadMethodAttributes (43ms)
			AfterProcessingInitializeOnLoad (0ms)
			EditorAssembliesLoaded (0ms)
		ExecutionOrderSort2 (0ms)
		AwakeInstancesAfterBackupRestoration (0ms)
========================================================================
Worker process is ready to serve import requests
Begin MonoManager ReloadAssembly
- Loaded All Assemblies, in  0.601 seconds
Refreshing native plugins compatible for Editor in 3.50 ms, found 7 plugins.
Native extension for WindowsStandalone target not found
Native extension for Android target not found
Package Manager log level set to [2]
[Package Manager] Server::EnsureServerProcessIsRunning -- launch failed, reason: Unity was launched with the -noUpm command-line argument
[Package Manager] UpmClient::Send -- Unable to send message (not connected to UPM process).
[Package Manager] Cannot connect to Unity Package Manager local server
Mono: successfully reloaded assembly
- Finished resetting the current domain, in  0.623 seconds
Domain Reload Profiling: 1222ms
	BeginReloadAssembly (128ms)
		ExecutionOrderSort (0ms)
		DisableScriptedObjects (5ms)
		BackupInstance (0ms)
		ReleaseScriptingObjects (0ms)
		CreateAndSetChildDomain (19ms)
	RebuildCommonClasses (33ms)
	RebuildNativeTypeToScriptingClass (11ms)
	initialDomainReloadingComplete (24ms)
	LoadAllAssembliesAndSetupDomain (403ms)
		LoadAssemblies (239ms)
		RebuildTransferFunctionScriptingTraits (0ms)
		AnalyzeDomain (236ms)
			TypeCache.Refresh (191ms)
				TypeCache.ScanAssembly (173ms)
			ScanForSourceGeneratedMonoScriptInfo (25ms)
			ResolveRequiredComponents (18ms)
	FinalizeReload (623ms)
		ReleaseScriptCaches (0ms)
		RebuildScriptCaches (0ms)
		SetupLoadedEditorAssemblies (446ms)
			LogAssemblyErrors (0ms)
			InitializePlatformSupportModulesInManaged (21ms)
			SetLoadedEditorAssemblies (3ms)
			RefreshPlugins (0ms)
			BeforeProcessingInitializeOnLoad (67ms)
			ProcessInitializeOnLoadAttributes (322ms)
			ProcessInitializeOnLoadMethodAttributes (29ms)
			AfterProcessingInitializeOnLoad (4ms)
			EditorAssembliesLoaded (0ms)
		ExecutionOrderSort2 (0ms)
		AwakeInstancesAfterBackupRestoration (5ms)
Shader 'MoreMountains/MMRipple': fallback shader 'Particle/AlphaBlended' not found
Launched and connected shader compiler UnityShaderCompiler.exe after 0.03 seconds
Refreshing native plugins compatible for Editor in 3.43 ms, found 7 plugins.
Preloading 0 native plugins for Editor in 0.00 ms.
Unloading 5145 Unused Serialized files (Serialized files now loaded: 0)
Unloading 82 unused Assets / (1.7 MB). Loaded Objects now: 5595.
Memory consumption went from 389.1 MB to 387.4 MB.
Total: 4.085100 ms (FindLiveObjects: 0.381000 ms CreateObjectMapping: 0.374600 ms MarkObjects: 2.470600 ms  DeleteObjects: 0.857800 ms)

AssetImportParameters requested are different than current active one (requested -> active):
  custom:scripting/monoscript/fileName/ETFXLoopScript.cs: 4392199dbfd6d3b5bd95d917e63f7b7c -> d5bc634ada6d0fb61f6dc312af0d35d8
  custom:container-demuxer-ogg: 62fdf1f143b41e24485cea50d1cbac27 -> 
  custom:video-codec-MediaFoundation-h265: 746d11721c4dcdbdad8f713fa42b33f4 -> 
  custom:video-decoder-ogg-theora: a1e56fd34408186e4bbccfd4996cb3dc -> 
  custom:framework-win-MediaFoundation: 216162199b28c13a410421893ffa2e32 -> 
  custom:scripting/monoscript/fileName/ETFXRotation.cs: 74c758b096ccc015ecc0b543e025d32f -> e343bb3cdc2d115200128a669b71dda1
  custom:scripting/monoscript/fileName/ETFXTarget.cs: ad09be64d07fe8ab15ea3df3041afe33 -> c04ff8e5450f1152d1f50a47046a7522
  custom:scripting/monoscript/fileName/ETFXMouseOrbit.cs: 2c256cdcc1004b2d89ad6216ce6f48ce -> 654fedd2040686dffcba3ab26348e73a
  custom:scripting/monoscript/fileName/PEButtonScript.cs: 1196c7824c32320b807ca3d248e82337 -> bf6c80445f44505babe53d9f3e6c71a8
  custom:scripting/monoscript/fileName/ETFXPitchRandomizer.cs: 5f93baac467b5aad804964f6f5c855d3 -> 5e0812fb099c455198fae606e4820674
  custom:CustomObjectIndexerAttribute: 756ad292c208cfabdd7b50bc23989ffe -> 
  custom:container-demuxer-webm: 4f35f7cbe854078d1ac9338744f61a02 -> 
  custom:scripting/monoscript/fileName/ETFXSceneManager.cs: fd89b14cfaa86424da64a78d3cc928bd -> 9146f3552534435a5b54b9657a6eaacd
  custom:container-muxer-webm: aa71ff27fc2769a1b78a27578f13a17b -> 
  custom:video-decoder-webm-vp8: 9c59270c3fd7afecdb556c50c9e8de78 -> 
  custom:SearchIndexIgnoredProperties: e643bd26f0fe6173181afceb89e7c659 -> 
  custom:AudioImporter_EditorPlatform: d09bf68614088b80899f8185d706f6e7 -> 
  custom:scripting/monoscript/fileName/UICanvasManager.cs: 5aab136b4eea2569aa2aed1e7de128ee -> ad5d5df5b0e004a8bd01e6144db352c4
  custom:scripting/monoscript/fileName/ETFXLightFade.cs: 8adc4a249aece59aef9b7f4a8f8629eb -> bc15e838f9d3884226cb2e9af0c78277
  custom:scripting/monoscript/fileName/ETFXProjectileScript.cs: ad4e5185dd169c5daa1ccc4c9f735f7c -> 91e6ec5b2311ff6de4abc8636a61f0dc
  custom:video-encoder-webm-vp8: eb34c28f22e8b96e1ab97ce403110664 -> 
  custom:audio-decoder-ogg-vorbis: bf7c407c2cedff20999df2af8eb42d56 -> 
  custom:scripting/monoscript/fileName/ETFXFireProjectile.cs: 4a8f4cc37966f793dd786ff73ce40e16 -> 848ec65e1ca5a78b8976353fa3b86db5
  custom:scripting/monoscript/fileName/ETFXButtonScript.cs: 72e9c0fa11c1debacc9e5b71ea9f9526 -> ed5b95a3380373270aaebfcd2475e74c
  custom:audio-encoder-webm-vorbis: bf7c407c2cedff20999df2af8eb42d56 -> 
  custom:scripting/monoscript/fileName/ParticleEffectsLibrary.cs: 412580748e6eff2b9440bcfa77c1a309 -> 3a37ad8c45f2dea0089853c8f2c9d55f
========================================================================
Received Prepare
Begin MonoManager ReloadAssembly
- Loaded All Assemblies, in  0.448 seconds
Refreshing native plugins compatible for Editor in 5.40 ms, found 7 plugins.
Native extension for WindowsStandalone target not found
Native extension for Android target not found
[Package Manager] Server::EnsureServerProcessIsRunning -- launch failed, reason: Unity was launched with the -noUpm command-line argument
[Package Manager] UpmClient::Send -- Unable to send message (not connected to UPM process).
[Package Manager] Cannot connect to Unity Package Manager local server
Mono: successfully reloaded assembly
- Finished resetting the current domain, in  1.062 seconds
Domain Reload Profiling: 1508ms
	BeginReloadAssembly (165ms)
		ExecutionOrderSort (0ms)
		DisableScriptedObjects (8ms)
		BackupInstance (0ms)
		ReleaseScriptingObjects (0ms)
		CreateAndSetChildDomain (44ms)
	RebuildCommonClasses (35ms)
	RebuildNativeTypeToScriptingClass (12ms)
	initialDomainReloadingComplete (25ms)
	LoadAllAssembliesAndSetupDomain (209ms)
		LoadAssemblies (245ms)
		RebuildTransferFunctionScriptingTraits (0ms)
		AnalyzeDomain (43ms)
			TypeCache.Refresh (9ms)
				TypeCache.ScanAssembly (0ms)
			ScanForSourceGeneratedMonoScriptInfo (0ms)
			ResolveRequiredComponents (32ms)
	FinalizeReload (1062ms)
		ReleaseScriptCaches (0ms)
		RebuildScriptCaches (0ms)
		SetupLoadedEditorAssemblies (520ms)
			LogAssemblyErrors (0ms)
			InitializePlatformSupportModulesInManaged (23ms)
			SetLoadedEditorAssemblies (4ms)
			RefreshPlugins (0ms)
			BeforeProcessingInitializeOnLoad (80ms)
			ProcessInitializeOnLoadAttributes (372ms)
			ProcessInitializeOnLoadMethodAttributes (35ms)
			AfterProcessingInitializeOnLoad (6ms)
			EditorAssembliesLoaded (0ms)
		ExecutionOrderSort2 (0ms)
		AwakeInstancesAfterBackupRestoration (8ms)
Shader 'MoreMountains/MMRipple': fallback shader 'Particle/AlphaBlended' not found
Refreshing native plugins compatible for Editor in 4.65 ms, found 7 plugins.
Preloading 0 native plugins for Editor in 0.00 ms.
Unloading 5002 Unused Serialized files (Serialized files now loaded: 0)
Unloading 57 unused Assets / (1.7 MB). Loaded Objects now: 5610.
Memory consumption went from 355.8 MB to 354.0 MB.
Total: 5.356300 ms (FindLiveObjects: 0.637500 ms CreateObjectMapping: 0.576900 ms MarkObjects: 3.220500 ms  DeleteObjects: 0.920300 ms)

Prepare: number of updated asset objects reloaded= 0
AssetImportParameters requested are different than current active one (requested -> active):
  custom:scripting/monoscript/fileName/ETFXLoopScript.cs: 4392199dbfd6d3b5bd95d917e63f7b7c -> d5bc634ada6d0fb61f6dc312af0d35d8
  custom:container-demuxer-ogg: 62fdf1f143b41e24485cea50d1cbac27 -> 
  custom:video-codec-MediaFoundation-h265: 746d11721c4dcdbdad8f713fa42b33f4 -> 
  custom:video-decoder-ogg-theora: a1e56fd34408186e4bbccfd4996cb3dc -> 
  custom:framework-win-MediaFoundation: 216162199b28c13a410421893ffa2e32 -> 
  custom:scripting/monoscript/fileName/ETFXRotation.cs: 74c758b096ccc015ecc0b543e025d32f -> e343bb3cdc2d115200128a669b71dda1
  custom:scripting/monoscript/fileName/ETFXTarget.cs: ad09be64d07fe8ab15ea3df3041afe33 -> c04ff8e5450f1152d1f50a47046a7522
  custom:scripting/monoscript/fileName/ETFXMouseOrbit.cs: 2c256cdcc1004b2d89ad6216ce6f48ce -> 654fedd2040686dffcba3ab26348e73a
  custom:scripting/monoscript/fileName/PEButtonScript.cs: 1196c7824c32320b807ca3d248e82337 -> bf6c80445f44505babe53d9f3e6c71a8
  custom:scripting/monoscript/fileName/ETFXPitchRandomizer.cs: 5f93baac467b5aad804964f6f5c855d3 -> 5e0812fb099c455198fae606e4820674
  custom:CustomObjectIndexerAttribute: 756ad292c208cfabdd7b50bc23989ffe -> 
  custom:container-demuxer-webm: 4f35f7cbe854078d1ac9338744f61a02 -> 
  custom:scripting/monoscript/fileName/ETFXSceneManager.cs: fd89b14cfaa86424da64a78d3cc928bd -> 9146f3552534435a5b54b9657a6eaacd
  custom:container-muxer-webm: aa71ff27fc2769a1b78a27578f13a17b -> 
  custom:video-decoder-webm-vp8: 9c59270c3fd7afecdb556c50c9e8de78 -> 
  custom:SearchIndexIgnoredProperties: e643bd26f0fe6173181afceb89e7c659 -> 
  custom:AudioImporter_EditorPlatform: d09bf68614088b80899f8185d706f6e7 -> 
  custom:scripting/monoscript/fileName/UICanvasManager.cs: 5aab136b4eea2569aa2aed1e7de128ee -> ad5d5df5b0e004a8bd01e6144db352c4
  custom:scripting/monoscript/fileName/ETFXLightFade.cs: 8adc4a249aece59aef9b7f4a8f8629eb -> bc15e838f9d3884226cb2e9af0c78277
  custom:scripting/monoscript/fileName/ETFXProjectileScript.cs: ad4e5185dd169c5daa1ccc4c9f735f7c -> 91e6ec5b2311ff6de4abc8636a61f0dc
  custom:video-encoder-webm-vp8: eb34c28f22e8b96e1ab97ce403110664 -> 
  custom:audio-decoder-ogg-vorbis: bf7c407c2cedff20999df2af8eb42d56 -> 
  custom:scripting/monoscript/fileName/ETFXFireProjectile.cs: 4a8f4cc37966f793dd786ff73ce40e16 -> 848ec65e1ca5a78b8976353fa3b86db5
  custom:scripting/monoscript/fileName/ETFXButtonScript.cs: 72e9c0fa11c1debacc9e5b71ea9f9526 -> ed5b95a3380373270aaebfcd2475e74c
  custom:audio-encoder-webm-vorbis: bf7c407c2cedff20999df2af8eb42d56 -> 
  custom:scripting/monoscript/fileName/ParticleEffectsLibrary.cs: 412580748e6eff2b9440bcfa77c1a309 -> 3a37ad8c45f2dea0089853c8f2c9d55f
========================================================================
Received Import Request.
  Time since last request: 52944.341125 seconds.
  path: Assets/ThirdParty/TopDownEngine/Demos/Loft3D/Prefabs/Cameras/3DCameras --------------------------------------------------------.prefab
  artifactKey: Guid(d4529f47989526241929319abfdfc29d) Importer(815301076,1909f56bfc062723c751e8b465ee728b)
Start importing Assets/ThirdParty/TopDownEngine/Demos/Loft3D/Prefabs/Cameras/3DCameras --------------------------------------------------------.prefab using Guid(d4529f47989526241929319abfdfc29d) Importer(815301076,1909f56bfc062723c751e8b465ee728b)  -> (artifact id: '2d0f5384a431c31855f30a44fd2513b8') in 0.860846 seconds
Number of updated asset objects reloaded before import = 0
Number of asset objects unloaded after import = 781
========================================================================
Received Import Request.
  Time since last request: 25.541983 seconds.
  path: Assets/ThirdParty/TopDownEngine/Demos/Loft3D/Sounds/BackgroundMusic1.wav
  artifactKey: Guid(d9bd6fc8739e8504482affb6f0c2d2a9) Importer(815301076,1909f56bfc062723c751e8b465ee728b)
Start importing Assets/ThirdParty/TopDownEngine/Demos/Loft3D/Sounds/BackgroundMusic1.wav using Guid(d9bd6fc8739e8504482affb6f0c2d2a9) Importer(815301076,1909f56bfc062723c751e8b465ee728b)  -> (artifact id: '7ef28d56999ba8312e91e2a872e962ed') in 0.089572 seconds
Number of updated asset objects reloaded before import = 0
Number of asset objects unloaded after import = 2
========================================================================
Received Import Request.
  Time since last request: 0.000016 seconds.
  path: Assets/ThirdParty/TopDownEngine/Demos/Loft3D/Sounds/LoftExplosion.wav
  artifactKey: Guid(f6580294a0cfc5f47a743ac2553f8f67) Importer(815301076,1909f56bfc062723c751e8b465ee728b)
Start importing Assets/ThirdParty/TopDownEngine/Demos/Loft3D/Sounds/LoftExplosion.wav using Guid(f6580294a0cfc5f47a743ac2553f8f67) Importer(815301076,1909f56bfc062723c751e8b465ee728b)  -> (artifact id: '52b9f0dffa4b82c715650cc2bc3be103') in 0.018604 seconds
Number of updated asset objects reloaded before import = 0
Number of asset objects unloaded after import = 2
========================================================================
Received Import Request.
  Time since last request: 0.000019 seconds.
  path: Assets/ThirdParty/TopDownEngine/Demos/Loft3D/Sounds/LoftGun2.ogg
  artifactKey: Guid(a524dae32898d024ea2e5dcba0a735e2) Importer(815301076,1909f56bfc062723c751e8b465ee728b)
Start importing Assets/ThirdParty/TopDownEngine/Demos/Loft3D/Sounds/LoftGun2.ogg using Guid(a524dae32898d024ea2e5dcba0a735e2) Importer(815301076,1909f56bfc062723c751e8b465ee728b)  -> (artifact id: 'e05c0f2c2544533977e4bd9539ec6b34') in 0.004648 seconds
Number of updated asset objects reloaded before import = 0
Number of asset objects unloaded after import = 2
========================================================================
Received Import Request.
  Time since last request: 0.000098 seconds.
  path: Assets/ThirdParty/TopDownEngine/Demos/Loft3D/Sounds/LoftGun1.ogg
  artifactKey: Guid(58473d27966f3224f8a9e13aa40bbf6f) Importer(815301076,1909f56bfc062723c751e8b465ee728b)
Start importing Assets/ThirdParty/TopDownEngine/Demos/Loft3D/Sounds/LoftGun1.ogg using Guid(58473d27966f3224f8a9e13aa40bbf6f) Importer(815301076,1909f56bfc062723c751e8b465ee728b)  -> (artifact id: '26c37314a2a9b887d1727d34ff6213e4') in 0.006618 seconds
Number of updated asset objects reloaded before import = 0
Number of asset objects unloaded after import = 2
========================================================================
Received Import Request.
  Time since last request: 0.000011 seconds.
  path: Assets/ThirdParty/TopDownEngine/Demos/Loft3D/Sounds/LoftFingerSnap.wav
  artifactKey: Guid(2d91e6bd7e42440bebe2b87d45a9b187) Importer(815301076,1909f56bfc062723c751e8b465ee728b)
Start importing Assets/ThirdParty/TopDownEngine/Demos/Loft3D/Sounds/LoftFingerSnap.wav using Guid(2d91e6bd7e42440bebe2b87d45a9b187) Importer(815301076,1909f56bfc062723c751e8b465ee728b)  -> (artifact id: '0b729f5374a636df3e4919d4e040e041') in 0.030542 seconds
Number of updated asset objects reloaded before import = 0
Number of asset objects unloaded after import = 2
========================================================================
Received Import Request.
  Time since last request: 0.000012 seconds.
  path: Assets/ThirdParty/TopDownEngine/Demos/Loft3D/Sounds/LoftHit2.ogg
  artifactKey: Guid(4e4e706c4c03d554fbf42a015cc10055) Importer(815301076,1909f56bfc062723c751e8b465ee728b)
Start importing Assets/ThirdParty/TopDownEngine/Demos/Loft3D/Sounds/LoftHit2.ogg using Guid(4e4e706c4c03d554fbf42a015cc10055) Importer(815301076,1909f56bfc062723c751e8b465ee728b)  -> (artifact id: '2346a5b1c8e3947e083671ea9fadb281') in 0.029372 seconds
Number of updated asset objects reloaded before import = 0
Number of asset objects unloaded after import = 2
========================================================================
Received Import Request.
  Time since last request: 0.000016 seconds.
  path: Assets/ThirdParty/TopDownEngine/Demos/Loft3D/Sounds/LoftGun3.ogg
  artifactKey: Guid(aac3570ccf645184d8144ba5468883e8) Importer(815301076,1909f56bfc062723c751e8b465ee728b)
Start importing Assets/ThirdParty/TopDownEngine/Demos/Loft3D/Sounds/LoftGun3.ogg using Guid(aac3570ccf645184d8144ba5468883e8) Importer(815301076,1909f56bfc062723c751e8b465ee728b)  -> (artifact id: '1ed2d00799ba4f3b6f0d6afd10a9bdec') in 0.004964 seconds
Number of updated asset objects reloaded before import = 0
Number of asset objects unloaded after import = 2
========================================================================
Received Import Request.
  Time since last request: 0.000012 seconds.
  path: Assets/ThirdParty/TopDownEngine/Demos/Loft3D/Sounds/LoftHit1.ogg
  artifactKey: Guid(ccec37d734aad9b49a1a39a8a7262bbd) Importer(815301076,1909f56bfc062723c751e8b465ee728b)
Start importing Assets/ThirdParty/TopDownEngine/Demos/Loft3D/Sounds/LoftHit1.ogg using Guid(ccec37d734aad9b49a1a39a8a7262bbd) Importer(815301076,1909f56bfc062723c751e8b465ee728b)  -> (artifact id: '9d3f049b71fc78fdbaddd1cb569b2cb0') in 0.006201 seconds
Number of updated asset objects reloaded before import = 0
Number of asset objects unloaded after import = 2
========================================================================
Received Import Request.
  Time since last request: 0.283724 seconds.
  path: Assets/ThirdParty/TopDownEngine/Demos/Loft3D/Sprites/LoftGUI.png
  artifactKey: Guid(c63a8d9465c360b499b181190f1ba41d) Importer(815301076,1909f56bfc062723c751e8b465ee728b)
Start importing Assets/ThirdParty/TopDownEngine/Demos/Loft3D/Sprites/LoftGUI.png using Guid(c63a8d9465c360b499b181190f1ba41d) Importer(815301076,1909f56bfc062723c751e8b465ee728b)  -> (artifact id: '4cb51a450231f57ae0f5302609b0506d') in 0.094631 seconds
Number of updated asset objects reloaded before import = 0
Number of asset objects unloaded after import = 5
