Using pre-set license
Built from '2022.3/release' branch; Version is '2022.3.12f1 (4fe6e059c7ef) revision 5236448'; Using compiler version '192829333'; Build Type 'Release'
OS: 'Windows 11  (10.0.22621) 64bit Professional' Language: 'ru' Physical Memory: 32680 MB
BatchMode: 1, IsHumanControllingUs: 0, StartBugReporterOnCrash: 0, Is64bit: 1, IsPro: 1

COMMAND LINE ARGUMENTS:
C:\Program Files\Unity\Hub\Editor\2022.3.12f1\Editor\Unity.exe
-adb2
-batchMode
-noUpm
-name
AssetImportWorker12
-projectPath
E:/Work/GitLab/playtime_shooter/PlayeTime_Shooter
-logFile
Logs/AssetImportWorker12.log
-srvPort
50725
Successfully changed project path to: E:/Work/GitLab/playtime_shooter/PlayeTime_Shooter
E:/Work/GitLab/playtime_shooter/PlayeTime_Shooter
[UnityMemory] Configuration Parameters - Can be set up in boot.config
    "memorysetup-bucket-allocator-granularity=16"
    "memorysetup-bucket-allocator-bucket-count=8"
    "memorysetup-bucket-allocator-block-size=33554432"
    "memorysetup-bucket-allocator-block-count=8"
    "memorysetup-main-allocator-block-size=16777216"
    "memorysetup-thread-allocator-block-size=16777216"
    "memorysetup-gfx-main-allocator-block-size=16777216"
    "memorysetup-gfx-thread-allocator-block-size=16777216"
    "memorysetup-cache-allocator-block-size=4194304"
    "memorysetup-typetree-allocator-block-size=2097152"
    "memorysetup-profiler-bucket-allocator-granularity=16"
    "memorysetup-profiler-bucket-allocator-bucket-count=8"
    "memorysetup-profiler-bucket-allocator-block-size=33554432"
    "memorysetup-profiler-bucket-allocator-block-count=8"
    "memorysetup-profiler-allocator-block-size=16777216"
    "memorysetup-profiler-editor-allocator-block-size=1048576"
    "memorysetup-temp-allocator-size-main=16777216"
    "memorysetup-job-temp-allocator-block-size=2097152"
    "memorysetup-job-temp-allocator-block-size-background=1048576"
    "memorysetup-job-temp-allocator-reduction-small-platforms=262144"
    "memorysetup-allocator-temp-initial-block-size-main=262144"
    "memorysetup-allocator-temp-initial-block-size-worker=262144"
    "memorysetup-temp-allocator-size-background-worker=32768"
    "memorysetup-temp-allocator-size-job-worker=262144"
    "memorysetup-temp-allocator-size-preload-manager=33554432"
    "memorysetup-temp-allocator-size-nav-mesh-worker=65536"
    "memorysetup-temp-allocator-size-audio-worker=65536"
    "memorysetup-temp-allocator-size-cloud-worker=32768"
    "memorysetup-temp-allocator-size-gi-baking-worker=262144"
    "memorysetup-temp-allocator-size-gfx=262144"
Player connection [23176] Host "[IP] 192.168.1.183 [Port] 0 [Flags] 2 [Guid] 160871747 [EditorId] 160871747 [Version] 1048832 [Id] WindowsEditor(7,R) [Debug] 1 [PackageName] WindowsEditor [ProjectName] Editor" joined multi-casting on [225.0.0.222:54997]...

Player connection [23176] Host "[IP] 192.168.1.183 [Port] 0 [Flags] 2 [Guid] 160871747 [EditorId] 160871747 [Version] 1048832 [Id] WindowsEditor(7,R) [Debug] 1 [PackageName] WindowsEditor [ProjectName] Editor" joined alternative multi-casting on [225.0.0.222:34997]...

[Physics::Module] Initialized MultithreadedJobDispatcher with 11 workers.
Refreshing native plugins compatible for Editor in 7.86 ms, found 7 plugins.
Preloading 0 native plugins for Editor in 0.00 ms.
Initialize engine version: 2022.3.12f1 (4fe6e059c7ef)
[Subsystems] Discovering subsystems at path C:/Program Files/Unity/Hub/Editor/2022.3.12f1/Editor/Data/Resources/UnitySubsystems
[Subsystems] Discovering subsystems at path E:/Work/GitLab/playtime_shooter/PlayeTime_Shooter/Assets
GfxDevice: creating device client; threaded=0; jobified=0
Direct3D:
    Version:  Direct3D 11.0 [level 11.1]
    Renderer: NVIDIA GeForce RTX 3060 (ID=0x2503)
    Vendor:   NVIDIA
    VRAM:     12143 MB
    Driver:   27.21.14.6172
Shader 'MoreMountains/MMRipple': fallback shader 'Particle/AlphaBlended' not found
Initialize mono
Mono path[0] = 'C:/Program Files/Unity/Hub/Editor/2022.3.12f1/Editor/Data/Managed'
Mono path[1] = 'C:/Program Files/Unity/Hub/Editor/2022.3.12f1/Editor/Data/MonoBleedingEdge/lib/mono/unityjit-win32'
Mono config path = 'C:/Program Files/Unity/Hub/Editor/2022.3.12f1/Editor/Data/MonoBleedingEdge/etc'
Using monoOptions --debugger-agent=transport=dt_socket,embedding=1,server=y,suspend=n,address=127.0.0.1:56060
Begin MonoManager ReloadAssembly
Registering precompiled unity dll's ...
Register platform support module: C:/Program Files/Unity/Hub/Editor/2022.3.12f1/Editor/Data/PlaybackEngines/AndroidPlayer/UnityEditor.Android.Extensions.dll
Register platform support module: C:/Program Files/Unity/Hub/Editor/2022.3.12f1/Editor/Data/PlaybackEngines/WindowsStandaloneSupport/UnityEditor.WindowsStandalone.Extensions.dll
Registered in 0.005483 seconds.
- Loaded All Assemblies, in  0.378 seconds
Native extension for WindowsStandalone target not found
Native extension for Android target not found
Android Extension - Scanning For ADB Devices 268 ms
Mono: successfully reloaded assembly
- Finished resetting the current domain, in  0.603 seconds
Domain Reload Profiling: 980ms
	BeginReloadAssembly (105ms)
		ExecutionOrderSort (0ms)
		DisableScriptedObjects (0ms)
		BackupInstance (0ms)
		ReleaseScriptingObjects (0ms)
		CreateAndSetChildDomain (1ms)
	RebuildCommonClasses (37ms)
	RebuildNativeTypeToScriptingClass (16ms)
	initialDomainReloadingComplete (55ms)
	LoadAllAssembliesAndSetupDomain (163ms)
		LoadAssemblies (103ms)
		RebuildTransferFunctionScriptingTraits (0ms)
		AnalyzeDomain (161ms)
			TypeCache.Refresh (159ms)
				TypeCache.ScanAssembly (145ms)
			ScanForSourceGeneratedMonoScriptInfo (0ms)
			ResolveRequiredComponents (0ms)
	FinalizeReload (604ms)
		ReleaseScriptCaches (0ms)
		RebuildScriptCaches (0ms)
		SetupLoadedEditorAssemblies (547ms)
			LogAssemblyErrors (0ms)
			InitializePlatformSupportModulesInManaged (390ms)
			SetLoadedEditorAssemblies (3ms)
			RefreshPlugins (0ms)
			BeforeProcessingInitializeOnLoad (2ms)
			ProcessInitializeOnLoadAttributes (102ms)
			ProcessInitializeOnLoadMethodAttributes (50ms)
			AfterProcessingInitializeOnLoad (0ms)
			EditorAssembliesLoaded (0ms)
		ExecutionOrderSort2 (0ms)
		AwakeInstancesAfterBackupRestoration (0ms)
========================================================================
Worker process is ready to serve import requests
Begin MonoManager ReloadAssembly
- Loaded All Assemblies, in  0.685 seconds
Refreshing native plugins compatible for Editor in 3.67 ms, found 7 plugins.
Native extension for WindowsStandalone target not found
Native extension for Android target not found
Package Manager log level set to [2]
[Package Manager] Server::EnsureServerProcessIsRunning -- launch failed, reason: Unity was launched with the -noUpm command-line argument
[Package Manager] UpmClient::Send -- Unable to send message (not connected to UPM process).
[Package Manager] Cannot connect to Unity Package Manager local server
Mono: successfully reloaded assembly
- Finished resetting the current domain, in  0.737 seconds
Domain Reload Profiling: 1420ms
	BeginReloadAssembly (146ms)
		ExecutionOrderSort (0ms)
		DisableScriptedObjects (5ms)
		BackupInstance (0ms)
		ReleaseScriptingObjects (0ms)
		CreateAndSetChildDomain (26ms)
	RebuildCommonClasses (37ms)
	RebuildNativeTypeToScriptingClass (16ms)
	initialDomainReloadingComplete (25ms)
	LoadAllAssembliesAndSetupDomain (460ms)
		LoadAssemblies (275ms)
		RebuildTransferFunctionScriptingTraits (0ms)
		AnalyzeDomain (264ms)
			TypeCache.Refresh (214ms)
				TypeCache.ScanAssembly (190ms)
			ScanForSourceGeneratedMonoScriptInfo (28ms)
			ResolveRequiredComponents (20ms)
	FinalizeReload (737ms)
		ReleaseScriptCaches (0ms)
		RebuildScriptCaches (0ms)
		SetupLoadedEditorAssemblies (523ms)
			LogAssemblyErrors (0ms)
			InitializePlatformSupportModulesInManaged (25ms)
			SetLoadedEditorAssemblies (3ms)
			RefreshPlugins (0ms)
			BeforeProcessingInitializeOnLoad (77ms)
			ProcessInitializeOnLoadAttributes (373ms)
			ProcessInitializeOnLoadMethodAttributes (39ms)
			AfterProcessingInitializeOnLoad (5ms)
			EditorAssembliesLoaded (0ms)
		ExecutionOrderSort2 (0ms)
		AwakeInstancesAfterBackupRestoration (6ms)
Shader 'MoreMountains/MMRipple': fallback shader 'Particle/AlphaBlended' not found
Launched and connected shader compiler UnityShaderCompiler.exe after 0.04 seconds
Refreshing native plugins compatible for Editor in 3.56 ms, found 7 plugins.
Preloading 0 native plugins for Editor in 0.00 ms.
Unloading 5145 Unused Serialized files (Serialized files now loaded: 0)
Unloading 82 unused Assets / (1.8 MB). Loaded Objects now: 5595.
Memory consumption went from 389.2 MB to 387.4 MB.
Total: 4.148700 ms (FindLiveObjects: 0.509700 ms CreateObjectMapping: 0.425700 ms MarkObjects: 2.320400 ms  DeleteObjects: 0.891100 ms)

AssetImportParameters requested are different than current active one (requested -> active):
  custom:scripting/monoscript/fileName/ETFXLoopScript.cs: 4392199dbfd6d3b5bd95d917e63f7b7c -> d5bc634ada6d0fb61f6dc312af0d35d8
  custom:container-demuxer-ogg: 62fdf1f143b41e24485cea50d1cbac27 -> 
  custom:video-codec-MediaFoundation-h265: 746d11721c4dcdbdad8f713fa42b33f4 -> 
  custom:video-decoder-ogg-theora: a1e56fd34408186e4bbccfd4996cb3dc -> 
  custom:framework-win-MediaFoundation: 216162199b28c13a410421893ffa2e32 -> 
  custom:scripting/monoscript/fileName/ETFXRotation.cs: 74c758b096ccc015ecc0b543e025d32f -> e343bb3cdc2d115200128a669b71dda1
  custom:scripting/monoscript/fileName/ETFXTarget.cs: ad09be64d07fe8ab15ea3df3041afe33 -> c04ff8e5450f1152d1f50a47046a7522
  custom:scripting/monoscript/fileName/ETFXMouseOrbit.cs: 2c256cdcc1004b2d89ad6216ce6f48ce -> 654fedd2040686dffcba3ab26348e73a
  custom:scripting/monoscript/fileName/PEButtonScript.cs: 1196c7824c32320b807ca3d248e82337 -> bf6c80445f44505babe53d9f3e6c71a8
  custom:scripting/monoscript/fileName/ETFXPitchRandomizer.cs: 5f93baac467b5aad804964f6f5c855d3 -> 5e0812fb099c455198fae606e4820674
  custom:CustomObjectIndexerAttribute: 756ad292c208cfabdd7b50bc23989ffe -> 
  custom:container-demuxer-webm: 4f35f7cbe854078d1ac9338744f61a02 -> 
  custom:scripting/monoscript/fileName/ETFXSceneManager.cs: fd89b14cfaa86424da64a78d3cc928bd -> 9146f3552534435a5b54b9657a6eaacd
  custom:container-muxer-webm: aa71ff27fc2769a1b78a27578f13a17b -> 
  custom:video-decoder-webm-vp8: 9c59270c3fd7afecdb556c50c9e8de78 -> 
  custom:SearchIndexIgnoredProperties: e643bd26f0fe6173181afceb89e7c659 -> 
  custom:AudioImporter_EditorPlatform: d09bf68614088b80899f8185d706f6e7 -> 
  custom:scripting/monoscript/fileName/UICanvasManager.cs: 5aab136b4eea2569aa2aed1e7de128ee -> ad5d5df5b0e004a8bd01e6144db352c4
  custom:scripting/monoscript/fileName/ETFXLightFade.cs: 8adc4a249aece59aef9b7f4a8f8629eb -> bc15e838f9d3884226cb2e9af0c78277
  custom:scripting/monoscript/fileName/ETFXProjectileScript.cs: ad4e5185dd169c5daa1ccc4c9f735f7c -> 91e6ec5b2311ff6de4abc8636a61f0dc
  custom:video-encoder-webm-vp8: eb34c28f22e8b96e1ab97ce403110664 -> 
  custom:audio-decoder-ogg-vorbis: bf7c407c2cedff20999df2af8eb42d56 -> 
  custom:scripting/monoscript/fileName/ETFXFireProjectile.cs: 4a8f4cc37966f793dd786ff73ce40e16 -> 848ec65e1ca5a78b8976353fa3b86db5
  custom:scripting/monoscript/fileName/ETFXButtonScript.cs: 72e9c0fa11c1debacc9e5b71ea9f9526 -> ed5b95a3380373270aaebfcd2475e74c
  custom:audio-encoder-webm-vorbis: bf7c407c2cedff20999df2af8eb42d56 -> 
  custom:scripting/monoscript/fileName/ParticleEffectsLibrary.cs: 412580748e6eff2b9440bcfa77c1a309 -> 3a37ad8c45f2dea0089853c8f2c9d55f
========================================================================
Received Import Request.
  Time since last request: 50001.471318 seconds.
  path: Assets/ThirdParty/ToysPack/Textures/ToyBlocksAtlas_01.png
  artifactKey: Guid(7218453e7b4f0c243aa81137e225ef1e) Importer(815301076,1909f56bfc062723c751e8b465ee728b)
Start importing Assets/ThirdParty/ToysPack/Textures/ToyBlocksAtlas_01.png using Guid(7218453e7b4f0c243aa81137e225ef1e) Importer(815301076,1909f56bfc062723c751e8b465ee728b)  -> (artifact id: '082ce37297094099c0675adcaeb91f83') in 0.080410 seconds
Number of updated asset objects reloaded before import = 0
Number of asset objects unloaded after import = 2
========================================================================
Received Import Request.
  Time since last request: 1367.569947 seconds.
  path: Assets/Game/Models/Healthpack.fbx
  artifactKey: Guid(7387db4d4e511c84798dc427e8b6d2fd) Importer(815301076,1909f56bfc062723c751e8b465ee728b)
Start importing Assets/Game/Models/Healthpack.fbx using Guid(7387db4d4e511c84798dc427e8b6d2fd) Importer(815301076,1909f56bfc062723c751e8b465ee728b)  -> (artifact id: 'c101932d65bfc12d222d003ff2343a72') in 0.141381 seconds
Number of updated asset objects reloaded before import = 0
Number of asset objects unloaded after import = 10
========================================================================
Received Import Request.
  Time since last request: 7.654041 seconds.
  path: Assets/ThirdParty/ToysPack/Materials/LaserSword.mat
  artifactKey: Guid(6da35178ab40e114ca18107ec4d68f34) Importer(815301076,1909f56bfc062723c751e8b465ee728b)
Start importing Assets/ThirdParty/ToysPack/Materials/LaserSword.mat using Guid(6da35178ab40e114ca18107ec4d68f34) Importer(815301076,1909f56bfc062723c751e8b465ee728b)  -> (artifact id: '7652e3f2c1b66f9a75cc06cb34741b18') in 0.007546 seconds
Number of updated asset objects reloaded before import = 0
Number of asset objects unloaded after import = 1
========================================================================
Received Import Request.
  Time since last request: 2.876101 seconds.
  path: Assets/Game/Models/Healthpack.fbx
  artifactKey: Guid(7387db4d4e511c84798dc427e8b6d2fd) Importer(815301076,1909f56bfc062723c751e8b465ee728b)
Start importing Assets/Game/Models/Healthpack.fbx using Guid(7387db4d4e511c84798dc427e8b6d2fd) Importer(815301076,1909f56bfc062723c751e8b465ee728b)  -> (artifact id: 'e39bdfd91440926fddf6dc0cdd7ffbdc') in 0.009883 seconds
Number of updated asset objects reloaded before import = 0
Number of asset objects unloaded after import = 10
========================================================================
Received Import Request.
  Time since last request: 550.614471 seconds.
  path: Assets/Game/Prefabs/LoftStimpack.prefab
  artifactKey: Guid(2d01f5019efea09429cd8fe9b84a4a2e) Importer(815301076,1909f56bfc062723c751e8b465ee728b)
Start importing Assets/Game/Prefabs/LoftStimpack.prefab using Guid(2d01f5019efea09429cd8fe9b84a4a2e) Importer(815301076,1909f56bfc062723c751e8b465ee728b)  -> (artifact id: '0efd6a4f4c1ffae689e5c98ca92c92c5') in 0.051216 seconds
Number of updated asset objects reloaded before import = 0
Number of asset objects unloaded after import = 56
========================================================================
Received Prepare
Begin MonoManager ReloadAssembly
- Loaded All Assemblies, in  0.593 seconds
Refreshing native plugins compatible for Editor in 4.99 ms, found 7 plugins.
Native extension for WindowsStandalone target not found
Native extension for Android target not found
[Package Manager] Server::EnsureServerProcessIsRunning -- launch failed, reason: Unity was launched with the -noUpm command-line argument
[Package Manager] UpmClient::Send -- Unable to send message (not connected to UPM process).
[Package Manager] Cannot connect to Unity Package Manager local server
Mono: successfully reloaded assembly
- Finished resetting the current domain, in  1.293 seconds
Domain Reload Profiling: 1882ms
	BeginReloadAssembly (207ms)
		ExecutionOrderSort (0ms)
		DisableScriptedObjects (8ms)
		BackupInstance (0ms)
		ReleaseScriptingObjects (0ms)
		CreateAndSetChildDomain (54ms)
	RebuildCommonClasses (46ms)
	RebuildNativeTypeToScriptingClass (14ms)
	initialDomainReloadingComplete (35ms)
	LoadAllAssembliesAndSetupDomain (286ms)
		LoadAssemblies (343ms)
		RebuildTransferFunctionScriptingTraits (0ms)
		AnalyzeDomain (51ms)
			TypeCache.Refresh (16ms)
				TypeCache.ScanAssembly (0ms)
			ScanForSourceGeneratedMonoScriptInfo (0ms)
			ResolveRequiredComponents (33ms)
	FinalizeReload (1293ms)
		ReleaseScriptCaches (0ms)
		RebuildScriptCaches (0ms)
		SetupLoadedEditorAssemblies (585ms)
			LogAssemblyErrors (0ms)
			InitializePlatformSupportModulesInManaged (30ms)
			SetLoadedEditorAssemblies (6ms)
			RefreshPlugins (0ms)
			BeforeProcessingInitializeOnLoad (111ms)
			ProcessInitializeOnLoadAttributes (391ms)
			ProcessInitializeOnLoadMethodAttributes (40ms)
			AfterProcessingInitializeOnLoad (7ms)
			EditorAssembliesLoaded (0ms)
		ExecutionOrderSort2 (0ms)
		AwakeInstancesAfterBackupRestoration (13ms)
Shader 'MoreMountains/MMRipple': fallback shader 'Particle/AlphaBlended' not found
Refreshing native plugins compatible for Editor in 4.78 ms, found 7 plugins.
Preloading 0 native plugins for Editor in 0.00 ms.
Unloading 5001 Unused Serialized files (Serialized files now loaded: 0)
Unloading 57 unused Assets / (1.7 MB). Loaded Objects now: 5656.
Memory consumption went from 356.0 MB to 354.2 MB.
Total: 5.945100 ms (FindLiveObjects: 0.587300 ms CreateObjectMapping: 0.637400 ms MarkObjects: 3.386700 ms  DeleteObjects: 1.332100 ms)

Prepare: number of updated asset objects reloaded= 0
AssetImportParameters requested are different than current active one (requested -> active):
  custom:scripting/monoscript/fileName/ETFXLoopScript.cs: 4392199dbfd6d3b5bd95d917e63f7b7c -> d5bc634ada6d0fb61f6dc312af0d35d8
  custom:container-demuxer-ogg: 62fdf1f143b41e24485cea50d1cbac27 -> 
  custom:video-codec-MediaFoundation-h265: 746d11721c4dcdbdad8f713fa42b33f4 -> 
  custom:video-decoder-ogg-theora: a1e56fd34408186e4bbccfd4996cb3dc -> 
  custom:framework-win-MediaFoundation: 216162199b28c13a410421893ffa2e32 -> 
  custom:scripting/monoscript/fileName/ETFXRotation.cs: 74c758b096ccc015ecc0b543e025d32f -> e343bb3cdc2d115200128a669b71dda1
  custom:scripting/monoscript/fileName/ETFXTarget.cs: ad09be64d07fe8ab15ea3df3041afe33 -> c04ff8e5450f1152d1f50a47046a7522
  custom:scripting/monoscript/fileName/ETFXMouseOrbit.cs: 2c256cdcc1004b2d89ad6216ce6f48ce -> 654fedd2040686dffcba3ab26348e73a
  custom:scripting/monoscript/fileName/PEButtonScript.cs: 1196c7824c32320b807ca3d248e82337 -> bf6c80445f44505babe53d9f3e6c71a8
  custom:scripting/monoscript/fileName/ETFXPitchRandomizer.cs: 5f93baac467b5aad804964f6f5c855d3 -> 5e0812fb099c455198fae606e4820674
  custom:CustomObjectIndexerAttribute: 756ad292c208cfabdd7b50bc23989ffe -> 
  custom:container-demuxer-webm: 4f35f7cbe854078d1ac9338744f61a02 -> 
  custom:scripting/monoscript/fileName/ETFXSceneManager.cs: fd89b14cfaa86424da64a78d3cc928bd -> 9146f3552534435a5b54b9657a6eaacd
  custom:container-muxer-webm: aa71ff27fc2769a1b78a27578f13a17b -> 
  custom:video-decoder-webm-vp8: 9c59270c3fd7afecdb556c50c9e8de78 -> 
  custom:SearchIndexIgnoredProperties: e643bd26f0fe6173181afceb89e7c659 -> 
  custom:AudioImporter_EditorPlatform: d09bf68614088b80899f8185d706f6e7 -> 
  custom:scripting/monoscript/fileName/UICanvasManager.cs: 5aab136b4eea2569aa2aed1e7de128ee -> ad5d5df5b0e004a8bd01e6144db352c4
  custom:scripting/monoscript/fileName/ETFXLightFade.cs: 8adc4a249aece59aef9b7f4a8f8629eb -> bc15e838f9d3884226cb2e9af0c78277
  custom:scripting/monoscript/fileName/ETFXProjectileScript.cs: ad4e5185dd169c5daa1ccc4c9f735f7c -> 91e6ec5b2311ff6de4abc8636a61f0dc
  custom:video-encoder-webm-vp8: eb34c28f22e8b96e1ab97ce403110664 -> 
  custom:audio-decoder-ogg-vorbis: bf7c407c2cedff20999df2af8eb42d56 -> 
  custom:scripting/monoscript/fileName/ETFXFireProjectile.cs: 4a8f4cc37966f793dd786ff73ce40e16 -> 848ec65e1ca5a78b8976353fa3b86db5
  custom:scripting/monoscript/fileName/ETFXButtonScript.cs: 72e9c0fa11c1debacc9e5b71ea9f9526 -> ed5b95a3380373270aaebfcd2475e74c
  custom:audio-encoder-webm-vorbis: bf7c407c2cedff20999df2af8eb42d56 -> 
  custom:scripting/monoscript/fileName/ParticleEffectsLibrary.cs: 412580748e6eff2b9440bcfa77c1a309 -> 3a37ad8c45f2dea0089853c8f2c9d55f
========================================================================
Received Import Request.
  Time since last request: 47.258571 seconds.
  path: Assets/ThirdParty/TopDownEngine/Demos/Explodudes/Materials/Picker/PickerExplosionMaterial.mat
  artifactKey: Guid(1d434455ca872e645801452ca04277e8) Importer(815301076,1909f56bfc062723c751e8b465ee728b)
Start importing Assets/ThirdParty/TopDownEngine/Demos/Explodudes/Materials/Picker/PickerExplosionMaterial.mat using Guid(1d434455ca872e645801452ca04277e8) Importer(815301076,1909f56bfc062723c751e8b465ee728b)  -> (artifact id: '8aca7e709e862e4c48963d229cacd75a') in 0.154389 seconds
Number of updated asset objects reloaded before import = 0
Number of asset objects unloaded after import = 1
========================================================================
Received Prepare
Begin MonoManager ReloadAssembly
- Loaded All Assemblies, in  0.455 seconds
Refreshing native plugins compatible for Editor in 4.81 ms, found 7 plugins.
Native extension for WindowsStandalone target not found
Native extension for Android target not found
[Package Manager] Server::EnsureServerProcessIsRunning -- launch failed, reason: Unity was launched with the -noUpm command-line argument
[Package Manager] UpmClient::Send -- Unable to send message (not connected to UPM process).
[Package Manager] Cannot connect to Unity Package Manager local server
Mono: successfully reloaded assembly
- Finished resetting the current domain, in  1.099 seconds
Domain Reload Profiling: 1551ms
	BeginReloadAssembly (156ms)
		ExecutionOrderSort (0ms)
		DisableScriptedObjects (6ms)
		BackupInstance (0ms)
		ReleaseScriptingObjects (0ms)
		CreateAndSetChildDomain (39ms)
	RebuildCommonClasses (33ms)
	RebuildNativeTypeToScriptingClass (15ms)
	initialDomainReloadingComplete (29ms)
	LoadAllAssembliesAndSetupDomain (218ms)
		LoadAssemblies (261ms)
		RebuildTransferFunctionScriptingTraits (0ms)
		AnalyzeDomain (37ms)
			TypeCache.Refresh (12ms)
				TypeCache.ScanAssembly (0ms)
			ScanForSourceGeneratedMonoScriptInfo (0ms)
			ResolveRequiredComponents (24ms)
	FinalizeReload (1100ms)
		ReleaseScriptCaches (0ms)
		RebuildScriptCaches (0ms)
		SetupLoadedEditorAssemblies (533ms)
			LogAssemblyErrors (0ms)
			InitializePlatformSupportModulesInManaged (25ms)
			SetLoadedEditorAssemblies (3ms)
			RefreshPlugins (0ms)
			BeforeProcessingInitializeOnLoad (86ms)
			ProcessInitializeOnLoadAttributes (373ms)
			ProcessInitializeOnLoadMethodAttributes (39ms)
			AfterProcessingInitializeOnLoad (7ms)
			EditorAssembliesLoaded (0ms)
		ExecutionOrderSort2 (0ms)
		AwakeInstancesAfterBackupRestoration (10ms)
Shader 'MoreMountains/MMRipple': fallback shader 'Particle/AlphaBlended' not found
Refreshing native plugins compatible for Editor in 5.50 ms, found 7 plugins.
Preloading 0 native plugins for Editor in 0.00 ms.
Unloading 5001 Unused Serialized files (Serialized files now loaded: 0)
Unloading 57 unused Assets / (1.7 MB). Loaded Objects now: 5671.
Memory consumption went from 357.9 MB to 356.2 MB.
Total: 5.570400 ms (FindLiveObjects: 0.469800 ms CreateObjectMapping: 0.501900 ms MarkObjects: 3.175500 ms  DeleteObjects: 1.421000 ms)

Prepare: number of updated asset objects reloaded= 0
AssetImportParameters requested are different than current active one (requested -> active):
  custom:scripting/monoscript/fileName/ETFXLoopScript.cs: 4392199dbfd6d3b5bd95d917e63f7b7c -> d5bc634ada6d0fb61f6dc312af0d35d8
  custom:container-demuxer-ogg: 62fdf1f143b41e24485cea50d1cbac27 -> 
  custom:video-codec-MediaFoundation-h265: 746d11721c4dcdbdad8f713fa42b33f4 -> 
  custom:video-decoder-ogg-theora: a1e56fd34408186e4bbccfd4996cb3dc -> 
  custom:framework-win-MediaFoundation: 216162199b28c13a410421893ffa2e32 -> 
  custom:scripting/monoscript/fileName/ETFXRotation.cs: 74c758b096ccc015ecc0b543e025d32f -> e343bb3cdc2d115200128a669b71dda1
  custom:scripting/monoscript/fileName/ETFXTarget.cs: ad09be64d07fe8ab15ea3df3041afe33 -> c04ff8e5450f1152d1f50a47046a7522
  custom:scripting/monoscript/fileName/ETFXMouseOrbit.cs: 2c256cdcc1004b2d89ad6216ce6f48ce -> 654fedd2040686dffcba3ab26348e73a
  custom:scripting/monoscript/fileName/PEButtonScript.cs: 1196c7824c32320b807ca3d248e82337 -> bf6c80445f44505babe53d9f3e6c71a8
  custom:scripting/monoscript/fileName/ETFXPitchRandomizer.cs: 5f93baac467b5aad804964f6f5c855d3 -> 5e0812fb099c455198fae606e4820674
  custom:CustomObjectIndexerAttribute: 756ad292c208cfabdd7b50bc23989ffe -> 
  custom:container-demuxer-webm: 4f35f7cbe854078d1ac9338744f61a02 -> 
  custom:scripting/monoscript/fileName/ETFXSceneManager.cs: fd89b14cfaa86424da64a78d3cc928bd -> 9146f3552534435a5b54b9657a6eaacd
  custom:container-muxer-webm: aa71ff27fc2769a1b78a27578f13a17b -> 
  custom:video-decoder-webm-vp8: 9c59270c3fd7afecdb556c50c9e8de78 -> 
  custom:SearchIndexIgnoredProperties: e643bd26f0fe6173181afceb89e7c659 -> 
  custom:AudioImporter_EditorPlatform: d09bf68614088b80899f8185d706f6e7 -> 
  custom:scripting/monoscript/fileName/UICanvasManager.cs: 5aab136b4eea2569aa2aed1e7de128ee -> ad5d5df5b0e004a8bd01e6144db352c4
  custom:scripting/monoscript/fileName/ETFXLightFade.cs: 8adc4a249aece59aef9b7f4a8f8629eb -> bc15e838f9d3884226cb2e9af0c78277
  custom:scripting/monoscript/fileName/ETFXProjectileScript.cs: ad4e5185dd169c5daa1ccc4c9f735f7c -> 91e6ec5b2311ff6de4abc8636a61f0dc
  custom:video-encoder-webm-vp8: eb34c28f22e8b96e1ab97ce403110664 -> 
  custom:audio-decoder-ogg-vorbis: bf7c407c2cedff20999df2af8eb42d56 -> 
  custom:scripting/monoscript/fileName/ETFXFireProjectile.cs: 4a8f4cc37966f793dd786ff73ce40e16 -> 848ec65e1ca5a78b8976353fa3b86db5
  custom:scripting/monoscript/fileName/ETFXButtonScript.cs: 72e9c0fa11c1debacc9e5b71ea9f9526 -> ed5b95a3380373270aaebfcd2475e74c
  custom:audio-encoder-webm-vorbis: bf7c407c2cedff20999df2af8eb42d56 -> 
  custom:scripting/monoscript/fileName/ParticleEffectsLibrary.cs: 412580748e6eff2b9440bcfa77c1a309 -> 3a37ad8c45f2dea0089853c8f2c9d55f
========================================================================
Received Import Request.
  Time since last request: 70.627698 seconds.
  path: Assets/Game/Prefabs/LoftStimpack.prefab
  artifactKey: Guid(2d01f5019efea09429cd8fe9b84a4a2e) Importer(815301076,1909f56bfc062723c751e8b465ee728b)
Start importing Assets/Game/Prefabs/LoftStimpack.prefab using Guid(2d01f5019efea09429cd8fe9b84a4a2e) Importer(815301076,1909f56bfc062723c751e8b465ee728b)  -> (artifact id: '71ad005aa3472cc0e750817a6fb6a9b2') in 0.099037 seconds
Number of updated asset objects reloaded before import = 0
Number of asset objects unloaded after import = 56
========================================================================
Received Prepare
Begin MonoManager ReloadAssembly
- Loaded All Assemblies, in  0.443 seconds
Refreshing native plugins compatible for Editor in 3.64 ms, found 7 plugins.
Native extension for WindowsStandalone target not found
Native extension for Android target not found
[Package Manager] Server::EnsureServerProcessIsRunning -- launch failed, reason: Unity was launched with the -noUpm command-line argument
[Package Manager] UpmClient::Send -- Unable to send message (not connected to UPM process).
[Package Manager] Cannot connect to Unity Package Manager local server
Mono: successfully reloaded assembly
- Finished resetting the current domain, in  0.983 seconds
Domain Reload Profiling: 1425ms
	BeginReloadAssembly (160ms)
		ExecutionOrderSort (0ms)
		DisableScriptedObjects (8ms)
		BackupInstance (0ms)
		ReleaseScriptingObjects (0ms)
		CreateAndSetChildDomain (38ms)
	RebuildCommonClasses (38ms)
	RebuildNativeTypeToScriptingClass (12ms)
	initialDomainReloadingComplete (25ms)
	LoadAllAssembliesAndSetupDomain (206ms)
		LoadAssemblies (256ms)
		RebuildTransferFunctionScriptingTraits (0ms)
		AnalyzeDomain (34ms)
			TypeCache.Refresh (9ms)
				TypeCache.ScanAssembly (0ms)
			ScanForSourceGeneratedMonoScriptInfo (0ms)
			ResolveRequiredComponents (23ms)
	FinalizeReload (984ms)
		ReleaseScriptCaches (0ms)
		RebuildScriptCaches (0ms)
		SetupLoadedEditorAssemblies (485ms)
			LogAssemblyErrors (0ms)
			InitializePlatformSupportModulesInManaged (27ms)
			SetLoadedEditorAssemblies (3ms)
			RefreshPlugins (0ms)
			BeforeProcessingInitializeOnLoad (75ms)
			ProcessInitializeOnLoadAttributes (339ms)
			ProcessInitializeOnLoadMethodAttributes (34ms)
			AfterProcessingInitializeOnLoad (6ms)
			EditorAssembliesLoaded (0ms)
		ExecutionOrderSort2 (0ms)
		AwakeInstancesAfterBackupRestoration (7ms)
Shader 'MoreMountains/MMRipple': fallback shader 'Particle/AlphaBlended' not found
Refreshing native plugins compatible for Editor in 4.12 ms, found 7 plugins.
Preloading 0 native plugins for Editor in 0.00 ms.
Unloading 5001 Unused Serialized files (Serialized files now loaded: 0)
Unloading 57 unused Assets / (1.7 MB). Loaded Objects now: 5686.
Memory consumption went from 359.9 MB to 358.1 MB.
Total: 6.181400 ms (FindLiveObjects: 0.463500 ms CreateObjectMapping: 0.524700 ms MarkObjects: 3.925100 ms  DeleteObjects: 1.267100 ms)

Prepare: number of updated asset objects reloaded= 0
AssetImportParameters requested are different than current active one (requested -> active):
  custom:scripting/monoscript/fileName/ETFXLoopScript.cs: 4392199dbfd6d3b5bd95d917e63f7b7c -> d5bc634ada6d0fb61f6dc312af0d35d8
  custom:container-demuxer-ogg: 62fdf1f143b41e24485cea50d1cbac27 -> 
  custom:video-codec-MediaFoundation-h265: 746d11721c4dcdbdad8f713fa42b33f4 -> 
  custom:video-decoder-ogg-theora: a1e56fd34408186e4bbccfd4996cb3dc -> 
  custom:framework-win-MediaFoundation: 216162199b28c13a410421893ffa2e32 -> 
  custom:scripting/monoscript/fileName/ETFXRotation.cs: 74c758b096ccc015ecc0b543e025d32f -> e343bb3cdc2d115200128a669b71dda1
  custom:scripting/monoscript/fileName/ETFXTarget.cs: ad09be64d07fe8ab15ea3df3041afe33 -> c04ff8e5450f1152d1f50a47046a7522
  custom:scripting/monoscript/fileName/ETFXMouseOrbit.cs: 2c256cdcc1004b2d89ad6216ce6f48ce -> 654fedd2040686dffcba3ab26348e73a
  custom:scripting/monoscript/fileName/PEButtonScript.cs: 1196c7824c32320b807ca3d248e82337 -> bf6c80445f44505babe53d9f3e6c71a8
  custom:scripting/monoscript/fileName/ETFXPitchRandomizer.cs: 5f93baac467b5aad804964f6f5c855d3 -> 5e0812fb099c455198fae606e4820674
  custom:CustomObjectIndexerAttribute: 756ad292c208cfabdd7b50bc23989ffe -> 
  custom:container-demuxer-webm: 4f35f7cbe854078d1ac9338744f61a02 -> 
  custom:scripting/monoscript/fileName/ETFXSceneManager.cs: fd89b14cfaa86424da64a78d3cc928bd -> 9146f3552534435a5b54b9657a6eaacd
  custom:container-muxer-webm: aa71ff27fc2769a1b78a27578f13a17b -> 
  custom:video-decoder-webm-vp8: 9c59270c3fd7afecdb556c50c9e8de78 -> 
  custom:SearchIndexIgnoredProperties: e643bd26f0fe6173181afceb89e7c659 -> 
  custom:AudioImporter_EditorPlatform: d09bf68614088b80899f8185d706f6e7 -> 
  custom:scripting/monoscript/fileName/UICanvasManager.cs: 5aab136b4eea2569aa2aed1e7de128ee -> ad5d5df5b0e004a8bd01e6144db352c4
  custom:scripting/monoscript/fileName/ETFXLightFade.cs: 8adc4a249aece59aef9b7f4a8f8629eb -> bc15e838f9d3884226cb2e9af0c78277
  custom:scripting/monoscript/fileName/ETFXProjectileScript.cs: ad4e5185dd169c5daa1ccc4c9f735f7c -> 91e6ec5b2311ff6de4abc8636a61f0dc
  custom:video-encoder-webm-vp8: eb34c28f22e8b96e1ab97ce403110664 -> 
  custom:audio-decoder-ogg-vorbis: bf7c407c2cedff20999df2af8eb42d56 -> 
  custom:scripting/monoscript/fileName/ETFXFireProjectile.cs: 4a8f4cc37966f793dd786ff73ce40e16 -> 848ec65e1ca5a78b8976353fa3b86db5
  custom:scripting/monoscript/fileName/ETFXButtonScript.cs: 72e9c0fa11c1debacc9e5b71ea9f9526 -> ed5b95a3380373270aaebfcd2475e74c
  custom:audio-encoder-webm-vorbis: bf7c407c2cedff20999df2af8eb42d56 -> 
  custom:scripting/monoscript/fileName/ParticleEffectsLibrary.cs: 412580748e6eff2b9440bcfa77c1a309 -> 3a37ad8c45f2dea0089853c8f2c9d55f
========================================================================
Received Prepare
Begin MonoManager ReloadAssembly
- Loaded All Assemblies, in  0.435 seconds
Refreshing native plugins compatible for Editor in 3.49 ms, found 7 plugins.
Native extension for WindowsStandalone target not found
Native extension for Android target not found
[Package Manager] Server::EnsureServerProcessIsRunning -- launch failed, reason: Unity was launched with the -noUpm command-line argument
[Package Manager] UpmClient::Send -- Unable to send message (not connected to UPM process).
[Package Manager] Cannot connect to Unity Package Manager local server
Mono: successfully reloaded assembly
- Finished resetting the current domain, in  0.942 seconds
Domain Reload Profiling: 1376ms
	BeginReloadAssembly (162ms)
		ExecutionOrderSort (0ms)
		DisableScriptedObjects (7ms)
		BackupInstance (0ms)
		ReleaseScriptingObjects (0ms)
		CreateAndSetChildDomain (39ms)
	RebuildCommonClasses (34ms)
	RebuildNativeTypeToScriptingClass (12ms)
	initialDomainReloadingComplete (25ms)
	LoadAllAssembliesAndSetupDomain (200ms)
		LoadAssemblies (253ms)
		RebuildTransferFunctionScriptingTraits (0ms)
		AnalyzeDomain (29ms)
			TypeCache.Refresh (7ms)
				TypeCache.ScanAssembly (0ms)
			ScanForSourceGeneratedMonoScriptInfo (0ms)
			ResolveRequiredComponents (20ms)
	FinalizeReload (943ms)
		ReleaseScriptCaches (0ms)
		RebuildScriptCaches (0ms)
		SetupLoadedEditorAssemblies (452ms)
			LogAssemblyErrors (0ms)
			InitializePlatformSupportModulesInManaged (23ms)
			SetLoadedEditorAssemblies (4ms)
			RefreshPlugins (0ms)
			BeforeProcessingInitializeOnLoad (80ms)
			ProcessInitializeOnLoadAttributes (314ms)
			ProcessInitializeOnLoadMethodAttributes (28ms)
			AfterProcessingInitializeOnLoad (4ms)
			EditorAssembliesLoaded (0ms)
		ExecutionOrderSort2 (0ms)
		AwakeInstancesAfterBackupRestoration (7ms)
Shader 'MoreMountains/MMRipple': fallback shader 'Particle/AlphaBlended' not found
Refreshing native plugins compatible for Editor in 3.64 ms, found 7 plugins.
Preloading 0 native plugins for Editor in 0.00 ms.
Unloading 5002 Unused Serialized files (Serialized files now loaded: 0)
Unloading 57 unused Assets / (1.7 MB). Loaded Objects now: 5701.
Memory consumption went from 362.1 MB to 360.3 MB.
Total: 5.999400 ms (FindLiveObjects: 0.645300 ms CreateObjectMapping: 0.622300 ms MarkObjects: 3.300400 ms  DeleteObjects: 1.430000 ms)

Prepare: number of updated asset objects reloaded= 0
AssetImportParameters requested are different than current active one (requested -> active):
  custom:scripting/monoscript/fileName/ETFXLoopScript.cs: 4392199dbfd6d3b5bd95d917e63f7b7c -> d5bc634ada6d0fb61f6dc312af0d35d8
  custom:container-demuxer-ogg: 62fdf1f143b41e24485cea50d1cbac27 -> 
  custom:video-codec-MediaFoundation-h265: 746d11721c4dcdbdad8f713fa42b33f4 -> 
  custom:video-decoder-ogg-theora: a1e56fd34408186e4bbccfd4996cb3dc -> 
  custom:framework-win-MediaFoundation: 216162199b28c13a410421893ffa2e32 -> 
  custom:scripting/monoscript/fileName/ETFXRotation.cs: 74c758b096ccc015ecc0b543e025d32f -> e343bb3cdc2d115200128a669b71dda1
  custom:scripting/monoscript/fileName/ETFXTarget.cs: ad09be64d07fe8ab15ea3df3041afe33 -> c04ff8e5450f1152d1f50a47046a7522
  custom:scripting/monoscript/fileName/ETFXMouseOrbit.cs: 2c256cdcc1004b2d89ad6216ce6f48ce -> 654fedd2040686dffcba3ab26348e73a
  custom:scripting/monoscript/fileName/PEButtonScript.cs: 1196c7824c32320b807ca3d248e82337 -> bf6c80445f44505babe53d9f3e6c71a8
  custom:scripting/monoscript/fileName/ETFXPitchRandomizer.cs: 5f93baac467b5aad804964f6f5c855d3 -> 5e0812fb099c455198fae606e4820674
  custom:CustomObjectIndexerAttribute: 756ad292c208cfabdd7b50bc23989ffe -> 
  custom:container-demuxer-webm: 4f35f7cbe854078d1ac9338744f61a02 -> 
  custom:scripting/monoscript/fileName/ETFXSceneManager.cs: fd89b14cfaa86424da64a78d3cc928bd -> 9146f3552534435a5b54b9657a6eaacd
  custom:container-muxer-webm: aa71ff27fc2769a1b78a27578f13a17b -> 
  custom:video-decoder-webm-vp8: 9c59270c3fd7afecdb556c50c9e8de78 -> 
  custom:SearchIndexIgnoredProperties: e643bd26f0fe6173181afceb89e7c659 -> 
  custom:AudioImporter_EditorPlatform: d09bf68614088b80899f8185d706f6e7 -> 
  custom:scripting/monoscript/fileName/UICanvasManager.cs: 5aab136b4eea2569aa2aed1e7de128ee -> ad5d5df5b0e004a8bd01e6144db352c4
  custom:scripting/monoscript/fileName/ETFXLightFade.cs: 8adc4a249aece59aef9b7f4a8f8629eb -> bc15e838f9d3884226cb2e9af0c78277
  custom:scripting/monoscript/fileName/ETFXProjectileScript.cs: ad4e5185dd169c5daa1ccc4c9f735f7c -> 91e6ec5b2311ff6de4abc8636a61f0dc
  custom:video-encoder-webm-vp8: eb34c28f22e8b96e1ab97ce403110664 -> 
  custom:audio-decoder-ogg-vorbis: bf7c407c2cedff20999df2af8eb42d56 -> 
  custom:scripting/monoscript/fileName/ETFXFireProjectile.cs: 4a8f4cc37966f793dd786ff73ce40e16 -> 848ec65e1ca5a78b8976353fa3b86db5
  custom:scripting/monoscript/fileName/ETFXButtonScript.cs: 72e9c0fa11c1debacc9e5b71ea9f9526 -> ed5b95a3380373270aaebfcd2475e74c
  custom:audio-encoder-webm-vorbis: bf7c407c2cedff20999df2af8eb42d56 -> 
  custom:scripting/monoscript/fileName/ParticleEffectsLibrary.cs: 412580748e6eff2b9440bcfa77c1a309 -> 3a37ad8c45f2dea0089853c8f2c9d55f
========================================================================
Received Import Request.
  Time since last request: 491.925841 seconds.
  path: Assets/ThirdParty/Epic Toon FX/Prefabs/Misc/Interactive/Loot/TreasureChestGlowRays.prefab
  artifactKey: Guid(f4ee46380c4b7d04fa62d89e6d9d310c) Importer(815301076,1909f56bfc062723c751e8b465ee728b)
Start importing Assets/ThirdParty/Epic Toon FX/Prefabs/Misc/Interactive/Loot/TreasureChestGlowRays.prefab using Guid(f4ee46380c4b7d04fa62d89e6d9d310c) Importer(815301076,1909f56bfc062723c751e8b465ee728b)  -> (artifact id: '7c2dcfbef107af9d0c3b98f8ea57d1ae') in 0.122636 seconds
Number of updated asset objects reloaded before import = 0
Number of asset objects unloaded after import = 14
========================================================================
Received Import Request.
  Time since last request: 1.908474 seconds.
  path: Assets/ThirdParty/Epic Toon FX/Prefabs/Misc/Interactive/Loot/ChestAppear/ChestAppearBlue.prefab
  artifactKey: Guid(56444d1aef63b664caefd0998460ef03) Importer(815301076,1909f56bfc062723c751e8b465ee728b)
Start importing Assets/ThirdParty/Epic Toon FX/Prefabs/Misc/Interactive/Loot/ChestAppear/ChestAppearBlue.prefab using Guid(56444d1aef63b664caefd0998460ef03) Importer(815301076,1909f56bfc062723c751e8b465ee728b)  -> (artifact id: '9faafae91650c87d8e40129f441a32bc') in 0.120741 seconds
Number of updated asset objects reloaded before import = 0
Number of asset objects unloaded after import = 14
========================================================================
Received Import Request.
  Time since last request: 0.000013 seconds.
  path: Assets/ThirdParty/Epic Toon FX/Prefabs/Misc/Interactive/Loot/ChestAppear/ChestAppearWhite.prefab
  artifactKey: Guid(3c2fb72925d7f3c4a8c2b92cc3a81390) Importer(815301076,1909f56bfc062723c751e8b465ee728b)
Start importing Assets/ThirdParty/Epic Toon FX/Prefabs/Misc/Interactive/Loot/ChestAppear/ChestAppearWhite.prefab using Guid(3c2fb72925d7f3c4a8c2b92cc3a81390) Importer(815301076,1909f56bfc062723c751e8b465ee728b)  -> (artifact id: 'bbc7670563c03be95134f5b4d1b613de') in 0.020354 seconds
Number of updated asset objects reloaded before import = 0
Number of asset objects unloaded after import = 14
========================================================================
Received Import Request.
  Time since last request: 0.504205 seconds.
  path: Assets/ThirdParty/Epic Toon FX/Materials/Basics/cloud_magic_AB.mat
  artifactKey: Guid(826ea3d1669996d4e8a0165518ed9f97) Importer(815301076,1909f56bfc062723c751e8b465ee728b)
Start importing Assets/ThirdParty/Epic Toon FX/Materials/Basics/cloud_magic_AB.mat using Guid(826ea3d1669996d4e8a0165518ed9f97) Importer(815301076,1909f56bfc062723c751e8b465ee728b)  -> (artifact id: '2d4e711fb259727fc24c38a0cc99caf3') in 0.019055 seconds
Number of updated asset objects reloaded before import = 0
Number of asset objects unloaded after import = 2
========================================================================
Received Import Request.
  Time since last request: 1.220554 seconds.
  path: Assets/ThirdParty/Epic Toon FX/Prefabs/Misc/Interactive/Loot/GlowOrb/GlowOrbBlue.prefab
  artifactKey: Guid(0a27a995f3451f741b32f5f6bf27155b) Importer(815301076,1909f56bfc062723c751e8b465ee728b)
Start importing Assets/ThirdParty/Epic Toon FX/Prefabs/Misc/Interactive/Loot/GlowOrb/GlowOrbBlue.prefab using Guid(0a27a995f3451f741b32f5f6bf27155b) Importer(815301076,1909f56bfc062723c751e8b465ee728b)  -> (artifact id: 'a03134cc50a0eac63c14af033a0d6526') in 0.067180 seconds
Number of updated asset objects reloaded before import = 0
Number of asset objects unloaded after import = 8
========================================================================
Received Import Request.
  Time since last request: 0.012383 seconds.
  path: Assets/ThirdParty/Epic Toon FX/Prefabs/Misc/Interactive/Loot/GlowOrb/GlowOrbPink.prefab
  artifactKey: Guid(1ccb1978c7eca624fa51679bea0083ae) Importer(815301076,1909f56bfc062723c751e8b465ee728b)
Start importing Assets/ThirdParty/Epic Toon FX/Prefabs/Misc/Interactive/Loot/GlowOrb/GlowOrbPink.prefab using Guid(1ccb1978c7eca624fa51679bea0083ae) Importer(815301076,1909f56bfc062723c751e8b465ee728b)  -> (artifact id: 'e312259f495bad0ab4c52db0356de888') in 0.010495 seconds
Number of updated asset objects reloaded before import = 0
Number of asset objects unloaded after import = 8
========================================================================
Received Import Request.
  Time since last request: 0.007957 seconds.
  path: Assets/ThirdParty/Epic Toon FX/Prefabs/Misc/Interactive/Loot/GlowOrb/GlowOrbYellow.prefab
  artifactKey: Guid(661f21b6e6d0a6543a4a1a9122f017b0) Importer(815301076,1909f56bfc062723c751e8b465ee728b)
Start importing Assets/ThirdParty/Epic Toon FX/Prefabs/Misc/Interactive/Loot/GlowOrb/GlowOrbYellow.prefab using Guid(661f21b6e6d0a6543a4a1a9122f017b0) Importer(815301076,1909f56bfc062723c751e8b465ee728b)  -> (artifact id: '46f72496f1c1e8ec25a36ecb65038911') in 0.009006 seconds
Number of updated asset objects reloaded before import = 0
Number of asset objects unloaded after import = 8
========================================================================
Received Import Request.
  Time since last request: 0.300834 seconds.
  path: Assets/ThirdParty/Epic Toon FX/Materials/Basics/lightray2_ADD.mat
  artifactKey: Guid(d63774db53e2fee4b84a72da1c9f1096) Importer(815301076,1909f56bfc062723c751e8b465ee728b)
Start importing Assets/ThirdParty/Epic Toon FX/Materials/Basics/lightray2_ADD.mat using Guid(d63774db53e2fee4b84a72da1c9f1096) Importer(815301076,1909f56bfc062723c751e8b465ee728b)  -> (artifact id: 'a2bda278d318042f2b0178e8648e8531') in 0.008618 seconds
Number of updated asset objects reloaded before import = 0
Number of asset objects unloaded after import = 2
========================================================================
Received Import Request.
  Time since last request: 1.813248 seconds.
  path: Assets/ThirdParty/Epic Toon FX/Prefabs/Misc/Interactive/Loot/ItemSkewedGlow/ItemSkewedGlowBlue.prefab
  artifactKey: Guid(7fde9b58b5782074899c85c81998b956) Importer(815301076,1909f56bfc062723c751e8b465ee728b)
Start importing Assets/ThirdParty/Epic Toon FX/Prefabs/Misc/Interactive/Loot/ItemSkewedGlow/ItemSkewedGlowBlue.prefab using Guid(7fde9b58b5782074899c85c81998b956) Importer(815301076,1909f56bfc062723c751e8b465ee728b)  -> (artifact id: '3e7c2fd52c87bdecc136861ae1af775b') in 0.037110 seconds
Number of updated asset objects reloaded before import = 0
Number of asset objects unloaded after import = 8
========================================================================
Received Import Request.
  Time since last request: 0.007628 seconds.
  path: Assets/ThirdParty/Epic Toon FX/Prefabs/Misc/Interactive/Loot/ItemSkewedGlow/ItemSkewedGlowPink.prefab
  artifactKey: Guid(c4195be7ec5269d4b92a299e9d31de8e) Importer(815301076,1909f56bfc062723c751e8b465ee728b)
Start importing Assets/ThirdParty/Epic Toon FX/Prefabs/Misc/Interactive/Loot/ItemSkewedGlow/ItemSkewedGlowPink.prefab using Guid(c4195be7ec5269d4b92a299e9d31de8e) Importer(815301076,1909f56bfc062723c751e8b465ee728b)  -> (artifact id: '7ff395ed8b331e5e891a61e358ff2a53') in 0.008291 seconds
Number of updated asset objects reloaded before import = 0
Number of asset objects unloaded after import = 8
========================================================================
Received Import Request.
  Time since last request: 0.003342 seconds.
  path: Assets/ThirdParty/Epic Toon FX/Prefabs/Misc/Interactive/Loot/ItemSkewedGlow/ItemSkewedGlowPurple.prefab
  artifactKey: Guid(435b6332c17011b4184d34b08e126615) Importer(815301076,1909f56bfc062723c751e8b465ee728b)
Start importing Assets/ThirdParty/Epic Toon FX/Prefabs/Misc/Interactive/Loot/ItemSkewedGlow/ItemSkewedGlowPurple.prefab using Guid(435b6332c17011b4184d34b08e126615) Importer(815301076,1909f56bfc062723c751e8b465ee728b)  -> (artifact id: '2bf6c83e0525f7f7783206faa29b5e39') in 0.008055 seconds
Number of updated asset objects reloaded before import = 0
Number of asset objects unloaded after import = 8
========================================================================
Received Import Request.
  Time since last request: 0.009703 seconds.
  path: Assets/ThirdParty/Epic Toon FX/Prefabs/Misc/Interactive/Loot/ItemSkewedGlow/ItemSkewedGlowWhite.prefab
  artifactKey: Guid(b7fa0f127c288494d9360e7ad65ecc17) Importer(815301076,1909f56bfc062723c751e8b465ee728b)
Start importing Assets/ThirdParty/Epic Toon FX/Prefabs/Misc/Interactive/Loot/ItemSkewedGlow/ItemSkewedGlowWhite.prefab using Guid(b7fa0f127c288494d9360e7ad65ecc17) Importer(815301076,1909f56bfc062723c751e8b465ee728b)  -> (artifact id: 'c46bc4ea5e01a22637bd7f2e12f934e9') in 0.008237 seconds
Number of updated asset objects reloaded before import = 0
Number of asset objects unloaded after import = 8
========================================================================
Received Import Request.
  Time since last request: 2.315369 seconds.
  path: Assets/ThirdParty/Epic Toon FX/Prefabs/Misc/Interactive/Loot/ItemSparkle/ItemSparkleBlue.prefab
  artifactKey: Guid(0fb0846ec7b795e4586da62f99d560a5) Importer(815301076,1909f56bfc062723c751e8b465ee728b)
Start importing Assets/ThirdParty/Epic Toon FX/Prefabs/Misc/Interactive/Loot/ItemSparkle/ItemSparkleBlue.prefab using Guid(0fb0846ec7b795e4586da62f99d560a5) Importer(815301076,1909f56bfc062723c751e8b465ee728b)  -> (artifact id: '530887eeed335425eabbdca8139da599') in 0.064614 seconds
Number of updated asset objects reloaded before import = 0
Number of asset objects unloaded after import = 14
========================================================================
Received Import Request.
  Time since last request: 0.012180 seconds.
  path: Assets/ThirdParty/Epic Toon FX/Prefabs/Misc/Interactive/Loot/ItemSparkle/ItemSparklePurple.prefab
  artifactKey: Guid(fcc9d2b59f398d04da2cb4c2803e2a05) Importer(815301076,1909f56bfc062723c751e8b465ee728b)
Start importing Assets/ThirdParty/Epic Toon FX/Prefabs/Misc/Interactive/Loot/ItemSparkle/ItemSparklePurple.prefab using Guid(fcc9d2b59f398d04da2cb4c2803e2a05) Importer(815301076,1909f56bfc062723c751e8b465ee728b)  -> (artifact id: '163e5d50995eae29b90153ae242489b3') in 0.010651 seconds
Number of updated asset objects reloaded before import = 0
Number of asset objects unloaded after import = 14
========================================================================
Received Import Request.
  Time since last request: 0.009514 seconds.
  path: Assets/ThirdParty/Epic Toon FX/Prefabs/Misc/Interactive/Loot/ItemSparkle/ItemSparkleWhite.prefab
  artifactKey: Guid(bde9dad2b40fafe47b094dc6236a24d1) Importer(815301076,1909f56bfc062723c751e8b465ee728b)
Start importing Assets/ThirdParty/Epic Toon FX/Prefabs/Misc/Interactive/Loot/ItemSparkle/ItemSparkleWhite.prefab using Guid(bde9dad2b40fafe47b094dc6236a24d1) Importer(815301076,1909f56bfc062723c751e8b465ee728b)  -> (artifact id: '67a27defa03d9408f5dc6060d0f6cf51') in 0.010195 seconds
Number of updated asset objects reloaded before import = 0
Number of asset objects unloaded after import = 14
========================================================================
Received Import Request.
  Time since last request: 0.355532 seconds.
  path: Assets/ThirdParty/Epic Toon FX/Materials/Basics/glow4_ADD.mat
  artifactKey: Guid(e7f9d6fa459a42d48b4c8285dc69cf12) Importer(815301076,1909f56bfc062723c751e8b465ee728b)
Start importing Assets/ThirdParty/Epic Toon FX/Materials/Basics/glow4_ADD.mat using Guid(e7f9d6fa459a42d48b4c8285dc69cf12) Importer(815301076,1909f56bfc062723c751e8b465ee728b)  -> (artifact id: 'be34f2dc3e24c89a97be84ea9cc8e9a0') in 0.008737 seconds
Number of updated asset objects reloaded before import = 0
Number of asset objects unloaded after import = 2
========================================================================
Received Import Request.
  Time since last request: 22.714346 seconds.
  path: Assets/Game/Prefabs/LoftStimpack.prefab
  artifactKey: Guid(2d01f5019efea09429cd8fe9b84a4a2e) Importer(815301076,1909f56bfc062723c751e8b465ee728b)
Start importing Assets/Game/Prefabs/LoftStimpack.prefab using Guid(2d01f5019efea09429cd8fe9b84a4a2e) Importer(815301076,1909f56bfc062723c751e8b465ee728b)  -> (artifact id: '8a36e9c15828de85163a224aaff7cd4f') in 0.050436 seconds
Number of updated asset objects reloaded before import = 0
Number of asset objects unloaded after import = 68
========================================================================
Received Prepare
Begin MonoManager ReloadAssembly
- Loaded All Assemblies, in  0.413 seconds
Refreshing native plugins compatible for Editor in 3.41 ms, found 7 plugins.
Native extension for WindowsStandalone target not found
Native extension for Android target not found
[Package Manager] Server::EnsureServerProcessIsRunning -- launch failed, reason: Unity was launched with the -noUpm command-line argument
[Package Manager] UpmClient::Send -- Unable to send message (not connected to UPM process).
[Package Manager] Cannot connect to Unity Package Manager local server
Mono: successfully reloaded assembly
- Finished resetting the current domain, in  1.029 seconds
Domain Reload Profiling: 1439ms
	BeginReloadAssembly (142ms)
		ExecutionOrderSort (0ms)
		DisableScriptedObjects (5ms)
		BackupInstance (0ms)
		ReleaseScriptingObjects (0ms)
		CreateAndSetChildDomain (38ms)
	RebuildCommonClasses (32ms)
	RebuildNativeTypeToScriptingClass (16ms)
	initialDomainReloadingComplete (30ms)
	LoadAllAssembliesAndSetupDomain (189ms)
		LoadAssemblies (232ms)
		RebuildTransferFunctionScriptingTraits (0ms)
		AnalyzeDomain (28ms)
			TypeCache.Refresh (6ms)
				TypeCache.ScanAssembly (0ms)
			ScanForSourceGeneratedMonoScriptInfo (0ms)
			ResolveRequiredComponents (20ms)
	FinalizeReload (1029ms)
		ReleaseScriptCaches (0ms)
		RebuildScriptCaches (0ms)
		SetupLoadedEditorAssemblies (513ms)
			LogAssemblyErrors (0ms)
			InitializePlatformSupportModulesInManaged (24ms)
			SetLoadedEditorAssemblies (3ms)
			RefreshPlugins (0ms)
			BeforeProcessingInitializeOnLoad (86ms)
			ProcessInitializeOnLoadAttributes (359ms)
			ProcessInitializeOnLoadMethodAttributes (34ms)
			AfterProcessingInitializeOnLoad (6ms)
			EditorAssembliesLoaded (0ms)
		ExecutionOrderSort2 (0ms)
		AwakeInstancesAfterBackupRestoration (8ms)
Shader 'MoreMountains/MMRipple': fallback shader 'Particle/AlphaBlended' not found
Refreshing native plugins compatible for Editor in 4.58 ms, found 7 plugins.
Preloading 0 native plugins for Editor in 0.00 ms.
Unloading 5001 Unused Serialized files (Serialized files now loaded: 0)
Unloading 57 unused Assets / (1.7 MB). Loaded Objects now: 5716.
Memory consumption went from 364.0 MB to 362.2 MB.
Total: 4.704000 ms (FindLiveObjects: 0.475700 ms CreateObjectMapping: 0.423300 ms MarkObjects: 2.632800 ms  DeleteObjects: 1.171000 ms)

Prepare: number of updated asset objects reloaded= 0
AssetImportParameters requested are different than current active one (requested -> active):
  custom:scripting/monoscript/fileName/ETFXLoopScript.cs: 4392199dbfd6d3b5bd95d917e63f7b7c -> d5bc634ada6d0fb61f6dc312af0d35d8
  custom:container-demuxer-ogg: 62fdf1f143b41e24485cea50d1cbac27 -> 
  custom:video-codec-MediaFoundation-h265: 746d11721c4dcdbdad8f713fa42b33f4 -> 
  custom:video-decoder-ogg-theora: a1e56fd34408186e4bbccfd4996cb3dc -> 
  custom:framework-win-MediaFoundation: 216162199b28c13a410421893ffa2e32 -> 
  custom:scripting/monoscript/fileName/ETFXRotation.cs: 74c758b096ccc015ecc0b543e025d32f -> e343bb3cdc2d115200128a669b71dda1
  custom:scripting/monoscript/fileName/ETFXTarget.cs: ad09be64d07fe8ab15ea3df3041afe33 -> c04ff8e5450f1152d1f50a47046a7522
  custom:scripting/monoscript/fileName/ETFXMouseOrbit.cs: 2c256cdcc1004b2d89ad6216ce6f48ce -> 654fedd2040686dffcba3ab26348e73a
  custom:scripting/monoscript/fileName/PEButtonScript.cs: 1196c7824c32320b807ca3d248e82337 -> bf6c80445f44505babe53d9f3e6c71a8
  custom:scripting/monoscript/fileName/ETFXPitchRandomizer.cs: 5f93baac467b5aad804964f6f5c855d3 -> 5e0812fb099c455198fae606e4820674
  custom:CustomObjectIndexerAttribute: 756ad292c208cfabdd7b50bc23989ffe -> 
  custom:container-demuxer-webm: 4f35f7cbe854078d1ac9338744f61a02 -> 
  custom:scripting/monoscript/fileName/ETFXSceneManager.cs: fd89b14cfaa86424da64a78d3cc928bd -> 9146f3552534435a5b54b9657a6eaacd
  custom:container-muxer-webm: aa71ff27fc2769a1b78a27578f13a17b -> 
  custom:video-decoder-webm-vp8: 9c59270c3fd7afecdb556c50c9e8de78 -> 
  custom:SearchIndexIgnoredProperties: e643bd26f0fe6173181afceb89e7c659 -> 
  custom:AudioImporter_EditorPlatform: d09bf68614088b80899f8185d706f6e7 -> 
  custom:scripting/monoscript/fileName/UICanvasManager.cs: 5aab136b4eea2569aa2aed1e7de128ee -> ad5d5df5b0e004a8bd01e6144db352c4
  custom:scripting/monoscript/fileName/ETFXLightFade.cs: 8adc4a249aece59aef9b7f4a8f8629eb -> bc15e838f9d3884226cb2e9af0c78277
  custom:scripting/monoscript/fileName/ETFXProjectileScript.cs: ad4e5185dd169c5daa1ccc4c9f735f7c -> 91e6ec5b2311ff6de4abc8636a61f0dc
  custom:video-encoder-webm-vp8: eb34c28f22e8b96e1ab97ce403110664 -> 
  custom:audio-decoder-ogg-vorbis: bf7c407c2cedff20999df2af8eb42d56 -> 
  custom:scripting/monoscript/fileName/ETFXFireProjectile.cs: 4a8f4cc37966f793dd786ff73ce40e16 -> 848ec65e1ca5a78b8976353fa3b86db5
  custom:scripting/monoscript/fileName/ETFXButtonScript.cs: 72e9c0fa11c1debacc9e5b71ea9f9526 -> ed5b95a3380373270aaebfcd2475e74c
  custom:audio-encoder-webm-vorbis: bf7c407c2cedff20999df2af8eb42d56 -> 
  custom:scripting/monoscript/fileName/ParticleEffectsLibrary.cs: 412580748e6eff2b9440bcfa77c1a309 -> 3a37ad8c45f2dea0089853c8f2c9d55f
========================================================================
Received Import Request.
  Time since last request: 22.830935 seconds.
  path: Assets/Game/Prefabs/LoftStimpack.prefab
  artifactKey: Guid(2d01f5019efea09429cd8fe9b84a4a2e) Importer(815301076,1909f56bfc062723c751e8b465ee728b)
Start importing Assets/Game/Prefabs/LoftStimpack.prefab using Guid(2d01f5019efea09429cd8fe9b84a4a2e) Importer(815301076,1909f56bfc062723c751e8b465ee728b)  -> (artifact id: 'f4ae4958b5c436f1219b095cb09df538') in 0.106049 seconds
Number of updated asset objects reloaded before import = 0
Number of asset objects unloaded after import = 68
========================================================================
Received Prepare
Begin MonoManager ReloadAssembly
- Loaded All Assemblies, in  0.461 seconds
Refreshing native plugins compatible for Editor in 5.36 ms, found 7 plugins.
Native extension for WindowsStandalone target not found
Native extension for Android target not found
[Package Manager] Server::EnsureServerProcessIsRunning -- launch failed, reason: Unity was launched with the -noUpm command-line argument
[Package Manager] UpmClient::Send -- Unable to send message (not connected to UPM process).
[Package Manager] Cannot connect to Unity Package Manager local server
Mono: successfully reloaded assembly
- Finished resetting the current domain, in  1.087 seconds
Domain Reload Profiling: 1544ms
	BeginReloadAssembly (160ms)
		ExecutionOrderSort (0ms)
		DisableScriptedObjects (6ms)
		BackupInstance (0ms)
		ReleaseScriptingObjects (0ms)
		CreateAndSetChildDomain (42ms)
	RebuildCommonClasses (38ms)
	RebuildNativeTypeToScriptingClass (13ms)
	initialDomainReloadingComplete (32ms)
	LoadAllAssembliesAndSetupDomain (213ms)
		LoadAssemblies (258ms)
		RebuildTransferFunctionScriptingTraits (0ms)
		AnalyzeDomain (36ms)
			TypeCache.Refresh (8ms)
				TypeCache.ScanAssembly (0ms)
			ScanForSourceGeneratedMonoScriptInfo (0ms)
			ResolveRequiredComponents (26ms)
	FinalizeReload (1087ms)
		ReleaseScriptCaches (0ms)
		RebuildScriptCaches (0ms)
		SetupLoadedEditorAssemblies (540ms)
			LogAssemblyErrors (0ms)
			InitializePlatformSupportModulesInManaged (28ms)
			SetLoadedEditorAssemblies (3ms)
			RefreshPlugins (0ms)
			BeforeProcessingInitializeOnLoad (86ms)
			ProcessInitializeOnLoadAttributes (375ms)
			ProcessInitializeOnLoadMethodAttributes (42ms)
			AfterProcessingInitializeOnLoad (6ms)
			EditorAssembliesLoaded (0ms)
		ExecutionOrderSort2 (0ms)
		AwakeInstancesAfterBackupRestoration (11ms)
Shader 'MoreMountains/MMRipple': fallback shader 'Particle/AlphaBlended' not found
Refreshing native plugins compatible for Editor in 4.62 ms, found 7 plugins.
Preloading 0 native plugins for Editor in 0.00 ms.
Unloading 5001 Unused Serialized files (Serialized files now loaded: 0)
Unloading 57 unused Assets / (1.7 MB). Loaded Objects now: 5731.
Memory consumption went from 365.9 MB to 364.2 MB.
Total: 5.460100 ms (FindLiveObjects: 0.502700 ms CreateObjectMapping: 0.588200 ms MarkObjects: 2.984500 ms  DeleteObjects: 1.383700 ms)

Prepare: number of updated asset objects reloaded= 0
AssetImportParameters requested are different than current active one (requested -> active):
  custom:scripting/monoscript/fileName/ETFXLoopScript.cs: 4392199dbfd6d3b5bd95d917e63f7b7c -> d5bc634ada6d0fb61f6dc312af0d35d8
  custom:container-demuxer-ogg: 62fdf1f143b41e24485cea50d1cbac27 -> 
  custom:video-codec-MediaFoundation-h265: 746d11721c4dcdbdad8f713fa42b33f4 -> 
  custom:video-decoder-ogg-theora: a1e56fd34408186e4bbccfd4996cb3dc -> 
  custom:framework-win-MediaFoundation: 216162199b28c13a410421893ffa2e32 -> 
  custom:scripting/monoscript/fileName/ETFXRotation.cs: 74c758b096ccc015ecc0b543e025d32f -> e343bb3cdc2d115200128a669b71dda1
  custom:scripting/monoscript/fileName/ETFXTarget.cs: ad09be64d07fe8ab15ea3df3041afe33 -> c04ff8e5450f1152d1f50a47046a7522
  custom:scripting/monoscript/fileName/ETFXMouseOrbit.cs: 2c256cdcc1004b2d89ad6216ce6f48ce -> 654fedd2040686dffcba3ab26348e73a
  custom:scripting/monoscript/fileName/PEButtonScript.cs: 1196c7824c32320b807ca3d248e82337 -> bf6c80445f44505babe53d9f3e6c71a8
  custom:scripting/monoscript/fileName/ETFXPitchRandomizer.cs: 5f93baac467b5aad804964f6f5c855d3 -> 5e0812fb099c455198fae606e4820674
  custom:CustomObjectIndexerAttribute: 756ad292c208cfabdd7b50bc23989ffe -> 
  custom:container-demuxer-webm: 4f35f7cbe854078d1ac9338744f61a02 -> 
  custom:scripting/monoscript/fileName/ETFXSceneManager.cs: fd89b14cfaa86424da64a78d3cc928bd -> 9146f3552534435a5b54b9657a6eaacd
  custom:container-muxer-webm: aa71ff27fc2769a1b78a27578f13a17b -> 
  custom:video-decoder-webm-vp8: 9c59270c3fd7afecdb556c50c9e8de78 -> 
  custom:SearchIndexIgnoredProperties: e643bd26f0fe6173181afceb89e7c659 -> 
  custom:AudioImporter_EditorPlatform: d09bf68614088b80899f8185d706f6e7 -> 
  custom:scripting/monoscript/fileName/UICanvasManager.cs: 5aab136b4eea2569aa2aed1e7de128ee -> ad5d5df5b0e004a8bd01e6144db352c4
  custom:scripting/monoscript/fileName/ETFXLightFade.cs: 8adc4a249aece59aef9b7f4a8f8629eb -> bc15e838f9d3884226cb2e9af0c78277
  custom:scripting/monoscript/fileName/ETFXProjectileScript.cs: ad4e5185dd169c5daa1ccc4c9f735f7c -> 91e6ec5b2311ff6de4abc8636a61f0dc
  custom:video-encoder-webm-vp8: eb34c28f22e8b96e1ab97ce403110664 -> 
  custom:audio-decoder-ogg-vorbis: bf7c407c2cedff20999df2af8eb42d56 -> 
  custom:scripting/monoscript/fileName/ETFXFireProjectile.cs: 4a8f4cc37966f793dd786ff73ce40e16 -> 848ec65e1ca5a78b8976353fa3b86db5
  custom:scripting/monoscript/fileName/ETFXButtonScript.cs: 72e9c0fa11c1debacc9e5b71ea9f9526 -> ed5b95a3380373270aaebfcd2475e74c
  custom:audio-encoder-webm-vorbis: bf7c407c2cedff20999df2af8eb42d56 -> 
  custom:scripting/monoscript/fileName/ParticleEffectsLibrary.cs: 412580748e6eff2b9440bcfa77c1a309 -> 3a37ad8c45f2dea0089853c8f2c9d55f
========================================================================
Received Import Request.
  Time since last request: 16.850602 seconds.
  path: Assets/ThirdParty/Epic Toon FX/Prefabs/Misc/Interactive/Hearts/HeartBreak.prefab
  artifactKey: Guid(e518b4ac4faac2246965b820629da9f4) Importer(815301076,1909f56bfc062723c751e8b465ee728b)
Start importing Assets/ThirdParty/Epic Toon FX/Prefabs/Misc/Interactive/Hearts/HeartBreak.prefab using Guid(e518b4ac4faac2246965b820629da9f4) Importer(815301076,1909f56bfc062723c751e8b465ee728b)  -> (artifact id: 'd214901c64012e325f678eec8dd82c9a') in 0.238509 seconds
Number of updated asset objects reloaded before import = 0
Number of asset objects unloaded after import = 38
========================================================================
Received Import Request.
  Time since last request: 0.000016 seconds.
  path: Assets/ThirdParty/Epic Toon FX/Prefabs/Misc/Interactive/Hearts/HeartStream.prefab
  artifactKey: Guid(576c0f12a828ddd4db1d6d4401702701) Importer(815301076,1909f56bfc062723c751e8b465ee728b)
Start importing Assets/ThirdParty/Epic Toon FX/Prefabs/Misc/Interactive/Hearts/HeartStream.prefab using Guid(576c0f12a828ddd4db1d6d4401702701) Importer(815301076,1909f56bfc062723c751e8b465ee728b)  -> (artifact id: '16aae4130cccefb06bd2e3cbcb3664c4') in 0.019408 seconds
Number of updated asset objects reloaded before import = 0
Number of asset objects unloaded after import = 14
========================================================================
Received Import Request.
  Time since last request: 14.378355 seconds.
  path: Assets/ThirdParty/Epic Toon FX/Prefabs/Environment/Smoke/StinkyCloud.prefab
  artifactKey: Guid(e7c3a9353c0302b4cb1fab702e1db14f) Importer(815301076,1909f56bfc062723c751e8b465ee728b)
Start importing Assets/ThirdParty/Epic Toon FX/Prefabs/Environment/Smoke/StinkyCloud.prefab using Guid(e7c3a9353c0302b4cb1fab702e1db14f) Importer(815301076,1909f56bfc062723c751e8b465ee728b)  -> (artifact id: '2a57f0a28aa4d229fa82068522fb819f') in 0.048576 seconds
Number of updated asset objects reloaded before import = 0
Number of asset objects unloaded after import = 14
========================================================================
Received Import Request.
  Time since last request: 1.405899 seconds.
  path: Assets/ThirdParty/Epic Toon FX/Prefabs/Environment/Underwater/BubbleBlastBigUnderwater.prefab
  artifactKey: Guid(cb9bf8f7ab7299344a48e3eb96d6a266) Importer(815301076,1909f56bfc062723c751e8b465ee728b)
Start importing Assets/ThirdParty/Epic Toon FX/Prefabs/Environment/Underwater/BubbleBlastBigUnderwater.prefab using Guid(cb9bf8f7ab7299344a48e3eb96d6a266) Importer(815301076,1909f56bfc062723c751e8b465ee728b)  -> (artifact id: '1eca1e2497421e5ff3d27f4402e06a99') in 0.094558 seconds
Number of updated asset objects reloaded before import = 0
Number of asset objects unloaded after import = 30
========================================================================
Received Import Request.
  Time since last request: 0.280185 seconds.
  path: Assets/ThirdParty/Epic Toon FX/Prefabs/Environment/Stars/StarFieldSimple.prefab
  artifactKey: Guid(07014c6862cc6bd4facec707d0923fe2) Importer(815301076,1909f56bfc062723c751e8b465ee728b)
Start importing Assets/ThirdParty/Epic Toon FX/Prefabs/Environment/Stars/StarFieldSimple.prefab using Guid(07014c6862cc6bd4facec707d0923fe2) Importer(815301076,1909f56bfc062723c751e8b465ee728b)  -> (artifact id: '58963dbe75ec896d2afa0956af1ce4d3') in 0.034297 seconds
Number of updated asset objects reloaded before import = 0
Number of asset objects unloaded after import = 15
========================================================================
Received Prepare
Begin MonoManager ReloadAssembly
- Loaded All Assemblies, in  0.436 seconds
Refreshing native plugins compatible for Editor in 5.69 ms, found 7 plugins.
Native extension for WindowsStandalone target not found
Native extension for Android target not found
[Package Manager] Server::EnsureServerProcessIsRunning -- launch failed, reason: Unity was launched with the -noUpm command-line argument
[Package Manager] UpmClient::Send -- Unable to send message (not connected to UPM process).
[Package Manager] Cannot connect to Unity Package Manager local server
Mono: successfully reloaded assembly
- Finished resetting the current domain, in  0.979 seconds
Domain Reload Profiling: 1413ms
	BeginReloadAssembly (155ms)
		ExecutionOrderSort (0ms)
		DisableScriptedObjects (9ms)
		BackupInstance (0ms)
		ReleaseScriptingObjects (0ms)
		CreateAndSetChildDomain (38ms)
	RebuildCommonClasses (51ms)
	RebuildNativeTypeToScriptingClass (12ms)
	initialDomainReloadingComplete (27ms)
	LoadAllAssembliesAndSetupDomain (189ms)
		LoadAssemblies (229ms)
		RebuildTransferFunctionScriptingTraits (0ms)
		AnalyzeDomain (39ms)
			TypeCache.Refresh (8ms)
				TypeCache.ScanAssembly (0ms)
			ScanForSourceGeneratedMonoScriptInfo (0ms)
			ResolveRequiredComponents (28ms)
	FinalizeReload (980ms)
		ReleaseScriptCaches (0ms)
		RebuildScriptCaches (0ms)
		SetupLoadedEditorAssemblies (497ms)
			LogAssemblyErrors (0ms)
			InitializePlatformSupportModulesInManaged (21ms)
			SetLoadedEditorAssemblies (3ms)
			RefreshPlugins (0ms)
			BeforeProcessingInitializeOnLoad (74ms)
			ProcessInitializeOnLoadAttributes (358ms)
			ProcessInitializeOnLoadMethodAttributes (34ms)
			AfterProcessingInitializeOnLoad (6ms)
			EditorAssembliesLoaded (0ms)
		ExecutionOrderSort2 (0ms)
		AwakeInstancesAfterBackupRestoration (9ms)
Shader 'MoreMountains/MMRipple': fallback shader 'Particle/AlphaBlended' not found
Refreshing native plugins compatible for Editor in 4.29 ms, found 7 plugins.
Preloading 0 native plugins for Editor in 0.00 ms.
Unloading 5001 Unused Serialized files (Serialized files now loaded: 0)
Unloading 57 unused Assets / (1.7 MB). Loaded Objects now: 5746.
Memory consumption went from 367.8 MB to 366.1 MB.
Total: 5.125300 ms (FindLiveObjects: 0.408900 ms CreateObjectMapping: 0.552400 ms MarkObjects: 2.879500 ms  DeleteObjects: 1.283600 ms)

Prepare: number of updated asset objects reloaded= 0
AssetImportParameters requested are different than current active one (requested -> active):
  custom:scripting/monoscript/fileName/ETFXLoopScript.cs: 4392199dbfd6d3b5bd95d917e63f7b7c -> d5bc634ada6d0fb61f6dc312af0d35d8
  custom:container-demuxer-ogg: 62fdf1f143b41e24485cea50d1cbac27 -> 
  custom:video-codec-MediaFoundation-h265: 746d11721c4dcdbdad8f713fa42b33f4 -> 
  custom:video-decoder-ogg-theora: a1e56fd34408186e4bbccfd4996cb3dc -> 
  custom:framework-win-MediaFoundation: 216162199b28c13a410421893ffa2e32 -> 
  custom:scripting/monoscript/fileName/ETFXRotation.cs: 74c758b096ccc015ecc0b543e025d32f -> e343bb3cdc2d115200128a669b71dda1
  custom:scripting/monoscript/fileName/ETFXTarget.cs: ad09be64d07fe8ab15ea3df3041afe33 -> c04ff8e5450f1152d1f50a47046a7522
  custom:scripting/monoscript/fileName/ETFXMouseOrbit.cs: 2c256cdcc1004b2d89ad6216ce6f48ce -> 654fedd2040686dffcba3ab26348e73a
  custom:scripting/monoscript/fileName/PEButtonScript.cs: 1196c7824c32320b807ca3d248e82337 -> bf6c80445f44505babe53d9f3e6c71a8
  custom:scripting/monoscript/fileName/ETFXPitchRandomizer.cs: 5f93baac467b5aad804964f6f5c855d3 -> 5e0812fb099c455198fae606e4820674
  custom:CustomObjectIndexerAttribute: 756ad292c208cfabdd7b50bc23989ffe -> 
  custom:container-demuxer-webm: 4f35f7cbe854078d1ac9338744f61a02 -> 
  custom:scripting/monoscript/fileName/ETFXSceneManager.cs: fd89b14cfaa86424da64a78d3cc928bd -> 9146f3552534435a5b54b9657a6eaacd
  custom:container-muxer-webm: aa71ff27fc2769a1b78a27578f13a17b -> 
  custom:video-decoder-webm-vp8: 9c59270c3fd7afecdb556c50c9e8de78 -> 
  custom:SearchIndexIgnoredProperties: e643bd26f0fe6173181afceb89e7c659 -> 
  custom:AudioImporter_EditorPlatform: d09bf68614088b80899f8185d706f6e7 -> 
  custom:scripting/monoscript/fileName/UICanvasManager.cs: 5aab136b4eea2569aa2aed1e7de128ee -> ad5d5df5b0e004a8bd01e6144db352c4
  custom:scripting/monoscript/fileName/ETFXLightFade.cs: 8adc4a249aece59aef9b7f4a8f8629eb -> bc15e838f9d3884226cb2e9af0c78277
  custom:scripting/monoscript/fileName/ETFXProjectileScript.cs: ad4e5185dd169c5daa1ccc4c9f735f7c -> 91e6ec5b2311ff6de4abc8636a61f0dc
  custom:video-encoder-webm-vp8: eb34c28f22e8b96e1ab97ce403110664 -> 
  custom:audio-decoder-ogg-vorbis: bf7c407c2cedff20999df2af8eb42d56 -> 
  custom:scripting/monoscript/fileName/ETFXFireProjectile.cs: 4a8f4cc37966f793dd786ff73ce40e16 -> 848ec65e1ca5a78b8976353fa3b86db5
  custom:scripting/monoscript/fileName/ETFXButtonScript.cs: 72e9c0fa11c1debacc9e5b71ea9f9526 -> ed5b95a3380373270aaebfcd2475e74c
  custom:audio-encoder-webm-vorbis: bf7c407c2cedff20999df2af8eb42d56 -> 
  custom:scripting/monoscript/fileName/ParticleEffectsLibrary.cs: 412580748e6eff2b9440bcfa77c1a309 -> 3a37ad8c45f2dea0089853c8f2c9d55f
========================================================================
Received Import Request.
  Time since last request: 66.323125 seconds.
  path: Assets/ThirdParty/Epic Toon FX/Prefabs/Misc/Interactive/Zone/BasicZone/BasicZoneBlue.prefab
  artifactKey: Guid(79cd481c8e7a27a44ba9a78fbb16b903) Importer(815301076,1909f56bfc062723c751e8b465ee728b)
Start importing Assets/ThirdParty/Epic Toon FX/Prefabs/Misc/Interactive/Zone/BasicZone/BasicZoneBlue.prefab using Guid(79cd481c8e7a27a44ba9a78fbb16b903) Importer(815301076,1909f56bfc062723c751e8b465ee728b)  -> (artifact id: '084b7fe3c8a89ef994aab4631720e1a1') in 0.076393 seconds
Number of updated asset objects reloaded before import = 0
Number of asset objects unloaded after import = 21
========================================================================
Received Import Request.
  Time since last request: 0.000014 seconds.
  path: Assets/ThirdParty/Epic Toon FX/Prefabs/Misc/Interactive/Zone/BasicZone/BasicZonePurple.prefab
  artifactKey: Guid(d02101df497c74a43a80cd5097338022) Importer(815301076,1909f56bfc062723c751e8b465ee728b)
Start importing Assets/ThirdParty/Epic Toon FX/Prefabs/Misc/Interactive/Zone/BasicZone/BasicZonePurple.prefab using Guid(d02101df497c74a43a80cd5097338022) Importer(815301076,1909f56bfc062723c751e8b465ee728b)  -> (artifact id: '18fe03761dd6fa8798e1ef012c946aa4') in 0.025634 seconds
Number of updated asset objects reloaded before import = 0
Number of asset objects unloaded after import = 21
========================================================================
Received Import Request.
  Time since last request: 0.000013 seconds.
  path: Assets/ThirdParty/Epic Toon FX/Prefabs/Misc/Interactive/Zone/BasicZone/BasicZoneWhite.prefab
  artifactKey: Guid(22c40b612022044449a3cead95148403) Importer(815301076,1909f56bfc062723c751e8b465ee728b)
Start importing Assets/ThirdParty/Epic Toon FX/Prefabs/Misc/Interactive/Zone/BasicZone/BasicZoneWhite.prefab using Guid(22c40b612022044449a3cead95148403) Importer(815301076,1909f56bfc062723c751e8b465ee728b)  -> (artifact id: 'b7e591e17ad52338969997b279948023') in 0.029124 seconds
Number of updated asset objects reloaded before import = 0
Number of asset objects unloaded after import = 21
========================================================================
Received Prepare
Begin MonoManager ReloadAssembly
- Loaded All Assemblies, in  0.475 seconds
Refreshing native plugins compatible for Editor in 3.53 ms, found 7 plugins.
Native extension for WindowsStandalone target not found
Native extension for Android target not found
[Package Manager] Server::EnsureServerProcessIsRunning -- launch failed, reason: Unity was launched with the -noUpm command-line argument
[Package Manager] UpmClient::Send -- Unable to send message (not connected to UPM process).
[Package Manager] Cannot connect to Unity Package Manager local server
Mono: successfully reloaded assembly
- Finished resetting the current domain, in  1.087 seconds
Domain Reload Profiling: 1560ms
	BeginReloadAssembly (179ms)
		ExecutionOrderSort (0ms)
		DisableScriptedObjects (6ms)
		BackupInstance (0ms)
		ReleaseScriptingObjects (0ms)
		CreateAndSetChildDomain (44ms)
	RebuildCommonClasses (41ms)
	RebuildNativeTypeToScriptingClass (16ms)
	initialDomainReloadingComplete (25ms)
	LoadAllAssembliesAndSetupDomain (212ms)
		LoadAssemblies (277ms)
		RebuildTransferFunctionScriptingTraits (0ms)
		AnalyzeDomain (30ms)
			TypeCache.Refresh (6ms)
				TypeCache.ScanAssembly (0ms)
			ScanForSourceGeneratedMonoScriptInfo (0ms)
			ResolveRequiredComponents (21ms)
	FinalizeReload (1088ms)
		ReleaseScriptCaches (0ms)
		RebuildScriptCaches (0ms)
		SetupLoadedEditorAssemblies (541ms)
			LogAssemblyErrors (0ms)
			InitializePlatformSupportModulesInManaged (28ms)
			SetLoadedEditorAssemblies (5ms)
			RefreshPlugins (0ms)
			BeforeProcessingInitializeOnLoad (95ms)
			ProcessInitializeOnLoadAttributes (372ms)
			ProcessInitializeOnLoadMethodAttributes (34ms)
			AfterProcessingInitializeOnLoad (6ms)
			EditorAssembliesLoaded (0ms)
		ExecutionOrderSort2 (0ms)
		AwakeInstancesAfterBackupRestoration (9ms)
Shader 'MoreMountains/MMRipple': fallback shader 'Particle/AlphaBlended' not found
Refreshing native plugins compatible for Editor in 4.35 ms, found 7 plugins.
Preloading 0 native plugins for Editor in 0.00 ms.
Unloading 5001 Unused Serialized files (Serialized files now loaded: 0)
Unloading 57 unused Assets / (1.7 MB). Loaded Objects now: 5761.
Memory consumption went from 369.8 MB to 368.0 MB.
Total: 5.674600 ms (FindLiveObjects: 0.446700 ms CreateObjectMapping: 0.505700 ms MarkObjects: 3.466700 ms  DeleteObjects: 1.254600 ms)

Prepare: number of updated asset objects reloaded= 0
AssetImportParameters requested are different than current active one (requested -> active):
  custom:scripting/monoscript/fileName/ETFXLoopScript.cs: 4392199dbfd6d3b5bd95d917e63f7b7c -> d5bc634ada6d0fb61f6dc312af0d35d8
  custom:container-demuxer-ogg: 62fdf1f143b41e24485cea50d1cbac27 -> 
  custom:video-codec-MediaFoundation-h265: 746d11721c4dcdbdad8f713fa42b33f4 -> 
  custom:video-decoder-ogg-theora: a1e56fd34408186e4bbccfd4996cb3dc -> 
  custom:framework-win-MediaFoundation: 216162199b28c13a410421893ffa2e32 -> 
  custom:scripting/monoscript/fileName/ETFXRotation.cs: 74c758b096ccc015ecc0b543e025d32f -> e343bb3cdc2d115200128a669b71dda1
  custom:scripting/monoscript/fileName/ETFXTarget.cs: ad09be64d07fe8ab15ea3df3041afe33 -> c04ff8e5450f1152d1f50a47046a7522
  custom:scripting/monoscript/fileName/ETFXMouseOrbit.cs: 2c256cdcc1004b2d89ad6216ce6f48ce -> 654fedd2040686dffcba3ab26348e73a
  custom:scripting/monoscript/fileName/PEButtonScript.cs: 1196c7824c32320b807ca3d248e82337 -> bf6c80445f44505babe53d9f3e6c71a8
  custom:scripting/monoscript/fileName/ETFXPitchRandomizer.cs: 5f93baac467b5aad804964f6f5c855d3 -> 5e0812fb099c455198fae606e4820674
  custom:CustomObjectIndexerAttribute: 756ad292c208cfabdd7b50bc23989ffe -> 
  custom:container-demuxer-webm: 4f35f7cbe854078d1ac9338744f61a02 -> 
  custom:scripting/monoscript/fileName/ETFXSceneManager.cs: fd89b14cfaa86424da64a78d3cc928bd -> 9146f3552534435a5b54b9657a6eaacd
  custom:container-muxer-webm: aa71ff27fc2769a1b78a27578f13a17b -> 
  custom:video-decoder-webm-vp8: 9c59270c3fd7afecdb556c50c9e8de78 -> 
  custom:SearchIndexIgnoredProperties: e643bd26f0fe6173181afceb89e7c659 -> 
  custom:AudioImporter_EditorPlatform: d09bf68614088b80899f8185d706f6e7 -> 
  custom:scripting/monoscript/fileName/UICanvasManager.cs: 5aab136b4eea2569aa2aed1e7de128ee -> ad5d5df5b0e004a8bd01e6144db352c4
  custom:scripting/monoscript/fileName/ETFXLightFade.cs: 8adc4a249aece59aef9b7f4a8f8629eb -> bc15e838f9d3884226cb2e9af0c78277
  custom:scripting/monoscript/fileName/ETFXProjectileScript.cs: ad4e5185dd169c5daa1ccc4c9f735f7c -> 91e6ec5b2311ff6de4abc8636a61f0dc
  custom:video-encoder-webm-vp8: eb34c28f22e8b96e1ab97ce403110664 -> 
  custom:audio-decoder-ogg-vorbis: bf7c407c2cedff20999df2af8eb42d56 -> 
  custom:scripting/monoscript/fileName/ETFXFireProjectile.cs: 4a8f4cc37966f793dd786ff73ce40e16 -> 848ec65e1ca5a78b8976353fa3b86db5
  custom:scripting/monoscript/fileName/ETFXButtonScript.cs: 72e9c0fa11c1debacc9e5b71ea9f9526 -> ed5b95a3380373270aaebfcd2475e74c
  custom:audio-encoder-webm-vorbis: bf7c407c2cedff20999df2af8eb42d56 -> 
  custom:scripting/monoscript/fileName/ParticleEffectsLibrary.cs: 412580748e6eff2b9440bcfa77c1a309 -> 3a37ad8c45f2dea0089853c8f2c9d55f
Editor requested this worker to shutdown with reason: Scaling down because of idle timeout
TcpMessagingSession - receive error: operation aborted. errorcode: 995, details:  /   -       .
AssetImportWorker is now disconnected from the server
Process exiting
Exiting without the bug reporter. Application will terminate with return code 0